2024-07-18 12:32:21 [main] INFO  c.m.d.e.q.s.ElasticQueryServiceApplication - Starting ElasticQueryServiceApplication using Java 11.0.23 on kelsonthony with PID 307511 (/home/kelson/projects/microservices-demo/elastic-query-service/target/classes started by kelson in /home/kelson/projects/microservices-demo)
2024-07-18 12:32:21 [main] INFO  c.m.d.e.q.s.ElasticQueryServiceApplication - The following profiles are active: elastic_query
2024-07-18 12:32:21 [main] INFO  o.s.b.c.config.ConfigDataLoader - Fetching config from server at : http://localhost:8888
2024-07-18 12:32:21 [main] INFO  o.s.b.c.config.ConfigDataLoader - Located environment: name=elastic-query-service,config-client, profiles=[elastic_query], label=null, version=d45c4e4358c3bd2f21679e6fbe393aa431d9b4f2, state=null
2024-07-18 12:32:22 [main] INFO  o.s.d.r.c.RepositoryConfigurationDelegate - Bootstrapping Spring Data Elasticsearch repositories in DEFAULT mode.
2024-07-18 12:32:22 [main] INFO  o.s.d.r.c.RepositoryConfigurationDelegate - Finished Spring Data repository scanning in 71 ms. Found 1 Elasticsearch repository interfaces.
2024-07-18 12:32:22 [main] INFO  o.s.d.r.c.RepositoryConfigurationDelegate - Bootstrapping Spring Data Reactive Elasticsearch repositories in DEFAULT mode.
2024-07-18 12:32:22 [main] INFO  o.s.d.r.c.RepositoryConfigurationDelegate - Finished Spring Data repository scanning in 4 ms. Found 0 Reactive Elasticsearch repository interfaces.
2024-07-18 12:32:23 [main] INFO  o.s.cloud.context.scope.GenericScope - BeanFactory id=9beaeee6-1c8f-31db-80bb-b945656952fc
2024-07-18 12:32:23 [main] INFO  o.s.b.w.e.tomcat.TomcatWebServer - Tomcat initialized with port(s): 8183 (http)
2024-07-18 12:32:23 [main] INFO  o.a.coyote.http11.Http11NioProtocol - Initializing ProtocolHandler ["http-nio-8183"]
2024-07-18 12:32:23 [main] INFO  o.a.catalina.core.StandardService - Starting service [Tomcat]
2024-07-18 12:32:23 [main] INFO  o.a.catalina.core.StandardEngine - Starting Servlet engine: [Apache Tomcat/9.0.50]
2024-07-18 12:32:23 [main] INFO  o.a.c.c.C.[.[.[/elastic-query-service] - Initializing Spring embedded WebApplicationContext
2024-07-18 12:32:23 [main] INFO  o.s.b.w.s.c.ServletWebServerApplicationContext - Root WebApplicationContext: initialization completed in 2011 ms
2024-07-18 12:32:24 [main] WARN  org.elasticsearch.client.RestClient - request [GET http://localhost:9200/] returned 1 warnings: [299 Elasticsearch-7.13.4-c5f60e894ca0c61cdbae4f5a686d9f08bcefc942 "Elasticsearch built-in security features are not enabled. Without authentication, your cluster could be accessible to anyone. See https://www.elastic.co/guide/en/elasticsearch/reference/7.13/security-minimal-setup.html to enable security."]
2024-07-18 12:32:24 [main] INFO  o.s.d.e.support.VersionInfo - Version Spring Data Elasticsearch: 4.2.3
2024-07-18 12:32:24 [main] INFO  o.s.d.e.support.VersionInfo - Version Elasticsearch Client in build: 7.12.1
2024-07-18 12:32:24 [main] INFO  o.s.d.e.support.VersionInfo - Version Elasticsearch Client used: 7.13.4
2024-07-18 12:32:24 [main] WARN  o.s.d.e.support.VersionInfo - Version mismatch in between Elasticsearch Clients build/use: 7.12.1 - 7.13.4
2024-07-18 12:32:24 [main] INFO  o.s.d.e.support.VersionInfo - Version Elasticsearch cluster: 7.13.4
2024-07-18 12:32:24 [main] WARN  org.elasticsearch.client.RestClient - request [HEAD http://localhost:9200/twitter-index?ignore_throttled=false&ignore_unavailable=false&expand_wildcards=open%2Cclosed&allow_no_indices=false] returned 1 warnings: [299 Elasticsearch-7.13.4-c5f60e894ca0c61cdbae4f5a686d9f08bcefc942 "Elasticsearch built-in security features are not enabled. Without authentication, your cluster could be accessible to anyone. See https://www.elastic.co/guide/en/elasticsearch/reference/7.13/security-minimal-setup.html to enable security."]
2024-07-18 12:32:24 [main] INFO  o.s.s.web.DefaultSecurityFilterChain - Will secure any request with [org.springframework.security.web.context.request.async.WebAsyncManagerIntegrationFilter@36cfe107, org.springframework.security.web.context.SecurityContextPersistenceFilter@7d537616, org.springframework.security.web.header.HeaderWriterFilter@3c27f72, org.springframework.security.web.authentication.logout.LogoutFilter@6253e59a, org.springframework.security.web.authentication.www.BasicAuthenticationFilter@4cd7e993, org.springframework.security.web.savedrequest.RequestCacheAwareFilter@19d27c27, org.springframework.security.web.servletapi.SecurityContextHolderAwareRequestFilter@74bbc273, org.springframework.security.web.authentication.AnonymousAuthenticationFilter@100eeedc, org.springframework.security.web.session.SessionManagementFilter@11ad095c, org.springframework.security.web.access.ExceptionTranslationFilter@46524ebe, org.springframework.security.web.access.intercept.FilterSecurityInterceptor@44976b08]
2024-07-18 12:32:25 [main] INFO  o.a.coyote.http11.Http11NioProtocol - Starting ProtocolHandler ["http-nio-8183"]
2024-07-18 12:32:25 [main] INFO  o.s.b.w.e.tomcat.TomcatWebServer - Tomcat started on port(s): 8183 (http) with context path '/elastic-query-service'
2024-07-18 12:32:25 [main] INFO  c.m.d.e.q.s.ElasticQueryServiceApplication - Started ElasticQueryServiceApplication in 6.247 seconds (JVM running for 7.913)
2024-07-18 12:33:07 [http-nio-8183-exec-1] INFO  o.a.c.c.C.[.[.[/elastic-query-service] - Initializing Spring DispatcherServlet 'dispatcherServlet'
2024-07-18 12:33:07 [http-nio-8183-exec-1] INFO  o.s.web.servlet.DispatcherServlet - Initializing Servlet 'dispatcherServlet'
2024-07-18 12:33:07 [http-nio-8183-exec-1] INFO  o.s.web.servlet.DispatcherServlet - Completed initialization in 2 ms
2024-07-18 12:33:08 [http-nio-8183-exec-1] INFO  c.m.d.e.q.s.b.i.TwiterElasticQueryService - Querying elastic search by text: test
2024-07-18 12:33:08 [http-nio-8183-exec-1] WARN  org.elasticsearch.client.RestClient - request [POST http://localhost:9200/twitter-index/_search?typed_keys=true&max_concurrent_shard_requests=5&ignore_unavailable=false&expand_wildcards=open&allow_no_indices=true&ignore_throttled=true&search_type=dfs_query_then_fetch&batched_reduce_size=512&ccs_minimize_roundtrips=true] returned 1 warnings: [299 Elasticsearch-7.13.4-c5f60e894ca0c61cdbae4f5a686d9f08bcefc942 "Elasticsearch built-in security features are not enabled. Without authentication, your cluster could be accessible to anyone. See https://www.elastic.co/guide/en/elasticsearch/reference/7.13/security-minimal-setup.html to enable security."]
2024-07-18 12:33:08 [http-nio-8183-exec-1] WARN  org.elasticsearch.client.RestClient - request [POST http://localhost:9200/twitter-index/_search?typed_keys=true&max_concurrent_shard_requests=5&ignore_unavailable=false&expand_wildcards=open&allow_no_indices=true&ignore_throttled=true&search_type=dfs_query_then_fetch&batched_reduce_size=512&ccs_minimize_roundtrips=true] returned 1 warnings: [299 Elasticsearch-7.13.4-c5f60e894ca0c61cdbae4f5a686d9f08bcefc942 "Elasticsearch built-in security features are not enabled. Without authentication, your cluster could be accessible to anyone. See https://www.elastic.co/guide/en/elasticsearch/reference/7.13/security-minimal-setup.html to enable security."]
2024-07-18 12:33:08 [http-nio-8183-exec-1] INFO  c.m.d.e.q.c.s.i.TwitterElasticRepositoryQueryClient - 3 of documents with text test retrieved successfully
2024-07-18 12:33:08 [http-nio-8183-exec-1] INFO  c.m.d.e.q.s.a.ElasticDocumentController - Elasticsearch returned 3 of documents
2024-07-18 12:33:29 [http-nio-8183-exec-3] INFO  c.m.d.e.q.s.b.i.TwiterElasticQueryService - Querying elastic search by text: test
2024-07-18 12:33:29 [http-nio-8183-exec-3] WARN  org.elasticsearch.client.RestClient - request [POST http://localhost:9200/twitter-index/_search?typed_keys=true&max_concurrent_shard_requests=5&ignore_unavailable=false&expand_wildcards=open&allow_no_indices=true&ignore_throttled=true&search_type=dfs_query_then_fetch&batched_reduce_size=512&ccs_minimize_roundtrips=true] returned 1 warnings: [299 Elasticsearch-7.13.4-c5f60e894ca0c61cdbae4f5a686d9f08bcefc942 "Elasticsearch built-in security features are not enabled. Without authentication, your cluster could be accessible to anyone. See https://www.elastic.co/guide/en/elasticsearch/reference/7.13/security-minimal-setup.html to enable security."]
2024-07-18 12:33:29 [http-nio-8183-exec-3] WARN  org.elasticsearch.client.RestClient - request [POST http://localhost:9200/twitter-index/_search?typed_keys=true&max_concurrent_shard_requests=5&ignore_unavailable=false&expand_wildcards=open&allow_no_indices=true&ignore_throttled=true&search_type=dfs_query_then_fetch&batched_reduce_size=512&ccs_minimize_roundtrips=true] returned 1 warnings: [299 Elasticsearch-7.13.4-c5f60e894ca0c61cdbae4f5a686d9f08bcefc942 "Elasticsearch built-in security features are not enabled. Without authentication, your cluster could be accessible to anyone. See https://www.elastic.co/guide/en/elasticsearch/reference/7.13/security-minimal-setup.html to enable security."]
2024-07-18 12:33:29 [http-nio-8183-exec-3] INFO  c.m.d.e.q.c.s.i.TwitterElasticRepositoryQueryClient - 3 of documents with text test retrieved successfully
2024-07-18 12:33:29 [http-nio-8183-exec-3] INFO  c.m.d.e.q.s.a.ElasticDocumentController - Elasticsearch returned 3 of documents
2024-07-18 12:33:57 [http-nio-8183-exec-4] INFO  c.m.d.e.q.s.b.i.TwiterElasticQueryService - Querying elastic search for document with id: 1
2024-07-18 12:33:57 [http-nio-8183-exec-4] WARN  org.elasticsearch.client.RestClient - request [GET http://localhost:9200/twitter-index/_doc/1] returned 1 warnings: [299 Elasticsearch-7.13.4-c5f60e894ca0c61cdbae4f5a686d9f08bcefc942 "Elasticsearch built-in security features are not enabled. Without authentication, your cluster could be accessible to anyone. See https://www.elastic.co/guide/en/elasticsearch/reference/7.13/security-minimal-setup.html to enable security."]
2024-07-18 12:33:57 [http-nio-8183-exec-4] INFO  c.m.d.e.q.c.s.i.TwitterElasticRepositoryQueryClient - Document with id: 1 retrieved successfully
2024-07-18 12:34:02 [http-nio-8183-exec-5] INFO  c.m.d.e.q.s.b.i.TwiterElasticQueryService - Querying elastic search for document with id: 2
2024-07-18 12:34:02 [http-nio-8183-exec-5] WARN  org.elasticsearch.client.RestClient - request [GET http://localhost:9200/twitter-index/_doc/2] returned 1 warnings: [299 Elasticsearch-7.13.4-c5f60e894ca0c61cdbae4f5a686d9f08bcefc942 "Elasticsearch built-in security features are not enabled. Without authentication, your cluster could be accessible to anyone. See https://www.elastic.co/guide/en/elasticsearch/reference/7.13/security-minimal-setup.html to enable security."]
2024-07-18 12:34:02 [http-nio-8183-exec-5] INFO  c.m.d.e.q.c.s.i.TwitterElasticRepositoryQueryClient - Document with id: 2 retrieved successfully
2024-07-18 12:34:28 [http-nio-8183-exec-6] INFO  c.m.d.e.q.s.b.i.TwiterElasticQueryService - Querying all documents in elastic search
2024-07-18 12:34:28 [http-nio-8183-exec-6] WARN  org.elasticsearch.client.RestClient - request [POST http://localhost:9200/twitter-index/_search?typed_keys=true&max_concurrent_shard_requests=5&ignore_unavailable=false&expand_wildcards=open&allow_no_indices=true&ignore_throttled=true&search_type=dfs_query_then_fetch&batched_reduce_size=512&ccs_minimize_roundtrips=true] returned 1 warnings: [299 Elasticsearch-7.13.4-c5f60e894ca0c61cdbae4f5a686d9f08bcefc942 "Elasticsearch built-in security features are not enabled. Without authentication, your cluster could be accessible to anyone. See https://www.elastic.co/guide/en/elasticsearch/reference/7.13/security-minimal-setup.html to enable security."]
2024-07-18 12:34:29 [http-nio-8183-exec-6] WARN  org.elasticsearch.client.RestClient - request [POST http://localhost:9200/twitter-index/_search?typed_keys=true&max_concurrent_shard_requests=5&ignore_unavailable=false&expand_wildcards=open&allow_no_indices=true&ignore_throttled=true&search_type=dfs_query_then_fetch&batched_reduce_size=512&ccs_minimize_roundtrips=true] returned 1 warnings: [299 Elasticsearch-7.13.4-c5f60e894ca0c61cdbae4f5a686d9f08bcefc942 "Elasticsearch built-in security features are not enabled. Without authentication, your cluster could be accessible to anyone. See https://www.elastic.co/guide/en/elasticsearch/reference/7.13/security-minimal-setup.html to enable security."]
2024-07-18 12:34:29 [http-nio-8183-exec-6] INFO  c.m.d.e.q.c.s.i.TwitterElasticRepositoryQueryClient - 923 number of documents retrieved successfully
2024-07-18 12:34:29 [http-nio-8183-exec-6] INFO  c.m.d.e.q.s.a.ElasticDocumentController - Returning all documents
2024-07-18 12:34:43 [http-nio-8183-exec-8] INFO  c.m.d.e.q.s.b.i.TwiterElasticQueryService - Querying all documents in elastic search
2024-07-18 12:34:43 [http-nio-8183-exec-8] WARN  org.elasticsearch.client.RestClient - request [POST http://localhost:9200/twitter-index/_search?typed_keys=true&max_concurrent_shard_requests=5&ignore_unavailable=false&expand_wildcards=open&allow_no_indices=true&ignore_throttled=true&search_type=dfs_query_then_fetch&batched_reduce_size=512&ccs_minimize_roundtrips=true] returned 1 warnings: [299 Elasticsearch-7.13.4-c5f60e894ca0c61cdbae4f5a686d9f08bcefc942 "Elasticsearch built-in security features are not enabled. Without authentication, your cluster could be accessible to anyone. See https://www.elastic.co/guide/en/elasticsearch/reference/7.13/security-minimal-setup.html to enable security."]
2024-07-18 12:34:43 [http-nio-8183-exec-8] WARN  org.elasticsearch.client.RestClient - request [POST http://localhost:9200/twitter-index/_search?typed_keys=true&max_concurrent_shard_requests=5&ignore_unavailable=false&expand_wildcards=open&allow_no_indices=true&ignore_throttled=true&search_type=dfs_query_then_fetch&batched_reduce_size=512&ccs_minimize_roundtrips=true] returned 1 warnings: [299 Elasticsearch-7.13.4-c5f60e894ca0c61cdbae4f5a686d9f08bcefc942 "Elasticsearch built-in security features are not enabled. Without authentication, your cluster could be accessible to anyone. See https://www.elastic.co/guide/en/elasticsearch/reference/7.13/security-minimal-setup.html to enable security."]
2024-07-18 12:34:43 [http-nio-8183-exec-8] INFO  c.m.d.e.q.c.s.i.TwitterElasticRepositoryQueryClient - 925 number of documents retrieved successfully
2024-07-18 12:34:43 [http-nio-8183-exec-8] INFO  c.m.d.e.q.s.a.ElasticDocumentController - Returning all documents
