2024-07-25 15:51:31 [main] INFO  c.m.demo.config.server.ConfigServer - Starting ConfigServer using Java 11.0.23 on kelsonthony with PID 133458 (/home/kelson/projects/microservices-demo/config-server/target/classes started by kelson in /home/kelson/projects/microservices-demo)
2024-07-25 15:51:31 [main] INFO  c.m.demo.config.server.ConfigServer - No active profile set, falling back to default profiles: default
2024-07-25 15:51:31 [background-preinit] INFO  o.h.validator.internal.util.Version - HV000001: Hibernate Validator 6.2.0.Final
2024-07-25 15:51:34 [main] INFO  o.s.cloud.context.scope.GenericScope - BeanFactory id=c789c12f-ebf3-36e4-9bc3-cfe6e3c24f73
2024-07-25 15:51:34 [main] INFO  o.s.b.w.e.tomcat.TomcatWebServer - Tomcat initialized with port(s): 8888 (http)
2024-07-25 15:51:34 [main] INFO  o.a.coyote.http11.Http11NioProtocol - Initializing ProtocolHandler ["http-nio-8888"]
2024-07-25 15:51:34 [main] INFO  o.a.catalina.core.StandardService - Starting service [Tomcat]
2024-07-25 15:51:34 [main] INFO  o.a.catalina.core.StandardEngine - Starting Servlet engine: [Apache Tomcat/9.0.50]
2024-07-25 15:51:34 [main] INFO  o.a.c.c.C.[Tomcat].[localhost].[/] - Initializing Spring embedded WebApplicationContext
2024-07-25 15:51:34 [main] INFO  o.s.b.w.s.c.ServletWebServerApplicationContext - Root WebApplicationContext: initialization completed in 3100 ms
2024-07-25 15:51:35 [main] DEBUG o.s.c.c.s.s.GitCredentialsProviderFactory - Constructing UsernamePasswordCredentialsProvider for URI https://github.com/kelsonthony/spring-cloud-config-server-repository
2024-07-25 15:51:37 [main] INFO  o.s.s.web.DefaultSecurityFilterChain - Will secure Ant [pattern='/actuator/**'] with []
2024-07-25 15:51:37 [main] INFO  o.s.s.web.DefaultSecurityFilterChain - Will secure Ant [pattern='/encrypt/**'] with []
2024-07-25 15:51:37 [main] INFO  o.s.s.web.DefaultSecurityFilterChain - Will secure Ant [pattern='/decrypt/**'] with []
2024-07-25 15:51:37 [main] INFO  o.s.s.web.DefaultSecurityFilterChain - Will secure any request with [org.springframework.security.web.context.request.async.WebAsyncManagerIntegrationFilter@288409f0, org.springframework.security.web.context.SecurityContextPersistenceFilter@4fbe486c, org.springframework.security.web.header.HeaderWriterFilter@11c3ce6a, org.springframework.security.web.csrf.CsrfFilter@794d28a3, org.springframework.security.web.authentication.logout.LogoutFilter@2c1ea7be, org.springframework.security.web.authentication.UsernamePasswordAuthenticationFilter@4ffe3d42, org.springframework.security.web.authentication.ui.DefaultLoginPageGeneratingFilter@6dbbdf92, org.springframework.security.web.authentication.ui.DefaultLogoutPageGeneratingFilter@7d685f4e, org.springframework.security.web.authentication.www.BasicAuthenticationFilter@49e62b17, org.springframework.security.web.savedrequest.RequestCacheAwareFilter@636fccb0, org.springframework.security.web.servletapi.SecurityContextHolderAwareRequestFilter@7c4ca87c, org.springframework.security.web.authentication.AnonymousAuthenticationFilter@61eab26b, org.springframework.security.web.session.SessionManagementFilter@22899683, org.springframework.security.web.access.ExceptionTranslationFilter@2bb3f39e, org.springframework.security.web.access.intercept.FilterSecurityInterceptor@75a9cc24]
2024-07-25 15:51:37 [main] INFO  o.s.b.a.e.web.EndpointLinksResolver - Exposing 1 endpoint(s) beneath base path '/actuator'
2024-07-25 15:51:37 [main] INFO  o.a.coyote.http11.Http11NioProtocol - Starting ProtocolHandler ["http-nio-8888"]
2024-07-25 15:51:37 [main] INFO  o.s.b.w.e.tomcat.TomcatWebServer - Tomcat started on port(s): 8888 (http) with context path ''
2024-07-25 15:51:38 [main] INFO  o.s.cloud.commons.util.InetUtils - Cannot determine local hostname
2024-07-25 15:51:38 [main] INFO  c.m.demo.config.server.ConfigServer - Started ConfigServer in 8.404 seconds (JVM running for 10.263)
2024-07-25 15:51:38 [RMI TCP Connection(2)-127.0.0.1] INFO  o.a.c.c.C.[Tomcat].[localhost].[/] - Initializing Spring DispatcherServlet 'dispatcherServlet'
2024-07-25 15:51:38 [RMI TCP Connection(2)-127.0.0.1] INFO  o.s.web.servlet.DispatcherServlet - Initializing Servlet 'dispatcherServlet'
2024-07-25 15:51:38 [RMI TCP Connection(2)-127.0.0.1] INFO  o.s.web.servlet.DispatcherServlet - Completed initialization in 2 ms
2024-07-25 15:51:38 [RMI TCP Connection(1)-127.0.0.1] DEBUG o.s.c.c.s.s.GitCredentialsProviderFactory - Constructing UsernamePasswordCredentialsProvider for URI https://github.com/kelsonthony/spring-cloud-config-server-repository
2024-07-25 15:51:54 [http-nio-8888-exec-1] DEBUG o.s.c.c.s.s.GitCredentialsProviderFactory - Constructing UsernamePasswordCredentialsProvider for URI https://github.com/kelsonthony/spring-cloud-config-server-repository
2024-07-25 15:51:55 [http-nio-8888-exec-1] INFO  o.s.c.c.s.e.NativeEnvironmentRepository - Adding property source: Config resource 'file [/tmp/config-repo-986640290865782041/config-client-twitter_to_kafka.yml]' via location 'file:/tmp/config-repo-986640290865782041/'
2024-07-25 15:51:55 [http-nio-8888-exec-1] INFO  o.s.c.c.s.e.NativeEnvironmentRepository - Adding property source: Config resource 'file [/tmp/config-repo-986640290865782041/config-client.yml]' via location 'file:/tmp/config-repo-986640290865782041/'
2024-07-25 15:57:07 [http-nio-8888-exec-3] DEBUG o.s.c.c.s.s.GitCredentialsProviderFactory - Constructing UsernamePasswordCredentialsProvider for URI https://github.com/kelsonthony/spring-cloud-config-server-repository
2024-07-25 15:57:07 [http-nio-8888-exec-3] INFO  o.s.c.c.s.e.NativeEnvironmentRepository - Adding property source: Config resource 'file [/tmp/config-repo-986640290865782041/config-client-twitter_to_kafka.yml]' via location 'file:/tmp/config-repo-986640290865782041/'
2024-07-25 15:57:07 [http-nio-8888-exec-3] INFO  o.s.c.c.s.e.NativeEnvironmentRepository - Adding property source: Config resource 'file [/tmp/config-repo-986640290865782041/config-client.yml]' via location 'file:/tmp/config-repo-986640290865782041/'
2024-07-25 15:57:27 [http-nio-8888-exec-4] DEBUG o.s.c.c.s.s.GitCredentialsProviderFactory - Constructing UsernamePasswordCredentialsProvider for URI https://github.com/kelsonthony/spring-cloud-config-server-repository
2024-07-25 15:57:27 [http-nio-8888-exec-4] INFO  o.s.c.c.s.e.NativeEnvironmentRepository - Adding property source: Config resource 'file [/tmp/config-repo-986640290865782041/config-client-kafka_to_elastic.yml]' via location 'file:/tmp/config-repo-986640290865782041/'
2024-07-25 15:57:27 [http-nio-8888-exec-4] INFO  o.s.c.c.s.e.NativeEnvironmentRepository - Adding property source: Config resource 'file [/tmp/config-repo-986640290865782041/config-client.yml]' via location 'file:/tmp/config-repo-986640290865782041/'
2024-07-25 15:58:01 [http-nio-8888-exec-5] DEBUG o.s.c.c.s.s.GitCredentialsProviderFactory - Constructing UsernamePasswordCredentialsProvider for URI https://github.com/kelsonthony/spring-cloud-config-server-repository
2024-07-25 15:58:01 [http-nio-8888-exec-5] INFO  o.s.c.c.s.e.NativeEnvironmentRepository - Adding property source: Config resource 'file [/tmp/config-repo-986640290865782041/config-client-reactive_elastic_query.yml]' via location 'file:/tmp/config-repo-986640290865782041/'
2024-07-25 15:58:01 [http-nio-8888-exec-5] INFO  o.s.c.c.s.e.NativeEnvironmentRepository - Adding property source: Config resource 'file [/tmp/config-repo-986640290865782041/config-client.yml]' via location 'file:/tmp/config-repo-986640290865782041/'
