2024-07-18 12:32:21 [main] INFO  c.m.d.e.q.s.ElasticQueryServiceApplication - Starting ElasticQueryServiceApplication using Java 11.0.23 on kelsonthony with PID 307511 (/home/kelson/projects/microservices-demo/elastic-query-service/target/classes started by kelson in /home/kelson/projects/microservices-demo)
2024-07-18 12:32:21 [main] INFO  c.m.d.e.q.s.ElasticQueryServiceApplication - The following profiles are active: elastic_query
2024-07-18 12:32:21 [main] INFO  o.s.b.c.config.ConfigDataLoader - Fetching config from server at : http://localhost:8888
2024-07-18 12:32:21 [main] INFO  o.s.b.c.config.ConfigDataLoader - Located environment: name=elastic-query-service,config-client, profiles=[elastic_query], label=null, version=d45c4e4358c3bd2f21679e6fbe393aa431d9b4f2, state=null
2024-07-18 12:32:22 [main] INFO  o.s.d.r.c.RepositoryConfigurationDelegate - Bootstrapping Spring Data Elasticsearch repositories in DEFAULT mode.
2024-07-18 12:32:22 [main] INFO  o.s.d.r.c.RepositoryConfigurationDelegate - Finished Spring Data repository scanning in 71 ms. Found 1 Elasticsearch repository interfaces.
2024-07-18 12:32:22 [main] INFO  o.s.d.r.c.RepositoryConfigurationDelegate - Bootstrapping Spring Data Reactive Elasticsearch repositories in DEFAULT mode.
2024-07-18 12:32:22 [main] INFO  o.s.d.r.c.RepositoryConfigurationDelegate - Finished Spring Data repository scanning in 4 ms. Found 0 Reactive Elasticsearch repository interfaces.
2024-07-18 12:32:23 [main] INFO  o.s.cloud.context.scope.GenericScope - BeanFactory id=9beaeee6-1c8f-31db-80bb-b945656952fc
2024-07-18 12:32:23 [main] INFO  o.s.b.w.e.tomcat.TomcatWebServer - Tomcat initialized with port(s): 8183 (http)
2024-07-18 12:32:23 [main] INFO  o.a.coyote.http11.Http11NioProtocol - Initializing ProtocolHandler ["http-nio-8183"]
2024-07-18 12:32:23 [main] INFO  o.a.catalina.core.StandardService - Starting service [Tomcat]
2024-07-18 12:32:23 [main] INFO  o.a.catalina.core.StandardEngine - Starting Servlet engine: [Apache Tomcat/9.0.50]
2024-07-18 12:32:23 [main] INFO  o.a.c.c.C.[.[.[/elastic-query-service] - Initializing Spring embedded WebApplicationContext
2024-07-18 12:32:23 [main] INFO  o.s.b.w.s.c.ServletWebServerApplicationContext - Root WebApplicationContext: initialization completed in 2011 ms
2024-07-18 12:32:24 [main] WARN  org.elasticsearch.client.RestClient - request [GET http://localhost:9200/] returned 1 warnings: [299 Elasticsearch-7.13.4-c5f60e894ca0c61cdbae4f5a686d9f08bcefc942 "Elasticsearch built-in security features are not enabled. Without authentication, your cluster could be accessible to anyone. See https://www.elastic.co/guide/en/elasticsearch/reference/7.13/security-minimal-setup.html to enable security."]
2024-07-18 12:32:24 [main] INFO  o.s.d.e.support.VersionInfo - Version Spring Data Elasticsearch: 4.2.3
2024-07-18 12:32:24 [main] INFO  o.s.d.e.support.VersionInfo - Version Elasticsearch Client in build: 7.12.1
2024-07-18 12:32:24 [main] INFO  o.s.d.e.support.VersionInfo - Version Elasticsearch Client used: 7.13.4
2024-07-18 12:32:24 [main] WARN  o.s.d.e.support.VersionInfo - Version mismatch in between Elasticsearch Clients build/use: 7.12.1 - 7.13.4
2024-07-18 12:32:24 [main] INFO  o.s.d.e.support.VersionInfo - Version Elasticsearch cluster: 7.13.4
2024-07-18 12:32:24 [main] WARN  org.elasticsearch.client.RestClient - request [HEAD http://localhost:9200/twitter-index?ignore_throttled=false&ignore_unavailable=false&expand_wildcards=open%2Cclosed&allow_no_indices=false] returned 1 warnings: [299 Elasticsearch-7.13.4-c5f60e894ca0c61cdbae4f5a686d9f08bcefc942 "Elasticsearch built-in security features are not enabled. Without authentication, your cluster could be accessible to anyone. See https://www.elastic.co/guide/en/elasticsearch/reference/7.13/security-minimal-setup.html to enable security."]
2024-07-18 12:32:24 [main] INFO  o.s.s.web.DefaultSecurityFilterChain - Will secure any request with [org.springframework.security.web.context.request.async.WebAsyncManagerIntegrationFilter@36cfe107, org.springframework.security.web.context.SecurityContextPersistenceFilter@7d537616, org.springframework.security.web.header.HeaderWriterFilter@3c27f72, org.springframework.security.web.authentication.logout.LogoutFilter@6253e59a, org.springframework.security.web.authentication.www.BasicAuthenticationFilter@4cd7e993, org.springframework.security.web.savedrequest.RequestCacheAwareFilter@19d27c27, org.springframework.security.web.servletapi.SecurityContextHolderAwareRequestFilter@74bbc273, org.springframework.security.web.authentication.AnonymousAuthenticationFilter@100eeedc, org.springframework.security.web.session.SessionManagementFilter@11ad095c, org.springframework.security.web.access.ExceptionTranslationFilter@46524ebe, org.springframework.security.web.access.intercept.FilterSecurityInterceptor@44976b08]
2024-07-18 12:32:25 [main] INFO  o.a.coyote.http11.Http11NioProtocol - Starting ProtocolHandler ["http-nio-8183"]
2024-07-18 12:32:25 [main] INFO  o.s.b.w.e.tomcat.TomcatWebServer - Tomcat started on port(s): 8183 (http) with context path '/elastic-query-service'
2024-07-18 12:32:25 [main] INFO  c.m.d.e.q.s.ElasticQueryServiceApplication - Started ElasticQueryServiceApplication in 6.247 seconds (JVM running for 7.913)
2024-07-18 12:33:07 [http-nio-8183-exec-1] INFO  o.a.c.c.C.[.[.[/elastic-query-service] - Initializing Spring DispatcherServlet 'dispatcherServlet'
2024-07-18 12:33:07 [http-nio-8183-exec-1] INFO  o.s.web.servlet.DispatcherServlet - Initializing Servlet 'dispatcherServlet'
2024-07-18 12:33:07 [http-nio-8183-exec-1] INFO  o.s.web.servlet.DispatcherServlet - Completed initialization in 2 ms
2024-07-18 12:33:08 [http-nio-8183-exec-1] INFO  c.m.d.e.q.s.b.i.TwiterElasticQueryService - Querying elastic search by text: test
2024-07-18 12:33:08 [http-nio-8183-exec-1] WARN  org.elasticsearch.client.RestClient - request [POST http://localhost:9200/twitter-index/_search?typed_keys=true&max_concurrent_shard_requests=5&ignore_unavailable=false&expand_wildcards=open&allow_no_indices=true&ignore_throttled=true&search_type=dfs_query_then_fetch&batched_reduce_size=512&ccs_minimize_roundtrips=true] returned 1 warnings: [299 Elasticsearch-7.13.4-c5f60e894ca0c61cdbae4f5a686d9f08bcefc942 "Elasticsearch built-in security features are not enabled. Without authentication, your cluster could be accessible to anyone. See https://www.elastic.co/guide/en/elasticsearch/reference/7.13/security-minimal-setup.html to enable security."]
2024-07-18 12:33:08 [http-nio-8183-exec-1] WARN  org.elasticsearch.client.RestClient - request [POST http://localhost:9200/twitter-index/_search?typed_keys=true&max_concurrent_shard_requests=5&ignore_unavailable=false&expand_wildcards=open&allow_no_indices=true&ignore_throttled=true&search_type=dfs_query_then_fetch&batched_reduce_size=512&ccs_minimize_roundtrips=true] returned 1 warnings: [299 Elasticsearch-7.13.4-c5f60e894ca0c61cdbae4f5a686d9f08bcefc942 "Elasticsearch built-in security features are not enabled. Without authentication, your cluster could be accessible to anyone. See https://www.elastic.co/guide/en/elasticsearch/reference/7.13/security-minimal-setup.html to enable security."]
2024-07-18 12:33:08 [http-nio-8183-exec-1] INFO  c.m.d.e.q.c.s.i.TwitterElasticRepositoryQueryClient - 3 of documents with text test retrieved successfully
2024-07-18 12:33:08 [http-nio-8183-exec-1] INFO  c.m.d.e.q.s.a.ElasticDocumentController - Elasticsearch returned 3 of documents
2024-07-18 12:33:29 [http-nio-8183-exec-3] INFO  c.m.d.e.q.s.b.i.TwiterElasticQueryService - Querying elastic search by text: test
2024-07-18 12:33:29 [http-nio-8183-exec-3] WARN  org.elasticsearch.client.RestClient - request [POST http://localhost:9200/twitter-index/_search?typed_keys=true&max_concurrent_shard_requests=5&ignore_unavailable=false&expand_wildcards=open&allow_no_indices=true&ignore_throttled=true&search_type=dfs_query_then_fetch&batched_reduce_size=512&ccs_minimize_roundtrips=true] returned 1 warnings: [299 Elasticsearch-7.13.4-c5f60e894ca0c61cdbae4f5a686d9f08bcefc942 "Elasticsearch built-in security features are not enabled. Without authentication, your cluster could be accessible to anyone. See https://www.elastic.co/guide/en/elasticsearch/reference/7.13/security-minimal-setup.html to enable security."]
2024-07-18 12:33:29 [http-nio-8183-exec-3] WARN  org.elasticsearch.client.RestClient - request [POST http://localhost:9200/twitter-index/_search?typed_keys=true&max_concurrent_shard_requests=5&ignore_unavailable=false&expand_wildcards=open&allow_no_indices=true&ignore_throttled=true&search_type=dfs_query_then_fetch&batched_reduce_size=512&ccs_minimize_roundtrips=true] returned 1 warnings: [299 Elasticsearch-7.13.4-c5f60e894ca0c61cdbae4f5a686d9f08bcefc942 "Elasticsearch built-in security features are not enabled. Without authentication, your cluster could be accessible to anyone. See https://www.elastic.co/guide/en/elasticsearch/reference/7.13/security-minimal-setup.html to enable security."]
2024-07-18 12:33:29 [http-nio-8183-exec-3] INFO  c.m.d.e.q.c.s.i.TwitterElasticRepositoryQueryClient - 3 of documents with text test retrieved successfully
2024-07-18 12:33:29 [http-nio-8183-exec-3] INFO  c.m.d.e.q.s.a.ElasticDocumentController - Elasticsearch returned 3 of documents
2024-07-18 12:33:57 [http-nio-8183-exec-4] INFO  c.m.d.e.q.s.b.i.TwiterElasticQueryService - Querying elastic search for document with id: 1
2024-07-18 12:33:57 [http-nio-8183-exec-4] WARN  org.elasticsearch.client.RestClient - request [GET http://localhost:9200/twitter-index/_doc/1] returned 1 warnings: [299 Elasticsearch-7.13.4-c5f60e894ca0c61cdbae4f5a686d9f08bcefc942 "Elasticsearch built-in security features are not enabled. Without authentication, your cluster could be accessible to anyone. See https://www.elastic.co/guide/en/elasticsearch/reference/7.13/security-minimal-setup.html to enable security."]
2024-07-18 12:33:57 [http-nio-8183-exec-4] INFO  c.m.d.e.q.c.s.i.TwitterElasticRepositoryQueryClient - Document with id: 1 retrieved successfully
2024-07-18 12:34:02 [http-nio-8183-exec-5] INFO  c.m.d.e.q.s.b.i.TwiterElasticQueryService - Querying elastic search for document with id: 2
2024-07-18 12:34:02 [http-nio-8183-exec-5] WARN  org.elasticsearch.client.RestClient - request [GET http://localhost:9200/twitter-index/_doc/2] returned 1 warnings: [299 Elasticsearch-7.13.4-c5f60e894ca0c61cdbae4f5a686d9f08bcefc942 "Elasticsearch built-in security features are not enabled. Without authentication, your cluster could be accessible to anyone. See https://www.elastic.co/guide/en/elasticsearch/reference/7.13/security-minimal-setup.html to enable security."]
2024-07-18 12:34:02 [http-nio-8183-exec-5] INFO  c.m.d.e.q.c.s.i.TwitterElasticRepositoryQueryClient - Document with id: 2 retrieved successfully
2024-07-18 12:34:28 [http-nio-8183-exec-6] INFO  c.m.d.e.q.s.b.i.TwiterElasticQueryService - Querying all documents in elastic search
2024-07-18 12:34:28 [http-nio-8183-exec-6] WARN  org.elasticsearch.client.RestClient - request [POST http://localhost:9200/twitter-index/_search?typed_keys=true&max_concurrent_shard_requests=5&ignore_unavailable=false&expand_wildcards=open&allow_no_indices=true&ignore_throttled=true&search_type=dfs_query_then_fetch&batched_reduce_size=512&ccs_minimize_roundtrips=true] returned 1 warnings: [299 Elasticsearch-7.13.4-c5f60e894ca0c61cdbae4f5a686d9f08bcefc942 "Elasticsearch built-in security features are not enabled. Without authentication, your cluster could be accessible to anyone. See https://www.elastic.co/guide/en/elasticsearch/reference/7.13/security-minimal-setup.html to enable security."]
2024-07-18 12:34:29 [http-nio-8183-exec-6] WARN  org.elasticsearch.client.RestClient - request [POST http://localhost:9200/twitter-index/_search?typed_keys=true&max_concurrent_shard_requests=5&ignore_unavailable=false&expand_wildcards=open&allow_no_indices=true&ignore_throttled=true&search_type=dfs_query_then_fetch&batched_reduce_size=512&ccs_minimize_roundtrips=true] returned 1 warnings: [299 Elasticsearch-7.13.4-c5f60e894ca0c61cdbae4f5a686d9f08bcefc942 "Elasticsearch built-in security features are not enabled. Without authentication, your cluster could be accessible to anyone. See https://www.elastic.co/guide/en/elasticsearch/reference/7.13/security-minimal-setup.html to enable security."]
2024-07-18 12:34:29 [http-nio-8183-exec-6] INFO  c.m.d.e.q.c.s.i.TwitterElasticRepositoryQueryClient - 923 number of documents retrieved successfully
2024-07-18 12:34:29 [http-nio-8183-exec-6] INFO  c.m.d.e.q.s.a.ElasticDocumentController - Returning all documents
2024-07-18 12:34:43 [http-nio-8183-exec-8] INFO  c.m.d.e.q.s.b.i.TwiterElasticQueryService - Querying all documents in elastic search
2024-07-18 12:34:43 [http-nio-8183-exec-8] WARN  org.elasticsearch.client.RestClient - request [POST http://localhost:9200/twitter-index/_search?typed_keys=true&max_concurrent_shard_requests=5&ignore_unavailable=false&expand_wildcards=open&allow_no_indices=true&ignore_throttled=true&search_type=dfs_query_then_fetch&batched_reduce_size=512&ccs_minimize_roundtrips=true] returned 1 warnings: [299 Elasticsearch-7.13.4-c5f60e894ca0c61cdbae4f5a686d9f08bcefc942 "Elasticsearch built-in security features are not enabled. Without authentication, your cluster could be accessible to anyone. See https://www.elastic.co/guide/en/elasticsearch/reference/7.13/security-minimal-setup.html to enable security."]
2024-07-18 12:34:43 [http-nio-8183-exec-8] WARN  org.elasticsearch.client.RestClient - request [POST http://localhost:9200/twitter-index/_search?typed_keys=true&max_concurrent_shard_requests=5&ignore_unavailable=false&expand_wildcards=open&allow_no_indices=true&ignore_throttled=true&search_type=dfs_query_then_fetch&batched_reduce_size=512&ccs_minimize_roundtrips=true] returned 1 warnings: [299 Elasticsearch-7.13.4-c5f60e894ca0c61cdbae4f5a686d9f08bcefc942 "Elasticsearch built-in security features are not enabled. Without authentication, your cluster could be accessible to anyone. See https://www.elastic.co/guide/en/elasticsearch/reference/7.13/security-minimal-setup.html to enable security."]
2024-07-18 12:34:43 [http-nio-8183-exec-8] INFO  c.m.d.e.q.c.s.i.TwitterElasticRepositoryQueryClient - 925 number of documents retrieved successfully
2024-07-18 12:34:43 [http-nio-8183-exec-8] INFO  c.m.d.e.q.s.a.ElasticDocumentController - Returning all documents
2024-07-18 17:54:04 [background-preinit] INFO  o.h.validator.internal.util.Version - HV000001: Hibernate Validator 6.2.0.Final
2024-07-18 17:54:04 [main] INFO  c.m.d.e.q.s.ElasticQueryServiceApplication - Starting ElasticQueryServiceApplication using Java 11.0.23 on kelsonthony with PID 22482 (/home/kelson/projects/microservices-demo/elastic-query-service/target/classes started by kelson in /home/kelson/projects/microservices-demo)
2024-07-18 17:54:04 [main] INFO  c.m.d.e.q.s.ElasticQueryServiceApplication - The following profiles are active: elastic_query
2024-07-18 17:54:04 [main] INFO  o.s.b.c.config.ConfigDataLoader - Fetching config from server at : http://localhost:8888
2024-07-18 17:54:04 [main] INFO  o.s.b.c.config.ConfigDataLoader - Located environment: name=elastic-query-service,config-client, profiles=[elastic_query], label=null, version=d45c4e4358c3bd2f21679e6fbe393aa431d9b4f2, state=null
2024-07-18 17:54:05 [main] INFO  o.s.d.r.c.RepositoryConfigurationDelegate - Bootstrapping Spring Data Elasticsearch repositories in DEFAULT mode.
2024-07-18 17:54:05 [main] INFO  o.s.d.r.c.RepositoryConfigurationDelegate - Finished Spring Data repository scanning in 71 ms. Found 1 Elasticsearch repository interfaces.
2024-07-18 17:54:06 [main] INFO  o.s.d.r.c.RepositoryConfigurationDelegate - Bootstrapping Spring Data Reactive Elasticsearch repositories in DEFAULT mode.
2024-07-18 17:54:06 [main] INFO  o.s.d.r.c.RepositoryConfigurationDelegate - Finished Spring Data repository scanning in 3 ms. Found 0 Reactive Elasticsearch repository interfaces.
2024-07-18 17:54:06 [main] INFO  o.s.cloud.context.scope.GenericScope - BeanFactory id=aa1aec3e-c5a0-384f-b59f-1bf73965de3b
2024-07-18 17:54:06 [main] INFO  o.s.b.w.e.tomcat.TomcatWebServer - Tomcat initialized with port(s): 8183 (http)
2024-07-18 17:54:07 [main] INFO  o.a.coyote.http11.Http11NioProtocol - Initializing ProtocolHandler ["http-nio-8183"]
2024-07-18 17:54:07 [main] INFO  o.a.catalina.core.StandardService - Starting service [Tomcat]
2024-07-18 17:54:07 [main] INFO  o.a.catalina.core.StandardEngine - Starting Servlet engine: [Apache Tomcat/9.0.50]
2024-07-18 17:54:07 [main] INFO  o.a.c.c.C.[.[.[/elastic-query-service] - Initializing Spring embedded WebApplicationContext
2024-07-18 17:54:07 [main] INFO  o.s.b.w.s.c.ServletWebServerApplicationContext - Root WebApplicationContext: initialization completed in 2387 ms
2024-07-18 17:54:07 [main] WARN  org.elasticsearch.client.RestClient - request [GET http://localhost:9200/] returned 1 warnings: [299 Elasticsearch-7.13.4-c5f60e894ca0c61cdbae4f5a686d9f08bcefc942 "Elasticsearch built-in security features are not enabled. Without authentication, your cluster could be accessible to anyone. See https://www.elastic.co/guide/en/elasticsearch/reference/7.13/security-minimal-setup.html to enable security."]
2024-07-18 17:54:07 [main] INFO  o.s.d.e.support.VersionInfo - Version Spring Data Elasticsearch: 4.2.3
2024-07-18 17:54:07 [main] INFO  o.s.d.e.support.VersionInfo - Version Elasticsearch Client in build: 7.12.1
2024-07-18 17:54:07 [main] INFO  o.s.d.e.support.VersionInfo - Version Elasticsearch Client used: 7.13.4
2024-07-18 17:54:07 [main] WARN  o.s.d.e.support.VersionInfo - Version mismatch in between Elasticsearch Clients build/use: 7.12.1 - 7.13.4
2024-07-18 17:54:07 [main] INFO  o.s.d.e.support.VersionInfo - Version Elasticsearch cluster: 7.13.4
2024-07-18 17:54:08 [main] WARN  org.elasticsearch.client.RestClient - request [HEAD http://localhost:9200/twitter-index?ignore_throttled=false&ignore_unavailable=false&expand_wildcards=open%2Cclosed&allow_no_indices=false] returned 1 warnings: [299 Elasticsearch-7.13.4-c5f60e894ca0c61cdbae4f5a686d9f08bcefc942 "Elasticsearch built-in security features are not enabled. Without authentication, your cluster could be accessible to anyone. See https://www.elastic.co/guide/en/elasticsearch/reference/7.13/security-minimal-setup.html to enable security."]
2024-07-18 17:54:08 [main] INFO  o.s.s.web.DefaultSecurityFilterChain - Will secure any request with [org.springframework.security.web.context.request.async.WebAsyncManagerIntegrationFilter@3c64339f, org.springframework.security.web.context.SecurityContextPersistenceFilter@553fbe94, org.springframework.security.web.header.HeaderWriterFilter@11c3d22f, org.springframework.security.web.authentication.logout.LogoutFilter@6630dd28, org.springframework.security.web.authentication.www.BasicAuthenticationFilter@70d687b8, org.springframework.security.web.savedrequest.RequestCacheAwareFilter@1f60824e, org.springframework.security.web.servletapi.SecurityContextHolderAwareRequestFilter@545604a9, org.springframework.security.web.authentication.AnonymousAuthenticationFilter@579f3c8e, org.springframework.security.web.session.SessionManagementFilter@121cf6f4, org.springframework.security.web.access.ExceptionTranslationFilter@3fef1e6b, org.springframework.security.web.access.intercept.FilterSecurityInterceptor@5fb44964]
2024-07-18 17:54:09 [main] INFO  o.a.coyote.http11.Http11NioProtocol - Starting ProtocolHandler ["http-nio-8183"]
2024-07-18 17:54:09 [main] INFO  o.s.b.w.e.tomcat.TomcatWebServer - Tomcat started on port(s): 8183 (http) with context path '/elastic-query-service'
2024-07-18 17:54:09 [main] INFO  c.m.d.e.q.s.ElasticQueryServiceApplication - Started ElasticQueryServiceApplication in 7.555 seconds (JVM running for 10.068)
2024-07-18 17:54:32 [http-nio-8183-exec-2] INFO  o.a.c.c.C.[.[.[/elastic-query-service] - Initializing Spring DispatcherServlet 'dispatcherServlet'
2024-07-18 17:54:32 [http-nio-8183-exec-2] INFO  o.s.web.servlet.DispatcherServlet - Initializing Servlet 'dispatcherServlet'
2024-07-18 17:54:32 [http-nio-8183-exec-2] INFO  o.s.web.servlet.DispatcherServlet - Completed initialization in 1 ms
2024-07-18 17:54:32 [http-nio-8183-exec-2] INFO  c.m.d.e.q.s.b.i.TwiterElasticQueryService - Querying all documents in elastic search
2024-07-18 17:54:33 [http-nio-8183-exec-2] WARN  org.elasticsearch.client.RestClient - request [POST http://localhost:9200/twitter-index/_search?typed_keys=true&max_concurrent_shard_requests=5&ignore_unavailable=false&expand_wildcards=open&allow_no_indices=true&ignore_throttled=true&search_type=dfs_query_then_fetch&batched_reduce_size=512&ccs_minimize_roundtrips=true] returned 1 warnings: [299 Elasticsearch-7.13.4-c5f60e894ca0c61cdbae4f5a686d9f08bcefc942 "Elasticsearch built-in security features are not enabled. Without authentication, your cluster could be accessible to anyone. See https://www.elastic.co/guide/en/elasticsearch/reference/7.13/security-minimal-setup.html to enable security."]
2024-07-18 17:54:33 [http-nio-8183-exec-2] WARN  org.elasticsearch.client.RestClient - request [POST http://localhost:9200/twitter-index/_search?typed_keys=true&max_concurrent_shard_requests=5&ignore_unavailable=false&expand_wildcards=open&allow_no_indices=true&ignore_throttled=true&search_type=dfs_query_then_fetch&batched_reduce_size=512&ccs_minimize_roundtrips=true] returned 1 warnings: [299 Elasticsearch-7.13.4-c5f60e894ca0c61cdbae4f5a686d9f08bcefc942 "Elasticsearch built-in security features are not enabled. Without authentication, your cluster could be accessible to anyone. See https://www.elastic.co/guide/en/elasticsearch/reference/7.13/security-minimal-setup.html to enable security."]
2024-07-18 17:54:33 [http-nio-8183-exec-2] INFO  c.m.d.e.q.c.s.i.TwitterElasticRepositoryQueryClient - 937 number of documents retrieved successfully
2024-07-18 17:54:34 [http-nio-8183-exec-2] INFO  c.m.d.e.q.s.a.ElasticDocumentController - Returning all documents
2024-07-18 17:55:05 [http-nio-8183-exec-4] INFO  c.m.d.e.q.s.b.i.TwiterElasticQueryService - Querying elastic search for document with id: 5006173563387855675
2024-07-18 17:55:05 [http-nio-8183-exec-4] WARN  org.elasticsearch.client.RestClient - request [GET http://localhost:9200/twitter-index/_doc/5006173563387855675] returned 1 warnings: [299 Elasticsearch-7.13.4-c5f60e894ca0c61cdbae4f5a686d9f08bcefc942 "Elasticsearch built-in security features are not enabled. Without authentication, your cluster could be accessible to anyone. See https://www.elastic.co/guide/en/elasticsearch/reference/7.13/security-minimal-setup.html to enable security."]
2024-07-18 17:55:05 [http-nio-8183-exec-4] INFO  c.m.d.e.q.c.s.i.TwitterElasticRepositoryQueryClient - Document with id: 5006173563387855675 retrieved successfully
2024-07-19 11:09:14 [main] INFO  c.m.d.e.q.s.ElasticQueryServiceApplication - Starting ElasticQueryServiceApplication using Java 11.0.23 on kelsonthony with PID 30125 (/home/kelson/projects/microservices-demo/elastic-query-service/target/classes started by kelson in /home/kelson/projects/microservices-demo)
2024-07-19 11:09:14 [main] INFO  c.m.d.e.q.s.ElasticQueryServiceApplication - The following profiles are active: elastic_query
2024-07-19 11:09:14 [background-preinit] INFO  o.h.validator.internal.util.Version - HV000001: Hibernate Validator 6.2.0.Final
2024-07-19 11:09:15 [main] INFO  o.s.b.c.config.ConfigDataLoader - Fetching config from server at : http://localhost:8888
2024-07-19 11:09:15 [main] INFO  o.s.b.c.config.ConfigDataLoader - Located environment: name=elastic-query-service,config-client, profiles=[elastic_query], label=null, version=d45c4e4358c3bd2f21679e6fbe393aa431d9b4f2, state=null
2024-07-19 11:09:16 [main] INFO  o.s.d.r.c.RepositoryConfigurationDelegate - Bootstrapping Spring Data Elasticsearch repositories in DEFAULT mode.
2024-07-19 11:09:16 [main] INFO  o.s.d.r.c.RepositoryConfigurationDelegate - Finished Spring Data repository scanning in 79 ms. Found 1 Elasticsearch repository interfaces.
2024-07-19 11:09:16 [main] INFO  o.s.d.r.c.RepositoryConfigurationDelegate - Bootstrapping Spring Data Reactive Elasticsearch repositories in DEFAULT mode.
2024-07-19 11:09:16 [main] INFO  o.s.d.r.c.RepositoryConfigurationDelegate - Finished Spring Data repository scanning in 6 ms. Found 0 Reactive Elasticsearch repository interfaces.
2024-07-19 11:09:16 [main] INFO  o.s.cloud.context.scope.GenericScope - BeanFactory id=aa1aec3e-c5a0-384f-b59f-1bf73965de3b
2024-07-19 11:09:17 [main] INFO  o.s.b.w.e.tomcat.TomcatWebServer - Tomcat initialized with port(s): 8183 (http)
2024-07-19 11:09:17 [main] INFO  o.a.coyote.http11.Http11NioProtocol - Initializing ProtocolHandler ["http-nio-8183"]
2024-07-19 11:09:17 [main] INFO  o.a.catalina.core.StandardService - Starting service [Tomcat]
2024-07-19 11:09:17 [main] INFO  o.a.catalina.core.StandardEngine - Starting Servlet engine: [Apache Tomcat/9.0.50]
2024-07-19 11:09:17 [main] INFO  o.a.c.c.C.[.[.[/elastic-query-service] - Initializing Spring embedded WebApplicationContext
2024-07-19 11:09:17 [main] INFO  o.s.b.w.s.c.ServletWebServerApplicationContext - Root WebApplicationContext: initialization completed in 2421 ms
2024-07-19 11:09:18 [main] WARN  org.elasticsearch.client.RestClient - request [GET http://localhost:9200/] returned 1 warnings: [299 Elasticsearch-7.13.4-c5f60e894ca0c61cdbae4f5a686d9f08bcefc942 "Elasticsearch built-in security features are not enabled. Without authentication, your cluster could be accessible to anyone. See https://www.elastic.co/guide/en/elasticsearch/reference/7.13/security-minimal-setup.html to enable security."]
2024-07-19 11:09:18 [main] INFO  o.s.d.e.support.VersionInfo - Version Spring Data Elasticsearch: 4.2.3
2024-07-19 11:09:18 [main] INFO  o.s.d.e.support.VersionInfo - Version Elasticsearch Client in build: 7.12.1
2024-07-19 11:09:18 [main] INFO  o.s.d.e.support.VersionInfo - Version Elasticsearch Client used: 7.13.4
2024-07-19 11:09:18 [main] WARN  o.s.d.e.support.VersionInfo - Version mismatch in between Elasticsearch Clients build/use: 7.12.1 - 7.13.4
2024-07-19 11:09:18 [main] INFO  o.s.d.e.support.VersionInfo - Version Elasticsearch cluster: 7.13.4
2024-07-19 11:09:18 [main] WARN  org.elasticsearch.client.RestClient - request [HEAD http://localhost:9200/twitter-index?ignore_throttled=false&ignore_unavailable=false&expand_wildcards=open%2Cclosed&allow_no_indices=false] returned 1 warnings: [299 Elasticsearch-7.13.4-c5f60e894ca0c61cdbae4f5a686d9f08bcefc942 "Elasticsearch built-in security features are not enabled. Without authentication, your cluster could be accessible to anyone. See https://www.elastic.co/guide/en/elasticsearch/reference/7.13/security-minimal-setup.html to enable security."]
2024-07-19 11:09:19 [main] INFO  o.s.s.web.DefaultSecurityFilterChain - Will secure any request with [org.springframework.security.web.context.request.async.WebAsyncManagerIntegrationFilter@351d93bd, org.springframework.security.web.context.SecurityContextPersistenceFilter@563843f1, org.springframework.security.web.header.HeaderWriterFilter@6abe62bb, org.springframework.security.web.authentication.logout.LogoutFilter@1b444b5, org.springframework.security.web.authentication.www.BasicAuthenticationFilter@39acd1f1, org.springframework.security.web.savedrequest.RequestCacheAwareFilter@61c4cebd, org.springframework.security.web.servletapi.SecurityContextHolderAwareRequestFilter@32f308c6, org.springframework.security.web.authentication.AnonymousAuthenticationFilter@61c5fd78, org.springframework.security.web.session.SessionManagementFilter@27dfd12b, org.springframework.security.web.access.ExceptionTranslationFilter@7cdc4070, org.springframework.security.web.access.intercept.FilterSecurityInterceptor@37f71c05]
2024-07-19 11:09:19 [main] INFO  o.a.coyote.http11.Http11NioProtocol - Starting ProtocolHandler ["http-nio-8183"]
2024-07-19 11:09:19 [main] INFO  o.s.b.w.e.tomcat.TomcatWebServer - Tomcat started on port(s): 8183 (http) with context path '/elastic-query-service'
2024-07-19 11:09:19 [main] INFO  c.m.d.e.q.s.ElasticQueryServiceApplication - Started ElasticQueryServiceApplication in 7.843 seconds (JVM running for 9.867)
2024-07-19 11:09:38 [http-nio-8183-exec-2] INFO  o.a.c.c.C.[.[.[/elastic-query-service] - Initializing Spring DispatcherServlet 'dispatcherServlet'
2024-07-19 11:09:38 [http-nio-8183-exec-2] INFO  o.s.web.servlet.DispatcherServlet - Initializing Servlet 'dispatcherServlet'
2024-07-19 11:09:38 [http-nio-8183-exec-2] INFO  o.s.web.servlet.DispatcherServlet - Completed initialization in 2 ms
2024-07-19 11:09:38 [http-nio-8183-exec-2] INFO  c.m.d.e.q.s.b.i.TwiterElasticQueryService - Querying all documents in elastic search
2024-07-19 11:09:39 [http-nio-8183-exec-2] WARN  org.elasticsearch.client.RestClient - request [POST http://localhost:9200/twitter-index/_search?typed_keys=true&max_concurrent_shard_requests=5&ignore_unavailable=false&expand_wildcards=open&allow_no_indices=true&ignore_throttled=true&search_type=dfs_query_then_fetch&batched_reduce_size=512&ccs_minimize_roundtrips=true] returned 1 warnings: [299 Elasticsearch-7.13.4-c5f60e894ca0c61cdbae4f5a686d9f08bcefc942 "Elasticsearch built-in security features are not enabled. Without authentication, your cluster could be accessible to anyone. See https://www.elastic.co/guide/en/elasticsearch/reference/7.13/security-minimal-setup.html to enable security."]
2024-07-19 11:09:39 [http-nio-8183-exec-2] WARN  org.elasticsearch.client.RestClient - request [POST http://localhost:9200/twitter-index/_search?typed_keys=true&max_concurrent_shard_requests=5&ignore_unavailable=false&expand_wildcards=open&allow_no_indices=true&ignore_throttled=true&search_type=dfs_query_then_fetch&batched_reduce_size=512&ccs_minimize_roundtrips=true] returned 1 warnings: [299 Elasticsearch-7.13.4-c5f60e894ca0c61cdbae4f5a686d9f08bcefc942 "Elasticsearch built-in security features are not enabled. Without authentication, your cluster could be accessible to anyone. See https://www.elastic.co/guide/en/elasticsearch/reference/7.13/security-minimal-setup.html to enable security."]
2024-07-19 11:09:39 [http-nio-8183-exec-2] INFO  c.m.d.e.q.c.s.i.TwitterElasticRepositoryQueryClient - 978 number of documents retrieved successfully
2024-07-19 11:09:40 [http-nio-8183-exec-2] INFO  c.m.d.e.q.s.a.ElasticDocumentController - Returning all documents
2024-07-19 11:09:57 [http-nio-8183-exec-3] INFO  c.m.d.e.q.s.b.i.TwiterElasticQueryService - Querying elastic search for document with id: 720148218301260750
2024-07-19 11:09:57 [http-nio-8183-exec-3] WARN  org.elasticsearch.client.RestClient - request [GET http://localhost:9200/twitter-index/_doc/720148218301260750] returned 1 warnings: [299 Elasticsearch-7.13.4-c5f60e894ca0c61cdbae4f5a686d9f08bcefc942 "Elasticsearch built-in security features are not enabled. Without authentication, your cluster could be accessible to anyone. See https://www.elastic.co/guide/en/elasticsearch/reference/7.13/security-minimal-setup.html to enable security."]
2024-07-19 11:09:57 [http-nio-8183-exec-3] INFO  c.m.d.e.q.c.s.i.TwitterElasticRepositoryQueryClient - Document with id: 720148218301260750 retrieved successfully
2024-07-19 11:11:53 [http-nio-8183-exec-6] INFO  c.m.d.e.q.s.b.i.TwiterElasticQueryService - Querying elastic search for document with id: 720148218301260750
2024-07-19 11:11:53 [http-nio-8183-exec-6] WARN  org.elasticsearch.client.RestClient - request [GET http://localhost:9200/twitter-index/_doc/720148218301260750] returned 1 warnings: [299 Elasticsearch-7.13.4-c5f60e894ca0c61cdbae4f5a686d9f08bcefc942 "Elasticsearch built-in security features are not enabled. Without authentication, your cluster could be accessible to anyone. See https://www.elastic.co/guide/en/elasticsearch/reference/7.13/security-minimal-setup.html to enable security."]
2024-07-19 11:11:53 [http-nio-8183-exec-6] INFO  c.m.d.e.q.c.s.i.TwitterElasticRepositoryQueryClient - Document with id: 720148218301260750 retrieved successfully
2024-07-19 11:12:18 [http-nio-8183-exec-7] INFO  c.m.d.e.q.s.b.i.TwiterElasticQueryService - Querying elastic search for document with id: 720148218301260750
2024-07-19 11:12:18 [http-nio-8183-exec-7] WARN  org.elasticsearch.client.RestClient - request [GET http://localhost:9200/twitter-index/_doc/720148218301260750] returned 1 warnings: [299 Elasticsearch-7.13.4-c5f60e894ca0c61cdbae4f5a686d9f08bcefc942 "Elasticsearch built-in security features are not enabled. Without authentication, your cluster could be accessible to anyone. See https://www.elastic.co/guide/en/elasticsearch/reference/7.13/security-minimal-setup.html to enable security."]
2024-07-19 11:12:18 [http-nio-8183-exec-7] INFO  c.m.d.e.q.c.s.i.TwitterElasticRepositoryQueryClient - Document with id: 720148218301260750 retrieved successfully
2024-07-19 11:12:28 [http-nio-8183-exec-8] INFO  c.m.d.e.q.s.b.i.TwiterElasticQueryService - Querying elastic search for document with id: 720148218301260750
2024-07-19 11:12:28 [http-nio-8183-exec-8] WARN  org.elasticsearch.client.RestClient - request [GET http://localhost:9200/twitter-index/_doc/720148218301260750] returned 1 warnings: [299 Elasticsearch-7.13.4-c5f60e894ca0c61cdbae4f5a686d9f08bcefc942 "Elasticsearch built-in security features are not enabled. Without authentication, your cluster could be accessible to anyone. See https://www.elastic.co/guide/en/elasticsearch/reference/7.13/security-minimal-setup.html to enable security."]
2024-07-19 11:12:28 [http-nio-8183-exec-8] INFO  c.m.d.e.q.c.s.i.TwitterElasticRepositoryQueryClient - Document with id: 720148218301260750 retrieved successfully
2024-07-19 11:42:30 [main] INFO  c.m.d.e.q.s.ElasticQueryServiceApplication - Starting ElasticQueryServiceApplication using Java 11.0.23 on kelsonthony with PID 40555 (/home/kelson/projects/microservices-demo/elastic-query-service/target/classes started by kelson in /home/kelson/projects/microservices-demo)
2024-07-19 11:42:30 [main] INFO  c.m.d.e.q.s.ElasticQueryServiceApplication - The following profiles are active: elastic_query
2024-07-19 11:42:30 [background-preinit] INFO  o.h.validator.internal.util.Version - HV000001: Hibernate Validator 6.2.0.Final
2024-07-19 11:42:30 [main] INFO  o.s.b.c.config.ConfigDataLoader - Fetching config from server at : http://localhost:8888
2024-07-19 11:42:30 [main] INFO  o.s.b.c.config.ConfigDataLoader - Located environment: name=elastic-query-service,config-client, profiles=[elastic_query], label=null, version=592731d365ec834dbbe9d9f588025cd45147790b, state=null
2024-07-19 11:42:31 [main] INFO  o.s.d.r.c.RepositoryConfigurationDelegate - Bootstrapping Spring Data Elasticsearch repositories in DEFAULT mode.
2024-07-19 11:42:31 [main] INFO  o.s.d.r.c.RepositoryConfigurationDelegate - Finished Spring Data repository scanning in 68 ms. Found 1 Elasticsearch repository interfaces.
2024-07-19 11:42:32 [main] INFO  o.s.d.r.c.RepositoryConfigurationDelegate - Bootstrapping Spring Data Reactive Elasticsearch repositories in DEFAULT mode.
2024-07-19 11:42:32 [main] INFO  o.s.d.r.c.RepositoryConfigurationDelegate - Finished Spring Data repository scanning in 4 ms. Found 0 Reactive Elasticsearch repository interfaces.
2024-07-19 11:42:32 [main] INFO  o.s.cloud.context.scope.GenericScope - BeanFactory id=d7944ae7-81f9-3bfb-bf80-b4351a6e6d78
2024-07-19 11:42:33 [main] INFO  o.s.b.w.e.tomcat.TomcatWebServer - Tomcat initialized with port(s): 8183 (http)
2024-07-19 11:42:33 [main] INFO  o.a.coyote.http11.Http11NioProtocol - Initializing ProtocolHandler ["http-nio-8183"]
2024-07-19 11:42:33 [main] INFO  o.a.catalina.core.StandardService - Starting service [Tomcat]
2024-07-19 11:42:33 [main] INFO  o.a.catalina.core.StandardEngine - Starting Servlet engine: [Apache Tomcat/9.0.50]
2024-07-19 11:42:33 [main] INFO  o.a.c.c.C.[.[.[/elastic-query-service] - Initializing Spring embedded WebApplicationContext
2024-07-19 11:42:33 [main] INFO  o.s.b.w.s.c.ServletWebServerApplicationContext - Root WebApplicationContext: initialization completed in 2894 ms
2024-07-19 11:42:34 [main] WARN  org.elasticsearch.client.RestClient - request [GET http://localhost:9200/] returned 1 warnings: [299 Elasticsearch-7.13.4-c5f60e894ca0c61cdbae4f5a686d9f08bcefc942 "Elasticsearch built-in security features are not enabled. Without authentication, your cluster could be accessible to anyone. See https://www.elastic.co/guide/en/elasticsearch/reference/7.13/security-minimal-setup.html to enable security."]
2024-07-19 11:42:34 [main] INFO  o.s.d.e.support.VersionInfo - Version Spring Data Elasticsearch: 4.2.3
2024-07-19 11:42:34 [main] INFO  o.s.d.e.support.VersionInfo - Version Elasticsearch Client in build: 7.12.1
2024-07-19 11:42:34 [main] INFO  o.s.d.e.support.VersionInfo - Version Elasticsearch Client used: 7.13.4
2024-07-19 11:42:34 [main] WARN  o.s.d.e.support.VersionInfo - Version mismatch in between Elasticsearch Clients build/use: 7.12.1 - 7.13.4
2024-07-19 11:42:34 [main] INFO  o.s.d.e.support.VersionInfo - Version Elasticsearch cluster: 7.13.4
2024-07-19 11:42:34 [main] WARN  org.elasticsearch.client.RestClient - request [HEAD http://localhost:9200/twitter-index?ignore_throttled=false&ignore_unavailable=false&expand_wildcards=open%2Cclosed&allow_no_indices=false] returned 1 warnings: [299 Elasticsearch-7.13.4-c5f60e894ca0c61cdbae4f5a686d9f08bcefc942 "Elasticsearch built-in security features are not enabled. Without authentication, your cluster could be accessible to anyone. See https://www.elastic.co/guide/en/elasticsearch/reference/7.13/security-minimal-setup.html to enable security."]
2024-07-19 11:42:35 [main] INFO  o.s.s.web.DefaultSecurityFilterChain - Will secure Ant [pattern='/api/docs'] with []
2024-07-19 11:42:35 [main] INFO  o.s.s.web.DefaultSecurityFilterChain - Will secure any request with [org.springframework.security.web.context.request.async.WebAsyncManagerIntegrationFilter@5d297d4d, org.springframework.security.web.context.SecurityContextPersistenceFilter@436a563f, org.springframework.security.web.header.HeaderWriterFilter@2dc3ece8, org.springframework.security.web.authentication.logout.LogoutFilter@5d32c1c7, org.springframework.security.web.authentication.www.BasicAuthenticationFilter@702b656a, org.springframework.security.web.savedrequest.RequestCacheAwareFilter@7ecb9e17, org.springframework.security.web.servletapi.SecurityContextHolderAwareRequestFilter@79295932, org.springframework.security.web.authentication.AnonymousAuthenticationFilter@1dd44289, org.springframework.security.web.session.SessionManagementFilter@492c9892, org.springframework.security.web.access.ExceptionTranslationFilter@751686aa, org.springframework.security.web.access.intercept.FilterSecurityInterceptor@8ef1d58]
2024-07-19 11:42:38 [main] INFO  o.a.coyote.http11.Http11NioProtocol - Starting ProtocolHandler ["http-nio-8183"]
2024-07-19 11:42:38 [main] INFO  o.s.b.w.e.tomcat.TomcatWebServer - Tomcat started on port(s): 8183 (http) with context path '/elastic-query-service'
2024-07-19 11:42:38 [main] INFO  c.m.d.e.q.s.ElasticQueryServiceApplication - Started ElasticQueryServiceApplication in 11.787 seconds (JVM running for 13.801)
2024-07-19 11:43:06 [http-nio-8183-exec-1] INFO  o.a.c.c.C.[.[.[/elastic-query-service] - Initializing Spring DispatcherServlet 'dispatcherServlet'
2024-07-19 11:43:06 [http-nio-8183-exec-1] INFO  o.s.web.servlet.DispatcherServlet - Initializing Servlet 'dispatcherServlet'
2024-07-19 11:43:06 [http-nio-8183-exec-1] INFO  o.s.web.servlet.DispatcherServlet - Completed initialization in 2 ms
2024-07-19 11:45:09 [main] INFO  c.m.d.e.q.s.ElasticQueryServiceApplication - Starting ElasticQueryServiceApplication using Java 11.0.23 on kelsonthony with PID 41717 (/home/kelson/projects/microservices-demo/elastic-query-service/target/classes started by kelson in /home/kelson/projects/microservices-demo)
2024-07-19 11:45:09 [main] INFO  c.m.d.e.q.s.ElasticQueryServiceApplication - The following profiles are active: elastic_query
2024-07-19 11:45:09 [background-preinit] INFO  o.h.validator.internal.util.Version - HV000001: Hibernate Validator 6.2.0.Final
2024-07-19 11:45:10 [main] INFO  o.s.b.c.config.ConfigDataLoader - Fetching config from server at : http://localhost:8888
2024-07-19 11:45:10 [main] INFO  o.s.b.c.config.ConfigDataLoader - Located environment: name=elastic-query-service,config-client, profiles=[elastic_query], label=null, version=63a9625c15b4c7f84ae08b9ea28f029a8cf45187, state=null
2024-07-19 11:45:11 [main] INFO  o.s.d.r.c.RepositoryConfigurationDelegate - Bootstrapping Spring Data Elasticsearch repositories in DEFAULT mode.
2024-07-19 11:45:11 [main] INFO  o.s.d.r.c.RepositoryConfigurationDelegate - Finished Spring Data repository scanning in 72 ms. Found 1 Elasticsearch repository interfaces.
2024-07-19 11:45:11 [main] INFO  o.s.d.r.c.RepositoryConfigurationDelegate - Bootstrapping Spring Data Reactive Elasticsearch repositories in DEFAULT mode.
2024-07-19 11:45:11 [main] INFO  o.s.d.r.c.RepositoryConfigurationDelegate - Finished Spring Data repository scanning in 6 ms. Found 0 Reactive Elasticsearch repository interfaces.
2024-07-19 11:45:11 [main] INFO  o.s.cloud.context.scope.GenericScope - BeanFactory id=d7944ae7-81f9-3bfb-bf80-b4351a6e6d78
2024-07-19 11:45:12 [main] INFO  o.s.b.w.e.tomcat.TomcatWebServer - Tomcat initialized with port(s): 8183 (http)
2024-07-19 11:45:12 [main] INFO  o.a.coyote.http11.Http11NioProtocol - Initializing ProtocolHandler ["http-nio-8183"]
2024-07-19 11:45:12 [main] INFO  o.a.catalina.core.StandardService - Starting service [Tomcat]
2024-07-19 11:45:12 [main] INFO  o.a.catalina.core.StandardEngine - Starting Servlet engine: [Apache Tomcat/9.0.50]
2024-07-19 11:45:12 [main] INFO  o.a.c.c.C.[.[.[/elastic-query-service] - Initializing Spring embedded WebApplicationContext
2024-07-19 11:45:12 [main] INFO  o.s.b.w.s.c.ServletWebServerApplicationContext - Root WebApplicationContext: initialization completed in 2437 ms
2024-07-19 11:45:13 [main] WARN  org.elasticsearch.client.RestClient - request [GET http://localhost:9200/] returned 1 warnings: [299 Elasticsearch-7.13.4-c5f60e894ca0c61cdbae4f5a686d9f08bcefc942 "Elasticsearch built-in security features are not enabled. Without authentication, your cluster could be accessible to anyone. See https://www.elastic.co/guide/en/elasticsearch/reference/7.13/security-minimal-setup.html to enable security."]
2024-07-19 11:45:13 [main] INFO  o.s.d.e.support.VersionInfo - Version Spring Data Elasticsearch: 4.2.3
2024-07-19 11:45:13 [main] INFO  o.s.d.e.support.VersionInfo - Version Elasticsearch Client in build: 7.12.1
2024-07-19 11:45:13 [main] INFO  o.s.d.e.support.VersionInfo - Version Elasticsearch Client used: 7.13.4
2024-07-19 11:45:13 [main] WARN  o.s.d.e.support.VersionInfo - Version mismatch in between Elasticsearch Clients build/use: 7.12.1 - 7.13.4
2024-07-19 11:45:13 [main] INFO  o.s.d.e.support.VersionInfo - Version Elasticsearch cluster: 7.13.4
2024-07-19 11:45:13 [main] WARN  org.elasticsearch.client.RestClient - request [HEAD http://localhost:9200/twitter-index?ignore_throttled=false&ignore_unavailable=false&expand_wildcards=open%2Cclosed&allow_no_indices=false] returned 1 warnings: [299 Elasticsearch-7.13.4-c5f60e894ca0c61cdbae4f5a686d9f08bcefc942 "Elasticsearch built-in security features are not enabled. Without authentication, your cluster could be accessible to anyone. See https://www.elastic.co/guide/en/elasticsearch/reference/7.13/security-minimal-setup.html to enable security."]
2024-07-19 11:45:14 [main] INFO  o.s.s.web.DefaultSecurityFilterChain - Will secure Ant [pattern='/api-docs'] with []
2024-07-19 11:45:14 [main] INFO  o.s.s.web.DefaultSecurityFilterChain - Will secure any request with [org.springframework.security.web.context.request.async.WebAsyncManagerIntegrationFilter@8b89b3a, org.springframework.security.web.context.SecurityContextPersistenceFilter@31880efa, org.springframework.security.web.header.HeaderWriterFilter@6d9428f3, org.springframework.security.web.authentication.logout.LogoutFilter@3a3316b6, org.springframework.security.web.authentication.www.BasicAuthenticationFilter@66863941, org.springframework.security.web.savedrequest.RequestCacheAwareFilter@2cadcff6, org.springframework.security.web.servletapi.SecurityContextHolderAwareRequestFilter@8cb7185, org.springframework.security.web.authentication.AnonymousAuthenticationFilter@526893f, org.springframework.security.web.session.SessionManagementFilter@51508029, org.springframework.security.web.access.ExceptionTranslationFilter@72f24a84, org.springframework.security.web.access.intercept.FilterSecurityInterceptor@2d0f548a]
2024-07-19 11:45:15 [main] INFO  o.a.coyote.http11.Http11NioProtocol - Starting ProtocolHandler ["http-nio-8183"]
2024-07-19 11:45:15 [main] INFO  o.s.b.w.e.tomcat.TomcatWebServer - Tomcat started on port(s): 8183 (http) with context path '/elastic-query-service'
2024-07-19 11:45:15 [main] INFO  c.m.d.e.q.s.ElasticQueryServiceApplication - Started ElasticQueryServiceApplication in 8.767 seconds (JVM running for 10.616)
2024-07-19 11:45:25 [http-nio-8183-exec-1] INFO  o.a.c.c.C.[.[.[/elastic-query-service] - Initializing Spring DispatcherServlet 'dispatcherServlet'
2024-07-19 11:45:25 [http-nio-8183-exec-1] INFO  o.s.web.servlet.DispatcherServlet - Initializing Servlet 'dispatcherServlet'
2024-07-19 11:45:25 [http-nio-8183-exec-1] INFO  o.s.web.servlet.DispatcherServlet - Completed initialization in 3 ms
2024-07-19 11:45:26 [http-nio-8183-exec-1] INFO  o.s.api.AbstractOpenApiResource - Init duration for springdoc-openapi is: 633 ms
2024-07-19 11:48:17 [http-nio-8183-exec-7] ERROR o.a.c.c.C.[.[.[.[dispatcherServlet] - Servlet.service() for servlet [dispatcherServlet] in context with path [/elastic-query-service] threw exception
org.springframework.security.web.firewall.RequestRejectedException: The request was rejected because the URL contained a potentially malicious String "//"
	at org.springframework.security.web.firewall.StrictHttpFirewall.rejectedBlocklistedUrls(StrictHttpFirewall.java:456)
	at org.springframework.security.web.firewall.StrictHttpFirewall.getFirewalledRequest(StrictHttpFirewall.java:429)
	at org.springframework.security.web.FilterChainProxy.doFilterInternal(FilterChainProxy.java:196)
	at org.springframework.security.web.FilterChainProxy.doFilter(FilterChainProxy.java:183)
	at org.springframework.web.filter.DelegatingFilterProxy.invokeDelegate(DelegatingFilterProxy.java:358)
	at org.springframework.web.filter.DelegatingFilterProxy.doFilter(DelegatingFilterProxy.java:271)
	at org.apache.catalina.core.ApplicationFilterChain.internalDoFilter(ApplicationFilterChain.java:190)
	at org.apache.catalina.core.ApplicationFilterChain.doFilter(ApplicationFilterChain.java:163)
	at org.springframework.web.filter.RequestContextFilter.doFilterInternal(RequestContextFilter.java:100)
	at org.springframework.web.filter.OncePerRequestFilter.doFilter(OncePerRequestFilter.java:119)
	at org.apache.catalina.core.ApplicationFilterChain.internalDoFilter(ApplicationFilterChain.java:190)
	at org.apache.catalina.core.ApplicationFilterChain.doFilter(ApplicationFilterChain.java:163)
	at org.springframework.web.filter.FormContentFilter.doFilterInternal(FormContentFilter.java:93)
	at org.springframework.web.filter.OncePerRequestFilter.doFilter(OncePerRequestFilter.java:119)
	at org.apache.catalina.core.ApplicationFilterChain.internalDoFilter(ApplicationFilterChain.java:190)
	at org.apache.catalina.core.ApplicationFilterChain.doFilter(ApplicationFilterChain.java:163)
	at org.springframework.web.filter.CharacterEncodingFilter.doFilterInternal(CharacterEncodingFilter.java:201)
	at org.springframework.web.filter.OncePerRequestFilter.doFilter(OncePerRequestFilter.java:119)
	at org.apache.catalina.core.ApplicationFilterChain.internalDoFilter(ApplicationFilterChain.java:190)
	at org.apache.catalina.core.ApplicationFilterChain.doFilter(ApplicationFilterChain.java:163)
	at org.apache.catalina.core.StandardWrapperValve.invoke(StandardWrapperValve.java:202)
	at org.apache.catalina.core.StandardContextValve.invoke(StandardContextValve.java:97)
	at org.apache.catalina.authenticator.AuthenticatorBase.invoke(AuthenticatorBase.java:542)
	at org.apache.catalina.core.StandardHostValve.invoke(StandardHostValve.java:143)
	at org.apache.catalina.valves.ErrorReportValve.invoke(ErrorReportValve.java:92)
	at org.apache.catalina.core.StandardEngineValve.invoke(StandardEngineValve.java:78)
	at org.apache.catalina.connector.CoyoteAdapter.service(CoyoteAdapter.java:357)
	at org.apache.coyote.http11.Http11Processor.service(Http11Processor.java:382)
	at org.apache.coyote.AbstractProcessorLight.process(AbstractProcessorLight.java:65)
	at org.apache.coyote.AbstractProtocol$ConnectionHandler.process(AbstractProtocol.java:893)
	at org.apache.tomcat.util.net.NioEndpoint$SocketProcessor.doRun(NioEndpoint.java:1723)
	at org.apache.tomcat.util.net.SocketProcessorBase.run(SocketProcessorBase.java:49)
	at java.base/java.util.concurrent.ThreadPoolExecutor.runWorker(ThreadPoolExecutor.java:1128)
	at java.base/java.util.concurrent.ThreadPoolExecutor$Worker.run(ThreadPoolExecutor.java:628)
	at org.apache.tomcat.util.threads.TaskThread$WrappingRunnable.run(TaskThread.java:61)
	at java.base/java.lang.Thread.run(Thread.java:829)
2024-07-19 11:50:53 [http-nio-8183-exec-7] INFO  c.m.d.e.q.s.b.i.TwiterElasticQueryService - Querying elastic search for document with id: 1
2024-07-19 11:50:53 [http-nio-8183-exec-7] WARN  org.elasticsearch.client.RestClient - request [GET http://localhost:9200/twitter-index/_doc/1] returned 1 warnings: [299 Elasticsearch-7.13.4-c5f60e894ca0c61cdbae4f5a686d9f08bcefc942 "Elasticsearch built-in security features are not enabled. Without authentication, your cluster could be accessible to anyone. See https://www.elastic.co/guide/en/elasticsearch/reference/7.13/security-minimal-setup.html to enable security."]
2024-07-19 11:50:53 [http-nio-8183-exec-7] INFO  c.m.d.e.q.c.s.i.TwitterElasticRepositoryQueryClient - Document with id: 1 retrieved successfully
2024-07-19 12:17:16 [main] INFO  c.m.d.e.q.s.ElasticQueryServiceApplication - Starting ElasticQueryServiceApplication using Java 11.0.23 on kelsonthony with PID 57948 (/home/kelson/projects/microservices-demo/elastic-query-service/target/classes started by kelson in /home/kelson/projects/microservices-demo)
2024-07-19 12:17:16 [main] INFO  c.m.d.e.q.s.ElasticQueryServiceApplication - The following profiles are active: elastic_query
2024-07-19 12:17:16 [background-preinit] INFO  o.h.validator.internal.util.Version - HV000001: Hibernate Validator 6.2.0.Final
2024-07-19 12:17:16 [main] INFO  o.s.b.c.config.ConfigDataLoader - Fetching config from server at : http://localhost:8888
2024-07-19 12:17:16 [main] INFO  o.s.b.c.config.ConfigDataLoader - Located environment: name=elastic-query-service,config-client, profiles=[elastic_query], label=null, version=63a9625c15b4c7f84ae08b9ea28f029a8cf45187, state=null
2024-07-19 12:17:17 [main] INFO  o.s.d.r.c.RepositoryConfigurationDelegate - Bootstrapping Spring Data Elasticsearch repositories in DEFAULT mode.
2024-07-19 12:17:17 [main] INFO  o.s.d.r.c.RepositoryConfigurationDelegate - Finished Spring Data repository scanning in 79 ms. Found 1 Elasticsearch repository interfaces.
2024-07-19 12:17:17 [main] INFO  o.s.d.r.c.RepositoryConfigurationDelegate - Bootstrapping Spring Data Reactive Elasticsearch repositories in DEFAULT mode.
2024-07-19 12:17:17 [main] INFO  o.s.d.r.c.RepositoryConfigurationDelegate - Finished Spring Data repository scanning in 6 ms. Found 0 Reactive Elasticsearch repository interfaces.
2024-07-19 12:17:18 [main] INFO  o.s.cloud.context.scope.GenericScope - BeanFactory id=d7944ae7-81f9-3bfb-bf80-b4351a6e6d78
2024-07-19 12:17:18 [main] INFO  o.s.b.w.e.tomcat.TomcatWebServer - Tomcat initialized with port(s): 8183 (http)
2024-07-19 12:17:18 [main] INFO  o.a.coyote.http11.Http11NioProtocol - Initializing ProtocolHandler ["http-nio-8183"]
2024-07-19 12:17:18 [main] INFO  o.a.catalina.core.StandardService - Starting service [Tomcat]
2024-07-19 12:17:18 [main] INFO  o.a.catalina.core.StandardEngine - Starting Servlet engine: [Apache Tomcat/9.0.50]
2024-07-19 12:17:18 [main] INFO  o.a.c.c.C.[.[.[/elastic-query-service] - Initializing Spring embedded WebApplicationContext
2024-07-19 12:17:18 [main] INFO  o.s.b.w.s.c.ServletWebServerApplicationContext - Root WebApplicationContext: initialization completed in 2631 ms
2024-07-19 12:17:19 [main] WARN  org.elasticsearch.client.RestClient - request [GET http://localhost:9200/] returned 1 warnings: [299 Elasticsearch-7.13.4-c5f60e894ca0c61cdbae4f5a686d9f08bcefc942 "Elasticsearch built-in security features are not enabled. Without authentication, your cluster could be accessible to anyone. See https://www.elastic.co/guide/en/elasticsearch/reference/7.13/security-minimal-setup.html to enable security."]
2024-07-19 12:17:19 [main] INFO  o.s.d.e.support.VersionInfo - Version Spring Data Elasticsearch: 4.2.3
2024-07-19 12:17:19 [main] INFO  o.s.d.e.support.VersionInfo - Version Elasticsearch Client in build: 7.12.1
2024-07-19 12:17:19 [main] INFO  o.s.d.e.support.VersionInfo - Version Elasticsearch Client used: 7.13.4
2024-07-19 12:17:19 [main] WARN  o.s.d.e.support.VersionInfo - Version mismatch in between Elasticsearch Clients build/use: 7.12.1 - 7.13.4
2024-07-19 12:17:19 [main] INFO  o.s.d.e.support.VersionInfo - Version Elasticsearch cluster: 7.13.4
2024-07-19 12:17:20 [main] WARN  org.elasticsearch.client.RestClient - request [HEAD http://localhost:9200/twitter-index?ignore_throttled=false&ignore_unavailable=false&expand_wildcards=open%2Cclosed&allow_no_indices=false] returned 1 warnings: [299 Elasticsearch-7.13.4-c5f60e894ca0c61cdbae4f5a686d9f08bcefc942 "Elasticsearch built-in security features are not enabled. Without authentication, your cluster could be accessible to anyone. See https://www.elastic.co/guide/en/elasticsearch/reference/7.13/security-minimal-setup.html to enable security."]
2024-07-19 12:17:20 [main] INFO  o.s.s.web.DefaultSecurityFilterChain - Will secure Ant [pattern='/api-docs'] with []
2024-07-19 12:17:20 [main] INFO  o.s.s.web.DefaultSecurityFilterChain - Will secure any request with [org.springframework.security.web.context.request.async.WebAsyncManagerIntegrationFilter@3de45b6c, org.springframework.security.web.context.SecurityContextPersistenceFilter@2cadcff6, org.springframework.security.web.header.HeaderWriterFilter@2a075e70, org.springframework.security.web.authentication.logout.LogoutFilter@56c6d515, org.springframework.security.web.authentication.www.BasicAuthenticationFilter@111fe921, org.springframework.security.web.savedrequest.RequestCacheAwareFilter@7ee2423, org.springframework.security.web.servletapi.SecurityContextHolderAwareRequestFilter@2c54c497, org.springframework.security.web.authentication.AnonymousAuthenticationFilter@37caecda, org.springframework.security.web.session.SessionManagementFilter@31880efa, org.springframework.security.web.access.ExceptionTranslationFilter@6d9428f3, org.springframework.security.web.access.intercept.FilterSecurityInterceptor@15130002]
2024-07-19 12:17:22 [main] INFO  o.a.coyote.http11.Http11NioProtocol - Starting ProtocolHandler ["http-nio-8183"]
2024-07-19 12:17:22 [main] INFO  o.s.b.w.e.tomcat.TomcatWebServer - Tomcat started on port(s): 8183 (http) with context path '/elastic-query-service'
2024-07-19 12:17:22 [main] INFO  c.m.d.e.q.s.ElasticQueryServiceApplication - Started ElasticQueryServiceApplication in 9.092 seconds (JVM running for 11.149)
2024-07-19 12:17:41 [http-nio-8183-exec-1] INFO  o.a.c.c.C.[.[.[/elastic-query-service] - Initializing Spring DispatcherServlet 'dispatcherServlet'
2024-07-19 12:17:41 [http-nio-8183-exec-1] INFO  o.s.web.servlet.DispatcherServlet - Initializing Servlet 'dispatcherServlet'
2024-07-19 12:17:41 [http-nio-8183-exec-1] INFO  o.s.web.servlet.DispatcherServlet - Completed initialization in 2 ms
2024-07-19 12:17:43 [http-nio-8183-exec-6] INFO  o.s.api.AbstractOpenApiResource - Init duration for springdoc-openapi is: 885 ms
