2024-07-20 13:51:45 [main] INFO  c.m.d.e.q.s.ElasticQueryServiceApplication - Starting ElasticQueryServiceApplication using Java 11.0.23 on kelsonthony with PID 16421 (/home/kelson/projects/microservices-demo/elastic-query-service/target/classes started by kelson in /home/kelson/projects/microservices-demo)
2024-07-20 13:51:45 [main] INFO  c.m.d.e.q.s.ElasticQueryServiceApplication - The following profiles are active: elastic_query
2024-07-20 13:51:45 [background-preinit] INFO  o.h.validator.internal.util.Version - HV000001: Hibernate Validator 6.2.0.Final
2024-07-20 13:51:45 [main] INFO  o.s.b.c.config.ConfigDataLoader - Fetching config from server at : http://localhost:8888
2024-07-20 13:51:45 [main] INFO  o.s.b.c.config.ConfigDataLoader - Located environment: name=elastic-query-service,config-client, profiles=[elastic_query], label=null, version=6757b0119fa0589cb2dab68bcec970ec04e59b9a, state=null
2024-07-20 13:51:47 [main] INFO  o.s.d.r.c.RepositoryConfigurationDelegate - Bootstrapping Spring Data Elasticsearch repositories in DEFAULT mode.
2024-07-20 13:51:47 [main] INFO  o.s.d.r.c.RepositoryConfigurationDelegate - Finished Spring Data repository scanning in 56 ms. Found 1 Elasticsearch repository interfaces.
2024-07-20 13:51:47 [main] INFO  o.s.d.r.c.RepositoryConfigurationDelegate - Bootstrapping Spring Data Reactive Elasticsearch repositories in DEFAULT mode.
2024-07-20 13:51:47 [main] INFO  o.s.d.r.c.RepositoryConfigurationDelegate - Finished Spring Data repository scanning in 3 ms. Found 0 Reactive Elasticsearch repository interfaces.
2024-07-20 13:51:47 [main] INFO  o.s.cloud.context.scope.GenericScope - BeanFactory id=0ec59969-6f65-3ea0-9726-b5ed8a43f3c2
2024-07-20 13:51:48 [main] INFO  o.s.b.w.e.tomcat.TomcatWebServer - Tomcat initialized with port(s): 8183 (http)
2024-07-20 13:51:48 [main] INFO  o.a.coyote.http11.Http11NioProtocol - Initializing ProtocolHandler ["http-nio-8183"]
2024-07-20 13:51:48 [main] INFO  o.a.catalina.core.StandardService - Starting service [Tomcat]
2024-07-20 13:51:48 [main] INFO  o.a.catalina.core.StandardEngine - Starting Servlet engine: [Apache Tomcat/9.0.50]
2024-07-20 13:51:48 [main] INFO  o.a.c.c.C.[.[.[/elastic-query-service] - Initializing Spring embedded WebApplicationContext
2024-07-20 13:51:48 [main] INFO  o.s.b.w.s.c.ServletWebServerApplicationContext - Root WebApplicationContext: initialization completed in 2300 ms
2024-07-20 13:51:48 [main] WARN  org.elasticsearch.client.RestClient - request [GET http://localhost:9200/] returned 1 warnings: [299 Elasticsearch-7.13.4-c5f60e894ca0c61cdbae4f5a686d9f08bcefc942 "Elasticsearch built-in security features are not enabled. Without authentication, your cluster could be accessible to anyone. See https://www.elastic.co/guide/en/elasticsearch/reference/7.13/security-minimal-setup.html to enable security."]
2024-07-20 13:51:48 [main] INFO  o.s.d.e.support.VersionInfo - Version Spring Data Elasticsearch: 4.2.3
2024-07-20 13:51:48 [main] INFO  o.s.d.e.support.VersionInfo - Version Elasticsearch Client in build: 7.12.1
2024-07-20 13:51:48 [main] INFO  o.s.d.e.support.VersionInfo - Version Elasticsearch Client used: 7.13.4
2024-07-20 13:51:48 [main] WARN  o.s.d.e.support.VersionInfo - Version mismatch in between Elasticsearch Clients build/use: 7.12.1 - 7.13.4
2024-07-20 13:51:48 [main] INFO  o.s.d.e.support.VersionInfo - Version Elasticsearch cluster: 7.13.4
2024-07-20 13:51:49 [main] WARN  org.elasticsearch.client.RestClient - request [HEAD http://localhost:9200/twitter-index?ignore_throttled=false&ignore_unavailable=false&expand_wildcards=open%2Cclosed&allow_no_indices=false] returned 1 warnings: [299 Elasticsearch-7.13.4-c5f60e894ca0c61cdbae4f5a686d9f08bcefc942 "Elasticsearch built-in security features are not enabled. Without authentication, your cluster could be accessible to anyone. See https://www.elastic.co/guide/en/elasticsearch/reference/7.13/security-minimal-setup.html to enable security."]
2024-07-20 13:51:49 [main] INFO  o.s.s.web.DefaultSecurityFilterChain - Will secure Ant [pattern='/api-docs'] with []
2024-07-20 13:51:49 [main] INFO  o.s.s.web.DefaultSecurityFilterChain - Will secure any request with [org.springframework.security.web.context.request.async.WebAsyncManagerIntegrationFilter@5c79c5ec, org.springframework.security.web.context.SecurityContextPersistenceFilter@5d32c1c7, org.springframework.security.web.header.HeaderWriterFilter@e5c5e6, org.springframework.security.web.authentication.logout.LogoutFilter@218f2f51, org.springframework.security.web.authentication.www.BasicAuthenticationFilter@210c1b9d, org.springframework.security.web.savedrequest.RequestCacheAwareFilter@40ac0a56, org.springframework.security.web.servletapi.SecurityContextHolderAwareRequestFilter@4db46344, org.springframework.security.web.authentication.AnonymousAuthenticationFilter@34eaf9c1, org.springframework.security.web.session.SessionManagementFilter@5eb2972f, org.springframework.security.web.access.ExceptionTranslationFilter@343d1d25, org.springframework.security.web.access.intercept.FilterSecurityInterceptor@6fe2a366]
2024-07-20 13:51:50 [main] INFO  o.a.coyote.http11.Http11NioProtocol - Starting ProtocolHandler ["http-nio-8183"]
2024-07-20 13:51:50 [main] INFO  o.s.b.w.e.tomcat.TomcatWebServer - Tomcat started on port(s): 8183 (http) with context path '/elastic-query-service'
2024-07-20 13:51:50 [main] INFO  c.m.d.e.q.s.ElasticQueryServiceApplication - Started ElasticQueryServiceApplication in 7.124 seconds (JVM running for 9.054)
2024-07-20 17:30:30 [background-preinit] INFO  o.h.validator.internal.util.Version - HV000001: Hibernate Validator 6.2.0.Final
2024-07-20 17:30:30 [main] INFO  c.m.d.e.q.s.ElasticQueryServiceApplication - Starting ElasticQueryServiceApplication using Java 11.0.23 on kelsonthony with PID 39138 (/home/kelson/projects/microservices-demo/elastic-query-service/target/classes started by kelson in /home/kelson/projects/microservices-demo)
2024-07-20 17:30:30 [main] INFO  c.m.d.e.q.s.ElasticQueryServiceApplication - The following profiles are active: elastic_query
2024-07-20 17:30:30 [main] INFO  o.s.b.c.config.ConfigDataLoader - Fetching config from server at : http://localhost:8888
2024-07-20 17:30:30 [main] INFO  o.s.b.c.config.ConfigDataLoader - Located environment: name=elastic-query-service,config-client, profiles=[elastic_query], label=null, version=6757b0119fa0589cb2dab68bcec970ec04e59b9a, state=null
2024-07-20 17:30:31 [main] INFO  o.s.d.r.c.RepositoryConfigurationDelegate - Bootstrapping Spring Data Elasticsearch repositories in DEFAULT mode.
2024-07-20 17:30:31 [main] INFO  o.s.d.r.c.RepositoryConfigurationDelegate - Finished Spring Data repository scanning in 49 ms. Found 1 Elasticsearch repository interfaces.
2024-07-20 17:30:32 [main] INFO  o.s.d.r.c.RepositoryConfigurationDelegate - Bootstrapping Spring Data Reactive Elasticsearch repositories in DEFAULT mode.
2024-07-20 17:30:32 [main] INFO  o.s.d.r.c.RepositoryConfigurationDelegate - Finished Spring Data repository scanning in 4 ms. Found 0 Reactive Elasticsearch repository interfaces.
2024-07-20 17:30:32 [main] INFO  o.s.cloud.context.scope.GenericScope - BeanFactory id=0ec59969-6f65-3ea0-9726-b5ed8a43f3c2
2024-07-20 17:30:32 [main] INFO  o.s.b.w.e.tomcat.TomcatWebServer - Tomcat initialized with port(s): 8183 (http)
2024-07-20 17:30:32 [main] INFO  o.a.coyote.http11.Http11NioProtocol - Initializing ProtocolHandler ["http-nio-8183"]
2024-07-20 17:30:32 [main] INFO  o.a.catalina.core.StandardService - Starting service [Tomcat]
2024-07-20 17:30:32 [main] INFO  o.a.catalina.core.StandardEngine - Starting Servlet engine: [Apache Tomcat/9.0.50]
2024-07-20 17:30:32 [main] INFO  o.a.c.c.C.[.[.[/elastic-query-service] - Initializing Spring embedded WebApplicationContext
2024-07-20 17:30:32 [main] INFO  o.s.b.w.s.c.ServletWebServerApplicationContext - Root WebApplicationContext: initialization completed in 1915 ms
2024-07-20 17:30:33 [main] WARN  org.elasticsearch.client.RestClient - request [GET http://localhost:9200/] returned 1 warnings: [299 Elasticsearch-7.13.4-c5f60e894ca0c61cdbae4f5a686d9f08bcefc942 "Elasticsearch built-in security features are not enabled. Without authentication, your cluster could be accessible to anyone. See https://www.elastic.co/guide/en/elasticsearch/reference/7.13/security-minimal-setup.html to enable security."]
2024-07-20 17:30:33 [main] INFO  o.s.d.e.support.VersionInfo - Version Spring Data Elasticsearch: 4.2.3
2024-07-20 17:30:33 [main] INFO  o.s.d.e.support.VersionInfo - Version Elasticsearch Client in build: 7.12.1
2024-07-20 17:30:33 [main] INFO  o.s.d.e.support.VersionInfo - Version Elasticsearch Client used: 7.13.4
2024-07-20 17:30:33 [main] WARN  o.s.d.e.support.VersionInfo - Version mismatch in between Elasticsearch Clients build/use: 7.12.1 - 7.13.4
2024-07-20 17:30:33 [main] INFO  o.s.d.e.support.VersionInfo - Version Elasticsearch cluster: 7.13.4
2024-07-20 17:30:33 [main] WARN  org.elasticsearch.client.RestClient - request [HEAD http://localhost:9200/twitter-index?ignore_throttled=false&ignore_unavailable=false&expand_wildcards=open%2Cclosed&allow_no_indices=false] returned 1 warnings: [299 Elasticsearch-7.13.4-c5f60e894ca0c61cdbae4f5a686d9f08bcefc942 "Elasticsearch built-in security features are not enabled. Without authentication, your cluster could be accessible to anyone. See https://www.elastic.co/guide/en/elasticsearch/reference/7.13/security-minimal-setup.html to enable security."]
2024-07-20 17:30:34 [main] INFO  o.s.s.web.DefaultSecurityFilterChain - Will secure Ant [pattern='/api-docs'] with []
2024-07-20 17:30:34 [main] INFO  o.s.s.web.DefaultSecurityFilterChain - Will secure any request with [org.springframework.security.web.context.request.async.WebAsyncManagerIntegrationFilter@5256fbc, org.springframework.security.web.context.SecurityContextPersistenceFilter@23d0944b, org.springframework.security.web.header.HeaderWriterFilter@73dbe25, org.springframework.security.web.authentication.logout.LogoutFilter@b788dc2, org.springframework.security.web.authentication.www.BasicAuthenticationFilter@2b6b487c, org.springframework.security.web.savedrequest.RequestCacheAwareFilter@49d543a9, org.springframework.security.web.servletapi.SecurityContextHolderAwareRequestFilter@75bf9e67, org.springframework.security.web.authentication.AnonymousAuthenticationFilter@58f50dd0, org.springframework.security.web.session.SessionManagementFilter@21c34bf8, org.springframework.security.web.access.ExceptionTranslationFilter@4e85dcb2, org.springframework.security.web.access.intercept.FilterSecurityInterceptor@e994ca]
2024-07-20 17:30:35 [main] INFO  o.a.coyote.http11.Http11NioProtocol - Starting ProtocolHandler ["http-nio-8183"]
2024-07-20 17:30:35 [main] INFO  o.s.b.w.e.tomcat.TomcatWebServer - Tomcat started on port(s): 8183 (http) with context path '/elastic-query-service'
2024-07-20 17:30:35 [main] INFO  c.m.d.e.q.s.ElasticQueryServiceApplication - Started ElasticQueryServiceApplication in 6.504 seconds (JVM running for 9.193)
