2024-07-19 10:49:49 [main] INFO  c.m.d.k.t.e.s.KafkaToElasticServiceApplication - Starting KafkaToElasticServiceApplication using Java 11.0.23 on kelsonthony with PID 23542 (/home/kelson/projects/microservices-demo/kafka-to-elastic-service/target/classes started by kelson in /home/kelson/projects/microservices-demo)
2024-07-19 10:49:49 [main] INFO  c.m.d.k.t.e.s.KafkaToElasticServiceApplication - The following profiles are active: kafka_to_elastic
2024-07-19 10:49:49 [main] INFO  o.s.b.c.config.ConfigDataLoader - Fetching config from server at : http://localhost:8888
2024-07-19 10:49:49 [main] INFO  o.s.b.c.config.ConfigDataLoader - Located environment: name=kafka-to-elastic-service,config-client, profiles=[kafka_to_elastic], label=null, version=d45c4e4358c3bd2f21679e6fbe393aa431d9b4f2, state=null
2024-07-19 10:49:50 [main] INFO  o.s.d.r.c.RepositoryConfigurationDelegate - Bootstrapping Spring Data Elasticsearch repositories in DEFAULT mode.
2024-07-19 10:49:50 [main] INFO  o.s.d.r.c.RepositoryConfigurationDelegate - Finished Spring Data repository scanning in 92 ms. Found 1 Elasticsearch repository interfaces.
2024-07-19 10:49:50 [main] INFO  o.s.d.r.c.RepositoryConfigurationDelegate - Bootstrapping Spring Data Reactive Elasticsearch repositories in DEFAULT mode.
2024-07-19 10:49:50 [main] INFO  o.s.d.r.c.RepositoryConfigurationDelegate - Finished Spring Data repository scanning in 5 ms. Found 0 Reactive Elasticsearch repository interfaces.
2024-07-19 10:49:51 [main] INFO  o.s.cloud.context.scope.GenericScope - BeanFactory id=8b50fbaf-feab-3a3e-b1fc-3185878cbaa6
2024-07-19 10:49:51 [main] INFO  o.s.c.s.PostProcessorRegistrationDelegate$BeanPostProcessorChecker - Bean 'org.springframework.retry.annotation.RetryConfiguration' of type [org.springframework.retry.annotation.RetryConfiguration] is not eligible for getting processed by all BeanPostProcessors (for example: not eligible for auto-proxying)
2024-07-19 10:49:51 [main] INFO  o.a.k.c.admin.AdminClientConfig - AdminClientConfig values: 
	bootstrap.servers = [localhost:19092, localhost:29092, localhost:39092]
	client.dns.lookup = use_all_dns_ips
	client.id = 
	connections.max.idle.ms = 300000
	default.api.timeout.ms = 60000
	metadata.max.age.ms = 300000
	metric.reporters = []
	metrics.num.samples = 2
	metrics.recording.level = INFO
	metrics.sample.window.ms = 30000
	receive.buffer.bytes = 65536
	reconnect.backoff.max.ms = 1000
	reconnect.backoff.ms = 50
	request.timeout.ms = 30000
	retries = 2147483647
	retry.backoff.ms = 100
	sasl.client.callback.handler.class = null
	sasl.jaas.config = null
	sasl.kerberos.kinit.cmd = /usr/bin/kinit
	sasl.kerberos.min.time.before.relogin = 60000
	sasl.kerberos.service.name = null
	sasl.kerberos.ticket.renew.jitter = 0.05
	sasl.kerberos.ticket.renew.window.factor = 0.8
	sasl.login.callback.handler.class = null
	sasl.login.class = null
	sasl.login.refresh.buffer.seconds = 300
	sasl.login.refresh.min.period.seconds = 60
	sasl.login.refresh.window.factor = 0.8
	sasl.login.refresh.window.jitter = 0.05
	sasl.mechanism = GSSAPI
	security.protocol = PLAINTEXT
	security.providers = null
	send.buffer.bytes = 131072
	socket.connection.setup.timeout.max.ms = 127000
	socket.connection.setup.timeout.ms = 10000
	ssl.cipher.suites = null
	ssl.enabled.protocols = [TLSv1.2, TLSv1.3]
	ssl.endpoint.identification.algorithm = https
	ssl.engine.factory.class = null
	ssl.key.password = null
	ssl.keymanager.algorithm = SunX509
	ssl.keystore.certificate.chain = null
	ssl.keystore.key = null
	ssl.keystore.location = null
	ssl.keystore.password = null
	ssl.keystore.type = JKS
	ssl.protocol = TLSv1.3
	ssl.provider = null
	ssl.secure.random.implementation = null
	ssl.trustmanager.algorithm = PKIX
	ssl.truststore.certificates = null
	ssl.truststore.location = null
	ssl.truststore.password = null
	ssl.truststore.type = JKS

2024-07-19 10:49:51 [main] INFO  o.a.kafka.common.utils.AppInfoParser - Kafka version: 2.7.1
2024-07-19 10:49:51 [main] INFO  o.a.kafka.common.utils.AppInfoParser - Kafka commitId: 61dbce85d0d41457
2024-07-19 10:49:51 [main] INFO  o.a.kafka.common.utils.AppInfoParser - Kafka startTimeMs: 1721396991556
2024-07-19 10:49:52 [main] WARN  org.elasticsearch.client.RestClient - request [GET http://localhost:9200/] returned 1 warnings: [299 Elasticsearch-7.13.4-c5f60e894ca0c61cdbae4f5a686d9f08bcefc942 "Elasticsearch built-in security features are not enabled. Without authentication, your cluster could be accessible to anyone. See https://www.elastic.co/guide/en/elasticsearch/reference/7.13/security-minimal-setup.html to enable security."]
2024-07-19 10:49:52 [main] INFO  o.s.d.e.support.VersionInfo - Version Spring Data Elasticsearch: 4.2.3
2024-07-19 10:49:52 [main] INFO  o.s.d.e.support.VersionInfo - Version Elasticsearch Client in build: 7.12.1
2024-07-19 10:49:52 [main] INFO  o.s.d.e.support.VersionInfo - Version Elasticsearch Client used: 7.13.4
2024-07-19 10:49:52 [main] WARN  o.s.d.e.support.VersionInfo - Version mismatch in between Elasticsearch Clients build/use: 7.12.1 - 7.13.4
2024-07-19 10:49:52 [main] INFO  o.s.d.e.support.VersionInfo - Version Elasticsearch cluster: 7.13.4
2024-07-19 10:49:53 [main] WARN  org.elasticsearch.client.RestClient - request [HEAD http://localhost:9200/twitter-index?ignore_throttled=false&ignore_unavailable=false&expand_wildcards=open%2Cclosed&allow_no_indices=false] returned 1 warnings: [299 Elasticsearch-7.13.4-c5f60e894ca0c61cdbae4f5a686d9f08bcefc942 "Elasticsearch built-in security features are not enabled. Without authentication, your cluster could be accessible to anyone. See https://www.elastic.co/guide/en/elasticsearch/reference/7.13/security-minimal-setup.html to enable security."]
2024-07-19 10:49:53 [main] INFO  o.s.b.a.s.r.ReactiveUserDetailsServiceAutoConfiguration - 

Using generated security password: 6c167a86-22e7-4761-aadf-f910d1946508

2024-07-19 10:49:54 [main] INFO  o.s.b.w.e.netty.NettyWebServer - Netty started on port 8182
2024-07-19 10:49:54 [main] INFO  c.m.d.k.t.e.s.KafkaToElasticServiceApplication - Started KafkaToElasticServiceApplication in 8.782 seconds (JVM running for 11.179)
2024-07-19 10:49:54 [main] INFO  c.m.d.k.a.client.KafkaAdminClient - Reading kafka topic [twitter-topic], attempt 0
2024-07-19 10:49:54 [main] INFO  c.m.d.k.t.e.s.c.i.TwitterKafkaConsumer - Topics with name twitter-topic is ready for operations!
2024-07-19 10:49:55 [main] INFO  o.a.k.c.consumer.ConsumerConfig - ConsumerConfig values: 
	allow.auto.create.topics = true
	auto.commit.interval.ms = 5000
	auto.offset.reset = earliest
	bootstrap.servers = [localhost:19092, localhost:29092, localhost:39092]
	check.crcs = true
	client.dns.lookup = use_all_dns_ips
	client.id = consumer-twitterTopicListener-1
	client.rack = 
	connections.max.idle.ms = 540000
	default.api.timeout.ms = 60000
	enable.auto.commit = false
	exclude.internal.topics = true
	fetch.max.bytes = 52428800
	fetch.max.wait.ms = 500
	fetch.min.bytes = 1
	group.id = twitterTopicListener
	group.instance.id = null
	heartbeat.interval.ms = 3000
	interceptor.classes = []
	internal.leave.group.on.close = true
	internal.throw.on.fetch.stable.offset.unsupported = false
	isolation.level = read_uncommitted
	key.deserializer = class org.apache.kafka.common.serialization.LongDeserializer
	max.partition.fetch.bytes = 1048576
	max.poll.interval.ms = 300000
	max.poll.records = 500
	metadata.max.age.ms = 300000
	metric.reporters = []
	metrics.num.samples = 2
	metrics.recording.level = INFO
	metrics.sample.window.ms = 30000
	partition.assignment.strategy = [class org.apache.kafka.clients.consumer.RangeAssignor]
	receive.buffer.bytes = 65536
	reconnect.backoff.max.ms = 1000
	reconnect.backoff.ms = 50
	request.timeout.ms = 30000
	retry.backoff.ms = 100
	sasl.client.callback.handler.class = null
	sasl.jaas.config = null
	sasl.kerberos.kinit.cmd = /usr/bin/kinit
	sasl.kerberos.min.time.before.relogin = 60000
	sasl.kerberos.service.name = null
	sasl.kerberos.ticket.renew.jitter = 0.05
	sasl.kerberos.ticket.renew.window.factor = 0.8
	sasl.login.callback.handler.class = null
	sasl.login.class = null
	sasl.login.refresh.buffer.seconds = 300
	sasl.login.refresh.min.period.seconds = 60
	sasl.login.refresh.window.factor = 0.8
	sasl.login.refresh.window.jitter = 0.05
	sasl.mechanism = GSSAPI
	security.protocol = PLAINTEXT
	security.providers = null
	send.buffer.bytes = 131072
	session.timeout.ms = 10000
	socket.connection.setup.timeout.max.ms = 127000
	socket.connection.setup.timeout.ms = 10000
	ssl.cipher.suites = null
	ssl.enabled.protocols = [TLSv1.2, TLSv1.3]
	ssl.endpoint.identification.algorithm = https
	ssl.engine.factory.class = null
	ssl.key.password = null
	ssl.keymanager.algorithm = SunX509
	ssl.keystore.certificate.chain = null
	ssl.keystore.key = null
	ssl.keystore.location = null
	ssl.keystore.password = null
	ssl.keystore.type = JKS
	ssl.protocol = TLSv1.3
	ssl.provider = null
	ssl.secure.random.implementation = null
	ssl.trustmanager.algorithm = PKIX
	ssl.truststore.certificates = null
	ssl.truststore.location = null
	ssl.truststore.password = null
	ssl.truststore.type = JKS
	value.deserializer = class io.confluent.kafka.serializers.KafkaAvroDeserializer

2024-07-19 10:49:55 [main] INFO  i.c.k.s.KafkaAvroDeserializerConfig - KafkaAvroDeserializerConfig values: 
	auto.register.schemas = true
	avro.reflection.allow.null = false
	avro.use.logical.type.converters = false
	basic.auth.credentials.source = URL
	basic.auth.user.info = [hidden]
	bearer.auth.credentials.source = STATIC_TOKEN
	bearer.auth.token = [hidden]
	key.subject.name.strategy = class io.confluent.kafka.serializers.subject.TopicNameStrategy
	latest.compatibility.strict = true
	max.schemas.per.subject = 1000
	proxy.host = 
	proxy.port = -1
	schema.reflection = false
	schema.registry.basic.auth.user.info = [hidden]
	schema.registry.ssl.cipher.suites = null
	schema.registry.ssl.enabled.protocols = [TLSv1.2, TLSv1.3]
	schema.registry.ssl.endpoint.identification.algorithm = https
	schema.registry.ssl.engine.factory.class = null
	schema.registry.ssl.key.password = null
	schema.registry.ssl.keymanager.algorithm = SunX509
	schema.registry.ssl.keystore.certificate.chain = null
	schema.registry.ssl.keystore.key = null
	schema.registry.ssl.keystore.location = null
	schema.registry.ssl.keystore.password = null
	schema.registry.ssl.keystore.type = JKS
	schema.registry.ssl.protocol = TLSv1.3
	schema.registry.ssl.provider = null
	schema.registry.ssl.secure.random.implementation = null
	schema.registry.ssl.trustmanager.algorithm = PKIX
	schema.registry.ssl.truststore.certificates = null
	schema.registry.ssl.truststore.location = null
	schema.registry.ssl.truststore.password = null
	schema.registry.ssl.truststore.type = JKS
	schema.registry.url = [http://localhost:8081]
	specific.avro.reader = true
	use.latest.version = false
	value.subject.name.strategy = class io.confluent.kafka.serializers.subject.TopicNameStrategy

2024-07-19 10:49:55 [main] INFO  o.a.kafka.common.utils.AppInfoParser - Kafka version: 2.7.1
2024-07-19 10:49:55 [main] INFO  o.a.kafka.common.utils.AppInfoParser - Kafka commitId: 61dbce85d0d41457
2024-07-19 10:49:55 [main] INFO  o.a.kafka.common.utils.AppInfoParser - Kafka startTimeMs: 1721396995124
2024-07-19 10:49:55 [main] INFO  o.a.k.clients.consumer.KafkaConsumer - [Consumer clientId=consumer-twitterTopicListener-1, groupId=twitterTopicListener] Subscribed to topic(s): twitter-topic
2024-07-19 10:49:55 [main] INFO  o.a.k.c.consumer.ConsumerConfig - ConsumerConfig values: 
	allow.auto.create.topics = true
	auto.commit.interval.ms = 5000
	auto.offset.reset = earliest
	bootstrap.servers = [localhost:19092, localhost:29092, localhost:39092]
	check.crcs = true
	client.dns.lookup = use_all_dns_ips
	client.id = consumer-twitterTopicListener-2
	client.rack = 
	connections.max.idle.ms = 540000
	default.api.timeout.ms = 60000
	enable.auto.commit = false
	exclude.internal.topics = true
	fetch.max.bytes = 52428800
	fetch.max.wait.ms = 500
	fetch.min.bytes = 1
	group.id = twitterTopicListener
	group.instance.id = null
	heartbeat.interval.ms = 3000
	interceptor.classes = []
	internal.leave.group.on.close = true
	internal.throw.on.fetch.stable.offset.unsupported = false
	isolation.level = read_uncommitted
	key.deserializer = class org.apache.kafka.common.serialization.LongDeserializer
	max.partition.fetch.bytes = 1048576
	max.poll.interval.ms = 300000
	max.poll.records = 500
	metadata.max.age.ms = 300000
	metric.reporters = []
	metrics.num.samples = 2
	metrics.recording.level = INFO
	metrics.sample.window.ms = 30000
	partition.assignment.strategy = [class org.apache.kafka.clients.consumer.RangeAssignor]
	receive.buffer.bytes = 65536
	reconnect.backoff.max.ms = 1000
	reconnect.backoff.ms = 50
	request.timeout.ms = 30000
	retry.backoff.ms = 100
	sasl.client.callback.handler.class = null
	sasl.jaas.config = null
	sasl.kerberos.kinit.cmd = /usr/bin/kinit
	sasl.kerberos.min.time.before.relogin = 60000
	sasl.kerberos.service.name = null
	sasl.kerberos.ticket.renew.jitter = 0.05
	sasl.kerberos.ticket.renew.window.factor = 0.8
	sasl.login.callback.handler.class = null
	sasl.login.class = null
	sasl.login.refresh.buffer.seconds = 300
	sasl.login.refresh.min.period.seconds = 60
	sasl.login.refresh.window.factor = 0.8
	sasl.login.refresh.window.jitter = 0.05
	sasl.mechanism = GSSAPI
	security.protocol = PLAINTEXT
	security.providers = null
	send.buffer.bytes = 131072
	session.timeout.ms = 10000
	socket.connection.setup.timeout.max.ms = 127000
	socket.connection.setup.timeout.ms = 10000
	ssl.cipher.suites = null
	ssl.enabled.protocols = [TLSv1.2, TLSv1.3]
	ssl.endpoint.identification.algorithm = https
	ssl.engine.factory.class = null
	ssl.key.password = null
	ssl.keymanager.algorithm = SunX509
	ssl.keystore.certificate.chain = null
	ssl.keystore.key = null
	ssl.keystore.location = null
	ssl.keystore.password = null
	ssl.keystore.type = JKS
	ssl.protocol = TLSv1.3
	ssl.provider = null
	ssl.secure.random.implementation = null
	ssl.trustmanager.algorithm = PKIX
	ssl.truststore.certificates = null
	ssl.truststore.location = null
	ssl.truststore.password = null
	ssl.truststore.type = JKS
	value.deserializer = class io.confluent.kafka.serializers.KafkaAvroDeserializer

2024-07-19 10:49:55 [main] INFO  i.c.k.s.KafkaAvroDeserializerConfig - KafkaAvroDeserializerConfig values: 
	auto.register.schemas = true
	avro.reflection.allow.null = false
	avro.use.logical.type.converters = false
	basic.auth.credentials.source = URL
	basic.auth.user.info = [hidden]
	bearer.auth.credentials.source = STATIC_TOKEN
	bearer.auth.token = [hidden]
	key.subject.name.strategy = class io.confluent.kafka.serializers.subject.TopicNameStrategy
	latest.compatibility.strict = true
	max.schemas.per.subject = 1000
	proxy.host = 
	proxy.port = -1
	schema.reflection = false
	schema.registry.basic.auth.user.info = [hidden]
	schema.registry.ssl.cipher.suites = null
	schema.registry.ssl.enabled.protocols = [TLSv1.2, TLSv1.3]
	schema.registry.ssl.endpoint.identification.algorithm = https
	schema.registry.ssl.engine.factory.class = null
	schema.registry.ssl.key.password = null
	schema.registry.ssl.keymanager.algorithm = SunX509
	schema.registry.ssl.keystore.certificate.chain = null
	schema.registry.ssl.keystore.key = null
	schema.registry.ssl.keystore.location = null
	schema.registry.ssl.keystore.password = null
	schema.registry.ssl.keystore.type = JKS
	schema.registry.ssl.protocol = TLSv1.3
	schema.registry.ssl.provider = null
	schema.registry.ssl.secure.random.implementation = null
	schema.registry.ssl.trustmanager.algorithm = PKIX
	schema.registry.ssl.truststore.certificates = null
	schema.registry.ssl.truststore.location = null
	schema.registry.ssl.truststore.password = null
	schema.registry.ssl.truststore.type = JKS
	schema.registry.url = [http://localhost:8081]
	specific.avro.reader = true
	use.latest.version = false
	value.subject.name.strategy = class io.confluent.kafka.serializers.subject.TopicNameStrategy

2024-07-19 10:49:55 [main] INFO  o.a.kafka.common.utils.AppInfoParser - Kafka version: 2.7.1
2024-07-19 10:49:55 [main] INFO  o.a.kafka.common.utils.AppInfoParser - Kafka commitId: 61dbce85d0d41457
2024-07-19 10:49:55 [main] INFO  o.a.kafka.common.utils.AppInfoParser - Kafka startTimeMs: 1721396995210
2024-07-19 10:49:55 [main] INFO  o.a.k.clients.consumer.KafkaConsumer - [Consumer clientId=consumer-twitterTopicListener-2, groupId=twitterTopicListener] Subscribed to topic(s): twitter-topic
2024-07-19 10:49:55 [main] INFO  o.a.k.c.consumer.ConsumerConfig - ConsumerConfig values: 
	allow.auto.create.topics = true
	auto.commit.interval.ms = 5000
	auto.offset.reset = earliest
	bootstrap.servers = [localhost:19092, localhost:29092, localhost:39092]
	check.crcs = true
	client.dns.lookup = use_all_dns_ips
	client.id = consumer-twitterTopicListener-3
	client.rack = 
	connections.max.idle.ms = 540000
	default.api.timeout.ms = 60000
	enable.auto.commit = false
	exclude.internal.topics = true
	fetch.max.bytes = 52428800
	fetch.max.wait.ms = 500
	fetch.min.bytes = 1
	group.id = twitterTopicListener
	group.instance.id = null
	heartbeat.interval.ms = 3000
	interceptor.classes = []
	internal.leave.group.on.close = true
	internal.throw.on.fetch.stable.offset.unsupported = false
	isolation.level = read_uncommitted
	key.deserializer = class org.apache.kafka.common.serialization.LongDeserializer
	max.partition.fetch.bytes = 1048576
	max.poll.interval.ms = 300000
	max.poll.records = 500
	metadata.max.age.ms = 300000
	metric.reporters = []
	metrics.num.samples = 2
	metrics.recording.level = INFO
	metrics.sample.window.ms = 30000
	partition.assignment.strategy = [class org.apache.kafka.clients.consumer.RangeAssignor]
	receive.buffer.bytes = 65536
	reconnect.backoff.max.ms = 1000
	reconnect.backoff.ms = 50
	request.timeout.ms = 30000
	retry.backoff.ms = 100
	sasl.client.callback.handler.class = null
	sasl.jaas.config = null
	sasl.kerberos.kinit.cmd = /usr/bin/kinit
	sasl.kerberos.min.time.before.relogin = 60000
	sasl.kerberos.service.name = null
	sasl.kerberos.ticket.renew.jitter = 0.05
	sasl.kerberos.ticket.renew.window.factor = 0.8
	sasl.login.callback.handler.class = null
	sasl.login.class = null
	sasl.login.refresh.buffer.seconds = 300
	sasl.login.refresh.min.period.seconds = 60
	sasl.login.refresh.window.factor = 0.8
	sasl.login.refresh.window.jitter = 0.05
	sasl.mechanism = GSSAPI
	security.protocol = PLAINTEXT
	security.providers = null
	send.buffer.bytes = 131072
	session.timeout.ms = 10000
	socket.connection.setup.timeout.max.ms = 127000
	socket.connection.setup.timeout.ms = 10000
	ssl.cipher.suites = null
	ssl.enabled.protocols = [TLSv1.2, TLSv1.3]
	ssl.endpoint.identification.algorithm = https
	ssl.engine.factory.class = null
	ssl.key.password = null
	ssl.keymanager.algorithm = SunX509
	ssl.keystore.certificate.chain = null
	ssl.keystore.key = null
	ssl.keystore.location = null
	ssl.keystore.password = null
	ssl.keystore.type = JKS
	ssl.protocol = TLSv1.3
	ssl.provider = null
	ssl.secure.random.implementation = null
	ssl.trustmanager.algorithm = PKIX
	ssl.truststore.certificates = null
	ssl.truststore.location = null
	ssl.truststore.password = null
	ssl.truststore.type = JKS
	value.deserializer = class io.confluent.kafka.serializers.KafkaAvroDeserializer

2024-07-19 10:49:55 [main] INFO  i.c.k.s.KafkaAvroDeserializerConfig - KafkaAvroDeserializerConfig values: 
	auto.register.schemas = true
	avro.reflection.allow.null = false
	avro.use.logical.type.converters = false
	basic.auth.credentials.source = URL
	basic.auth.user.info = [hidden]
	bearer.auth.credentials.source = STATIC_TOKEN
	bearer.auth.token = [hidden]
	key.subject.name.strategy = class io.confluent.kafka.serializers.subject.TopicNameStrategy
	latest.compatibility.strict = true
	max.schemas.per.subject = 1000
	proxy.host = 
	proxy.port = -1
	schema.reflection = false
	schema.registry.basic.auth.user.info = [hidden]
	schema.registry.ssl.cipher.suites = null
	schema.registry.ssl.enabled.protocols = [TLSv1.2, TLSv1.3]
	schema.registry.ssl.endpoint.identification.algorithm = https
	schema.registry.ssl.engine.factory.class = null
	schema.registry.ssl.key.password = null
	schema.registry.ssl.keymanager.algorithm = SunX509
	schema.registry.ssl.keystore.certificate.chain = null
	schema.registry.ssl.keystore.key = null
	schema.registry.ssl.keystore.location = null
	schema.registry.ssl.keystore.password = null
	schema.registry.ssl.keystore.type = JKS
	schema.registry.ssl.protocol = TLSv1.3
	schema.registry.ssl.provider = null
	schema.registry.ssl.secure.random.implementation = null
	schema.registry.ssl.trustmanager.algorithm = PKIX
	schema.registry.ssl.truststore.certificates = null
	schema.registry.ssl.truststore.location = null
	schema.registry.ssl.truststore.password = null
	schema.registry.ssl.truststore.type = JKS
	schema.registry.url = [http://localhost:8081]
	specific.avro.reader = true
	use.latest.version = false
	value.subject.name.strategy = class io.confluent.kafka.serializers.subject.TopicNameStrategy

2024-07-19 10:49:55 [main] INFO  o.a.kafka.common.utils.AppInfoParser - Kafka version: 2.7.1
2024-07-19 10:49:55 [main] INFO  o.a.kafka.common.utils.AppInfoParser - Kafka commitId: 61dbce85d0d41457
2024-07-19 10:49:55 [main] INFO  o.a.kafka.common.utils.AppInfoParser - Kafka startTimeMs: 1721396995255
2024-07-19 10:49:55 [main] INFO  o.a.k.clients.consumer.KafkaConsumer - [Consumer clientId=consumer-twitterTopicListener-3, groupId=twitterTopicListener] Subscribed to topic(s): twitter-topic
2024-07-19 10:49:55 [twitterTopicListener-1-C-1] INFO  org.apache.kafka.clients.Metadata - [Consumer clientId=consumer-twitterTopicListener-2, groupId=twitterTopicListener] Cluster ID: CVLa9m1WRkKeyFKNN3AynQ
2024-07-19 10:49:55 [twitterTopicListener-0-C-1] INFO  org.apache.kafka.clients.Metadata - [Consumer clientId=consumer-twitterTopicListener-1, groupId=twitterTopicListener] Cluster ID: CVLa9m1WRkKeyFKNN3AynQ
2024-07-19 10:49:55 [twitterTopicListener-0-C-1] INFO  o.a.k.c.c.i.AbstractCoordinator - [Consumer clientId=consumer-twitterTopicListener-1, groupId=twitterTopicListener] Discovered group coordinator localhost:29092 (id: 2147483645 rack: null)
2024-07-19 10:49:55 [twitterTopicListener-1-C-1] INFO  o.a.k.c.c.i.AbstractCoordinator - [Consumer clientId=consumer-twitterTopicListener-2, groupId=twitterTopicListener] Discovered group coordinator localhost:29092 (id: 2147483645 rack: null)
2024-07-19 10:49:55 [twitterTopicListener-2-C-1] INFO  org.apache.kafka.clients.Metadata - [Consumer clientId=consumer-twitterTopicListener-3, groupId=twitterTopicListener] Cluster ID: CVLa9m1WRkKeyFKNN3AynQ
2024-07-19 10:49:55 [twitterTopicListener-1-C-1] INFO  o.a.k.c.c.i.AbstractCoordinator - [Consumer clientId=consumer-twitterTopicListener-2, groupId=twitterTopicListener] (Re-)joining group
2024-07-19 10:49:55 [twitterTopicListener-0-C-1] INFO  o.a.k.c.c.i.AbstractCoordinator - [Consumer clientId=consumer-twitterTopicListener-1, groupId=twitterTopicListener] (Re-)joining group
2024-07-19 10:49:55 [twitterTopicListener-2-C-1] INFO  o.a.k.c.c.i.AbstractCoordinator - [Consumer clientId=consumer-twitterTopicListener-3, groupId=twitterTopicListener] Discovered group coordinator localhost:29092 (id: 2147483645 rack: null)
2024-07-19 10:49:55 [twitterTopicListener-2-C-1] INFO  o.a.k.c.c.i.AbstractCoordinator - [Consumer clientId=consumer-twitterTopicListener-3, groupId=twitterTopicListener] (Re-)joining group
2024-07-19 10:49:55 [twitterTopicListener-1-C-1] INFO  o.a.k.c.c.i.AbstractCoordinator - [Consumer clientId=consumer-twitterTopicListener-2, groupId=twitterTopicListener] (Re-)joining group
2024-07-19 10:49:55 [twitterTopicListener-2-C-1] INFO  o.a.k.c.c.i.AbstractCoordinator - [Consumer clientId=consumer-twitterTopicListener-3, groupId=twitterTopicListener] (Re-)joining group
2024-07-19 10:49:55 [twitterTopicListener-0-C-1] INFO  o.a.k.c.c.i.AbstractCoordinator - [Consumer clientId=consumer-twitterTopicListener-1, groupId=twitterTopicListener] (Re-)joining group
2024-07-19 10:49:58 [twitterTopicListener-1-C-1] INFO  o.a.k.c.c.i.AbstractCoordinator - [Consumer clientId=consumer-twitterTopicListener-2, groupId=twitterTopicListener] Successfully joined group with generation Generation{generationId=11, memberId='consumer-twitterTopicListener-2-7c1d1c61-f056-4aa7-9dbe-aadd003af986', protocol='range'}
2024-07-19 10:49:58 [twitterTopicListener-0-C-1] INFO  o.a.k.c.c.i.AbstractCoordinator - [Consumer clientId=consumer-twitterTopicListener-1, groupId=twitterTopicListener] Successfully joined group with generation Generation{generationId=11, memberId='consumer-twitterTopicListener-1-beda42db-b976-454e-b21b-a50fa88b46a6', protocol='range'}
2024-07-19 10:49:58 [twitterTopicListener-2-C-1] INFO  o.a.k.c.c.i.AbstractCoordinator - [Consumer clientId=consumer-twitterTopicListener-3, groupId=twitterTopicListener] Successfully joined group with generation Generation{generationId=11, memberId='consumer-twitterTopicListener-3-8c8c5ecd-0750-4cae-af2e-00cd37d146fb', protocol='range'}
2024-07-19 10:49:58 [twitterTopicListener-1-C-1] INFO  o.a.k.c.c.i.ConsumerCoordinator - [Consumer clientId=consumer-twitterTopicListener-2, groupId=twitterTopicListener] Finished assignment for group at generation 11: {consumer-twitterTopicListener-2-7c1d1c61-f056-4aa7-9dbe-aadd003af986=Assignment(partitions=[twitter-topic-1]), consumer-twitterTopicListener-1-beda42db-b976-454e-b21b-a50fa88b46a6=Assignment(partitions=[twitter-topic-0]), consumer-twitterTopicListener-3-8c8c5ecd-0750-4cae-af2e-00cd37d146fb=Assignment(partitions=[twitter-topic-2])}
2024-07-19 10:49:58 [twitterTopicListener-1-C-1] INFO  o.a.k.c.c.i.AbstractCoordinator - [Consumer clientId=consumer-twitterTopicListener-2, groupId=twitterTopicListener] Successfully synced group in generation Generation{generationId=11, memberId='consumer-twitterTopicListener-2-7c1d1c61-f056-4aa7-9dbe-aadd003af986', protocol='range'}
2024-07-19 10:49:58 [twitterTopicListener-1-C-1] INFO  o.a.k.c.c.i.ConsumerCoordinator - [Consumer clientId=consumer-twitterTopicListener-2, groupId=twitterTopicListener] Notifying assignor about the new Assignment(partitions=[twitter-topic-1])
2024-07-19 10:49:58 [twitterTopicListener-0-C-1] INFO  o.a.k.c.c.i.AbstractCoordinator - [Consumer clientId=consumer-twitterTopicListener-1, groupId=twitterTopicListener] Successfully synced group in generation Generation{generationId=11, memberId='consumer-twitterTopicListener-1-beda42db-b976-454e-b21b-a50fa88b46a6', protocol='range'}
2024-07-19 10:49:58 [twitterTopicListener-0-C-1] INFO  o.a.k.c.c.i.ConsumerCoordinator - [Consumer clientId=consumer-twitterTopicListener-1, groupId=twitterTopicListener] Notifying assignor about the new Assignment(partitions=[twitter-topic-0])
2024-07-19 10:49:58 [twitterTopicListener-2-C-1] INFO  o.a.k.c.c.i.AbstractCoordinator - [Consumer clientId=consumer-twitterTopicListener-3, groupId=twitterTopicListener] Successfully synced group in generation Generation{generationId=11, memberId='consumer-twitterTopicListener-3-8c8c5ecd-0750-4cae-af2e-00cd37d146fb', protocol='range'}
2024-07-19 10:49:58 [twitterTopicListener-2-C-1] INFO  o.a.k.c.c.i.ConsumerCoordinator - [Consumer clientId=consumer-twitterTopicListener-3, groupId=twitterTopicListener] Notifying assignor about the new Assignment(partitions=[twitter-topic-2])
2024-07-19 10:49:58 [twitterTopicListener-1-C-1] INFO  o.a.k.c.c.i.ConsumerCoordinator - [Consumer clientId=consumer-twitterTopicListener-2, groupId=twitterTopicListener] Adding newly assigned partitions: twitter-topic-1
2024-07-19 10:49:58 [twitterTopicListener-0-C-1] INFO  o.a.k.c.c.i.ConsumerCoordinator - [Consumer clientId=consumer-twitterTopicListener-1, groupId=twitterTopicListener] Adding newly assigned partitions: twitter-topic-0
2024-07-19 10:49:58 [twitterTopicListener-2-C-1] INFO  o.a.k.c.c.i.ConsumerCoordinator - [Consumer clientId=consumer-twitterTopicListener-3, groupId=twitterTopicListener] Adding newly assigned partitions: twitter-topic-2
2024-07-19 10:49:58 [twitterTopicListener-0-C-1] INFO  o.a.k.c.c.i.ConsumerCoordinator - [Consumer clientId=consumer-twitterTopicListener-1, groupId=twitterTopicListener] Setting offset for partition twitter-topic-0 to the committed offset FetchPosition{offset=326, offsetEpoch=Optional.empty, currentLeader=LeaderAndEpoch{leader=Optional[localhost:29092 (id: 2 rack: null)], epoch=14}}
2024-07-19 10:49:58 [twitterTopicListener-2-C-1] INFO  o.a.k.c.c.i.ConsumerCoordinator - [Consumer clientId=consumer-twitterTopicListener-3, groupId=twitterTopicListener] Setting offset for partition twitter-topic-2 to the committed offset FetchPosition{offset=312, offsetEpoch=Optional.empty, currentLeader=LeaderAndEpoch{leader=Optional[localhost:29092 (id: 2 rack: null)], epoch=14}}
2024-07-19 10:49:58 [twitterTopicListener-1-C-1] INFO  o.a.k.c.c.i.ConsumerCoordinator - [Consumer clientId=consumer-twitterTopicListener-2, groupId=twitterTopicListener] Setting offset for partition twitter-topic-1 to the committed offset FetchPosition{offset=303, offsetEpoch=Optional.empty, currentLeader=LeaderAndEpoch{leader=Optional[localhost:29092 (id: 2 rack: null)], epoch=15}}
2024-07-19 10:49:58 [twitterTopicListener-0-C-1] INFO  o.s.k.l.KafkaMessageListenerContainer - twitterTopicListener: partitions assigned: [twitter-topic-0]
2024-07-19 10:49:58 [twitterTopicListener-1-C-1] INFO  o.s.k.l.KafkaMessageListenerContainer - twitterTopicListener: partitions assigned: [twitter-topic-1]
2024-07-19 10:49:58 [twitterTopicListener-2-C-1] INFO  o.s.k.l.KafkaMessageListenerContainer - twitterTopicListener: partitions assigned: [twitter-topic-2]
2024-07-19 10:49:58 [twitterTopicListener-1-C-1] INFO  c.m.d.k.t.e.s.c.i.TwitterKafkaConsumer - 1 number of message received with keys [1338129741523974617], partitions [1] and offsets [303], sending it to elastic: Thread id 56
2024-07-19 10:49:58 [twitterTopicListener-0-C-1] INFO  c.m.d.k.t.e.s.c.i.TwitterKafkaConsumer - 2 number of message received with keys [782413588703809786, 2904353795091690576], partitions [0, 0] and offsets [326, 327], sending it to elastic: Thread id 54
2024-07-19 10:49:59 [twitterTopicListener-0-C-1] WARN  org.elasticsearch.client.RestClient - request [POST http://localhost:9200/_bulk?timeout=1m] returned 1 warnings: [299 Elasticsearch-7.13.4-c5f60e894ca0c61cdbae4f5a686d9f08bcefc942 "Elasticsearch built-in security features are not enabled. Without authentication, your cluster could be accessible to anyone. See https://www.elastic.co/guide/en/elasticsearch/reference/7.13/security-minimal-setup.html to enable security."]
2024-07-19 10:49:59 [twitterTopicListener-1-C-1] WARN  org.elasticsearch.client.RestClient - request [POST http://localhost:9200/_bulk?timeout=1m] returned 1 warnings: [299 Elasticsearch-7.13.4-c5f60e894ca0c61cdbae4f5a686d9f08bcefc942 "Elasticsearch built-in security features are not enabled. Without authentication, your cluster could be accessible to anyone. See https://www.elastic.co/guide/en/elasticsearch/reference/7.13/security-minimal-setup.html to enable security."]
2024-07-19 10:49:59 [twitterTopicListener-0-C-1] WARN  org.elasticsearch.client.RestClient - request [POST http://localhost:9200/twitter-index/_refresh?ignore_throttled=false&ignore_unavailable=false&expand_wildcards=open&allow_no_indices=true] returned 1 warnings: [299 Elasticsearch-7.13.4-c5f60e894ca0c61cdbae4f5a686d9f08bcefc942 "Elasticsearch built-in security features are not enabled. Without authentication, your cluster could be accessible to anyone. See https://www.elastic.co/guide/en/elasticsearch/reference/7.13/security-minimal-setup.html to enable security."]
2024-07-19 10:49:59 [twitterTopicListener-1-C-1] WARN  org.elasticsearch.client.RestClient - request [POST http://localhost:9200/twitter-index/_refresh?ignore_throttled=false&ignore_unavailable=false&expand_wildcards=open&allow_no_indices=true] returned 1 warnings: [299 Elasticsearch-7.13.4-c5f60e894ca0c61cdbae4f5a686d9f08bcefc942 "Elasticsearch built-in security features are not enabled. Without authentication, your cluster could be accessible to anyone. See https://www.elastic.co/guide/en/elasticsearch/reference/7.13/security-minimal-setup.html to enable security."]
2024-07-19 10:49:59 [twitterTopicListener-0-C-1] INFO  c.m.d.e.i.c.s.i.TwitterElasticRepositoryIndexClient - Documents indexed successfully with type: com.microservices.demo.elastic.model.index.impl.TwitterIndexModel and ids: [395341734024404856, 3262435430026227661]
2024-07-19 10:49:59 [twitterTopicListener-0-C-1] INFO  c.m.d.k.t.e.s.c.i.TwitterKafkaConsumer - Documents saved to elasticsearch with ids 395341734024404856
2024-07-19 10:49:59 [twitterTopicListener-1-C-1] INFO  c.m.d.e.i.c.s.i.TwitterElasticRepositoryIndexClient - Documents indexed successfully with type: com.microservices.demo.elastic.model.index.impl.TwitterIndexModel and ids: [5590068475682121116]
2024-07-19 10:49:59 [twitterTopicListener-1-C-1] INFO  c.m.d.k.t.e.s.c.i.TwitterKafkaConsumer - Documents saved to elasticsearch with ids 5590068475682121116
2024-07-19 10:50:00 [twitterTopicListener-0-C-1] INFO  c.m.d.k.t.e.s.c.i.TwitterKafkaConsumer - 1 number of message received with keys [7281955785544429985], partitions [0] and offsets [328], sending it to elastic: Thread id 54
2024-07-19 10:50:00 [twitterTopicListener-0-C-1] WARN  org.elasticsearch.client.RestClient - request [POST http://localhost:9200/_bulk?timeout=1m] returned 1 warnings: [299 Elasticsearch-7.13.4-c5f60e894ca0c61cdbae4f5a686d9f08bcefc942 "Elasticsearch built-in security features are not enabled. Without authentication, your cluster could be accessible to anyone. See https://www.elastic.co/guide/en/elasticsearch/reference/7.13/security-minimal-setup.html to enable security."]
2024-07-19 10:50:00 [twitterTopicListener-0-C-1] WARN  org.elasticsearch.client.RestClient - request [POST http://localhost:9200/twitter-index/_refresh?ignore_throttled=false&ignore_unavailable=false&expand_wildcards=open&allow_no_indices=true] returned 1 warnings: [299 Elasticsearch-7.13.4-c5f60e894ca0c61cdbae4f5a686d9f08bcefc942 "Elasticsearch built-in security features are not enabled. Without authentication, your cluster could be accessible to anyone. See https://www.elastic.co/guide/en/elasticsearch/reference/7.13/security-minimal-setup.html to enable security."]
2024-07-19 10:50:00 [twitterTopicListener-0-C-1] INFO  c.m.d.e.i.c.s.i.TwitterElasticRepositoryIndexClient - Documents indexed successfully with type: com.microservices.demo.elastic.model.index.impl.TwitterIndexModel and ids: [7673688311093813521]
2024-07-19 10:50:00 [twitterTopicListener-0-C-1] INFO  c.m.d.k.t.e.s.c.i.TwitterKafkaConsumer - Documents saved to elasticsearch with ids 7673688311093813521
2024-07-19 10:50:10 [twitterTopicListener-1-C-1] INFO  c.m.d.k.t.e.s.c.i.TwitterKafkaConsumer - 1 number of message received with keys [6859240257699781248], partitions [1] and offsets [304], sending it to elastic: Thread id 56
2024-07-19 10:50:10 [twitterTopicListener-1-C-1] WARN  org.elasticsearch.client.RestClient - request [POST http://localhost:9200/_bulk?timeout=1m] returned 1 warnings: [299 Elasticsearch-7.13.4-c5f60e894ca0c61cdbae4f5a686d9f08bcefc942 "Elasticsearch built-in security features are not enabled. Without authentication, your cluster could be accessible to anyone. See https://www.elastic.co/guide/en/elasticsearch/reference/7.13/security-minimal-setup.html to enable security."]
2024-07-19 10:50:10 [twitterTopicListener-1-C-1] WARN  org.elasticsearch.client.RestClient - request [POST http://localhost:9200/twitter-index/_refresh?ignore_throttled=false&ignore_unavailable=false&expand_wildcards=open&allow_no_indices=true] returned 1 warnings: [299 Elasticsearch-7.13.4-c5f60e894ca0c61cdbae4f5a686d9f08bcefc942 "Elasticsearch built-in security features are not enabled. Without authentication, your cluster could be accessible to anyone. See https://www.elastic.co/guide/en/elasticsearch/reference/7.13/security-minimal-setup.html to enable security."]
2024-07-19 10:50:10 [twitterTopicListener-1-C-1] INFO  c.m.d.e.i.c.s.i.TwitterElasticRepositoryIndexClient - Documents indexed successfully with type: com.microservices.demo.elastic.model.index.impl.TwitterIndexModel and ids: [1452005018136483766]
2024-07-19 10:50:10 [twitterTopicListener-1-C-1] INFO  c.m.d.k.t.e.s.c.i.TwitterKafkaConsumer - Documents saved to elasticsearch with ids 1452005018136483766
2024-07-19 10:50:20 [twitterTopicListener-0-C-1] INFO  c.m.d.k.t.e.s.c.i.TwitterKafkaConsumer - 1 number of message received with keys [849701554490088991], partitions [0] and offsets [329], sending it to elastic: Thread id 54
2024-07-19 10:50:20 [twitterTopicListener-0-C-1] WARN  org.elasticsearch.client.RestClient - request [POST http://localhost:9200/_bulk?timeout=1m] returned 1 warnings: [299 Elasticsearch-7.13.4-c5f60e894ca0c61cdbae4f5a686d9f08bcefc942 "Elasticsearch built-in security features are not enabled. Without authentication, your cluster could be accessible to anyone. See https://www.elastic.co/guide/en/elasticsearch/reference/7.13/security-minimal-setup.html to enable security."]
2024-07-19 10:50:20 [twitterTopicListener-0-C-1] WARN  org.elasticsearch.client.RestClient - request [POST http://localhost:9200/twitter-index/_refresh?ignore_throttled=false&ignore_unavailable=false&expand_wildcards=open&allow_no_indices=true] returned 1 warnings: [299 Elasticsearch-7.13.4-c5f60e894ca0c61cdbae4f5a686d9f08bcefc942 "Elasticsearch built-in security features are not enabled. Without authentication, your cluster could be accessible to anyone. See https://www.elastic.co/guide/en/elasticsearch/reference/7.13/security-minimal-setup.html to enable security."]
2024-07-19 10:50:20 [twitterTopicListener-0-C-1] INFO  c.m.d.e.i.c.s.i.TwitterElasticRepositoryIndexClient - Documents indexed successfully with type: com.microservices.demo.elastic.model.index.impl.TwitterIndexModel and ids: [7554944003525237941]
2024-07-19 10:50:20 [twitterTopicListener-0-C-1] INFO  c.m.d.k.t.e.s.c.i.TwitterKafkaConsumer - Documents saved to elasticsearch with ids 7554944003525237941
2024-07-19 10:50:30 [twitterTopicListener-1-C-1] INFO  c.m.d.k.t.e.s.c.i.TwitterKafkaConsumer - 1 number of message received with keys [7864226656703971986], partitions [1] and offsets [305], sending it to elastic: Thread id 56
2024-07-19 10:50:30 [twitterTopicListener-1-C-1] WARN  org.elasticsearch.client.RestClient - request [POST http://localhost:9200/_bulk?timeout=1m] returned 1 warnings: [299 Elasticsearch-7.13.4-c5f60e894ca0c61cdbae4f5a686d9f08bcefc942 "Elasticsearch built-in security features are not enabled. Without authentication, your cluster could be accessible to anyone. See https://www.elastic.co/guide/en/elasticsearch/reference/7.13/security-minimal-setup.html to enable security."]
2024-07-19 10:50:30 [twitterTopicListener-1-C-1] WARN  org.elasticsearch.client.RestClient - request [POST http://localhost:9200/twitter-index/_refresh?ignore_throttled=false&ignore_unavailable=false&expand_wildcards=open&allow_no_indices=true] returned 1 warnings: [299 Elasticsearch-7.13.4-c5f60e894ca0c61cdbae4f5a686d9f08bcefc942 "Elasticsearch built-in security features are not enabled. Without authentication, your cluster could be accessible to anyone. See https://www.elastic.co/guide/en/elasticsearch/reference/7.13/security-minimal-setup.html to enable security."]
2024-07-19 10:50:30 [twitterTopicListener-1-C-1] INFO  c.m.d.e.i.c.s.i.TwitterElasticRepositoryIndexClient - Documents indexed successfully with type: com.microservices.demo.elastic.model.index.impl.TwitterIndexModel and ids: [2138697713248157951]
2024-07-19 10:50:30 [twitterTopicListener-1-C-1] INFO  c.m.d.k.t.e.s.c.i.TwitterKafkaConsumer - Documents saved to elasticsearch with ids 2138697713248157951
2024-07-19 10:50:40 [twitterTopicListener-1-C-1] INFO  c.m.d.k.t.e.s.c.i.TwitterKafkaConsumer - 1 number of message received with keys [7505224697784633351], partitions [1] and offsets [306], sending it to elastic: Thread id 56
2024-07-19 10:50:40 [twitterTopicListener-1-C-1] WARN  org.elasticsearch.client.RestClient - request [POST http://localhost:9200/_bulk?timeout=1m] returned 1 warnings: [299 Elasticsearch-7.13.4-c5f60e894ca0c61cdbae4f5a686d9f08bcefc942 "Elasticsearch built-in security features are not enabled. Without authentication, your cluster could be accessible to anyone. See https://www.elastic.co/guide/en/elasticsearch/reference/7.13/security-minimal-setup.html to enable security."]
2024-07-19 10:50:40 [twitterTopicListener-1-C-1] WARN  org.elasticsearch.client.RestClient - request [POST http://localhost:9200/twitter-index/_refresh?ignore_throttled=false&ignore_unavailable=false&expand_wildcards=open&allow_no_indices=true] returned 1 warnings: [299 Elasticsearch-7.13.4-c5f60e894ca0c61cdbae4f5a686d9f08bcefc942 "Elasticsearch built-in security features are not enabled. Without authentication, your cluster could be accessible to anyone. See https://www.elastic.co/guide/en/elasticsearch/reference/7.13/security-minimal-setup.html to enable security."]
2024-07-19 10:50:40 [twitterTopicListener-1-C-1] INFO  c.m.d.e.i.c.s.i.TwitterElasticRepositoryIndexClient - Documents indexed successfully with type: com.microservices.demo.elastic.model.index.impl.TwitterIndexModel and ids: [734915701838865857]
2024-07-19 10:50:40 [twitterTopicListener-1-C-1] INFO  c.m.d.k.t.e.s.c.i.TwitterKafkaConsumer - Documents saved to elasticsearch with ids 734915701838865857
2024-07-19 10:50:50 [twitterTopicListener-2-C-1] INFO  c.m.d.k.t.e.s.c.i.TwitterKafkaConsumer - 1 number of message received with keys [5455946970994606229], partitions [2] and offsets [312], sending it to elastic: Thread id 58
2024-07-19 10:50:50 [twitterTopicListener-2-C-1] WARN  org.elasticsearch.client.RestClient - request [POST http://localhost:9200/_bulk?timeout=1m] returned 1 warnings: [299 Elasticsearch-7.13.4-c5f60e894ca0c61cdbae4f5a686d9f08bcefc942 "Elasticsearch built-in security features are not enabled. Without authentication, your cluster could be accessible to anyone. See https://www.elastic.co/guide/en/elasticsearch/reference/7.13/security-minimal-setup.html to enable security."]
2024-07-19 10:50:50 [twitterTopicListener-2-C-1] WARN  org.elasticsearch.client.RestClient - request [POST http://localhost:9200/twitter-index/_refresh?ignore_throttled=false&ignore_unavailable=false&expand_wildcards=open&allow_no_indices=true] returned 1 warnings: [299 Elasticsearch-7.13.4-c5f60e894ca0c61cdbae4f5a686d9f08bcefc942 "Elasticsearch built-in security features are not enabled. Without authentication, your cluster could be accessible to anyone. See https://www.elastic.co/guide/en/elasticsearch/reference/7.13/security-minimal-setup.html to enable security."]
2024-07-19 10:50:50 [twitterTopicListener-2-C-1] INFO  c.m.d.e.i.c.s.i.TwitterElasticRepositoryIndexClient - Documents indexed successfully with type: com.microservices.demo.elastic.model.index.impl.TwitterIndexModel and ids: [8378801228658574353]
2024-07-19 10:50:50 [twitterTopicListener-2-C-1] INFO  c.m.d.k.t.e.s.c.i.TwitterKafkaConsumer - Documents saved to elasticsearch with ids 8378801228658574353
2024-07-19 10:51:00 [twitterTopicListener-1-C-1] INFO  c.m.d.k.t.e.s.c.i.TwitterKafkaConsumer - 1 number of message received with keys [7095554540365061472], partitions [1] and offsets [307], sending it to elastic: Thread id 56
2024-07-19 10:51:00 [twitterTopicListener-1-C-1] WARN  org.elasticsearch.client.RestClient - request [POST http://localhost:9200/_bulk?timeout=1m] returned 1 warnings: [299 Elasticsearch-7.13.4-c5f60e894ca0c61cdbae4f5a686d9f08bcefc942 "Elasticsearch built-in security features are not enabled. Without authentication, your cluster could be accessible to anyone. See https://www.elastic.co/guide/en/elasticsearch/reference/7.13/security-minimal-setup.html to enable security."]
2024-07-19 10:51:00 [twitterTopicListener-1-C-1] WARN  org.elasticsearch.client.RestClient - request [POST http://localhost:9200/twitter-index/_refresh?ignore_throttled=false&ignore_unavailable=false&expand_wildcards=open&allow_no_indices=true] returned 1 warnings: [299 Elasticsearch-7.13.4-c5f60e894ca0c61cdbae4f5a686d9f08bcefc942 "Elasticsearch built-in security features are not enabled. Without authentication, your cluster could be accessible to anyone. See https://www.elastic.co/guide/en/elasticsearch/reference/7.13/security-minimal-setup.html to enable security."]
2024-07-19 10:51:00 [twitterTopicListener-1-C-1] INFO  c.m.d.e.i.c.s.i.TwitterElasticRepositoryIndexClient - Documents indexed successfully with type: com.microservices.demo.elastic.model.index.impl.TwitterIndexModel and ids: [1366086943293178258]
2024-07-19 10:51:00 [twitterTopicListener-1-C-1] INFO  c.m.d.k.t.e.s.c.i.TwitterKafkaConsumer - Documents saved to elasticsearch with ids 1366086943293178258
2024-07-19 10:51:10 [twitterTopicListener-0-C-1] INFO  c.m.d.k.t.e.s.c.i.TwitterKafkaConsumer - 1 number of message received with keys [7491685092837165825], partitions [0] and offsets [330], sending it to elastic: Thread id 54
2024-07-19 10:51:10 [twitterTopicListener-0-C-1] WARN  org.elasticsearch.client.RestClient - request [POST http://localhost:9200/_bulk?timeout=1m] returned 1 warnings: [299 Elasticsearch-7.13.4-c5f60e894ca0c61cdbae4f5a686d9f08bcefc942 "Elasticsearch built-in security features are not enabled. Without authentication, your cluster could be accessible to anyone. See https://www.elastic.co/guide/en/elasticsearch/reference/7.13/security-minimal-setup.html to enable security."]
2024-07-19 10:51:10 [twitterTopicListener-0-C-1] WARN  org.elasticsearch.client.RestClient - request [POST http://localhost:9200/twitter-index/_refresh?ignore_throttled=false&ignore_unavailable=false&expand_wildcards=open&allow_no_indices=true] returned 1 warnings: [299 Elasticsearch-7.13.4-c5f60e894ca0c61cdbae4f5a686d9f08bcefc942 "Elasticsearch built-in security features are not enabled. Without authentication, your cluster could be accessible to anyone. See https://www.elastic.co/guide/en/elasticsearch/reference/7.13/security-minimal-setup.html to enable security."]
2024-07-19 10:51:10 [twitterTopicListener-0-C-1] INFO  c.m.d.e.i.c.s.i.TwitterElasticRepositoryIndexClient - Documents indexed successfully with type: com.microservices.demo.elastic.model.index.impl.TwitterIndexModel and ids: [848844603975484426]
2024-07-19 10:51:10 [twitterTopicListener-0-C-1] INFO  c.m.d.k.t.e.s.c.i.TwitterKafkaConsumer - Documents saved to elasticsearch with ids 848844603975484426
2024-07-19 10:51:20 [twitterTopicListener-0-C-1] INFO  c.m.d.k.t.e.s.c.i.TwitterKafkaConsumer - 1 number of message received with keys [5568800613270050944], partitions [0] and offsets [331], sending it to elastic: Thread id 54
2024-07-19 10:51:20 [twitterTopicListener-0-C-1] WARN  org.elasticsearch.client.RestClient - request [POST http://localhost:9200/_bulk?timeout=1m] returned 1 warnings: [299 Elasticsearch-7.13.4-c5f60e894ca0c61cdbae4f5a686d9f08bcefc942 "Elasticsearch built-in security features are not enabled. Without authentication, your cluster could be accessible to anyone. See https://www.elastic.co/guide/en/elasticsearch/reference/7.13/security-minimal-setup.html to enable security."]
2024-07-19 10:51:20 [twitterTopicListener-0-C-1] WARN  org.elasticsearch.client.RestClient - request [POST http://localhost:9200/twitter-index/_refresh?ignore_throttled=false&ignore_unavailable=false&expand_wildcards=open&allow_no_indices=true] returned 1 warnings: [299 Elasticsearch-7.13.4-c5f60e894ca0c61cdbae4f5a686d9f08bcefc942 "Elasticsearch built-in security features are not enabled. Without authentication, your cluster could be accessible to anyone. See https://www.elastic.co/guide/en/elasticsearch/reference/7.13/security-minimal-setup.html to enable security."]
2024-07-19 10:51:20 [twitterTopicListener-0-C-1] INFO  c.m.d.e.i.c.s.i.TwitterElasticRepositoryIndexClient - Documents indexed successfully with type: com.microservices.demo.elastic.model.index.impl.TwitterIndexModel and ids: [7994905730435969617]
2024-07-19 10:51:20 [twitterTopicListener-0-C-1] INFO  c.m.d.k.t.e.s.c.i.TwitterKafkaConsumer - Documents saved to elasticsearch with ids 7994905730435969617
2024-07-19 10:51:30 [twitterTopicListener-1-C-1] INFO  c.m.d.k.t.e.s.c.i.TwitterKafkaConsumer - 1 number of message received with keys [3579546020731716235], partitions [1] and offsets [308], sending it to elastic: Thread id 56
2024-07-19 10:51:30 [twitterTopicListener-1-C-1] WARN  org.elasticsearch.client.RestClient - request [POST http://localhost:9200/_bulk?timeout=1m] returned 1 warnings: [299 Elasticsearch-7.13.4-c5f60e894ca0c61cdbae4f5a686d9f08bcefc942 "Elasticsearch built-in security features are not enabled. Without authentication, your cluster could be accessible to anyone. See https://www.elastic.co/guide/en/elasticsearch/reference/7.13/security-minimal-setup.html to enable security."]
2024-07-19 10:51:30 [twitterTopicListener-1-C-1] WARN  org.elasticsearch.client.RestClient - request [POST http://localhost:9200/twitter-index/_refresh?ignore_throttled=false&ignore_unavailable=false&expand_wildcards=open&allow_no_indices=true] returned 1 warnings: [299 Elasticsearch-7.13.4-c5f60e894ca0c61cdbae4f5a686d9f08bcefc942 "Elasticsearch built-in security features are not enabled. Without authentication, your cluster could be accessible to anyone. See https://www.elastic.co/guide/en/elasticsearch/reference/7.13/security-minimal-setup.html to enable security."]
2024-07-19 10:51:30 [twitterTopicListener-1-C-1] INFO  c.m.d.e.i.c.s.i.TwitterElasticRepositoryIndexClient - Documents indexed successfully with type: com.microservices.demo.elastic.model.index.impl.TwitterIndexModel and ids: [1912547353111500297]
2024-07-19 10:51:30 [twitterTopicListener-1-C-1] INFO  c.m.d.k.t.e.s.c.i.TwitterKafkaConsumer - Documents saved to elasticsearch with ids 1912547353111500297
2024-07-19 10:51:40 [twitterTopicListener-0-C-1] INFO  c.m.d.k.t.e.s.c.i.TwitterKafkaConsumer - 1 number of message received with keys [8853731011793531721], partitions [0] and offsets [332], sending it to elastic: Thread id 54
2024-07-19 10:51:40 [twitterTopicListener-0-C-1] WARN  org.elasticsearch.client.RestClient - request [POST http://localhost:9200/_bulk?timeout=1m] returned 1 warnings: [299 Elasticsearch-7.13.4-c5f60e894ca0c61cdbae4f5a686d9f08bcefc942 "Elasticsearch built-in security features are not enabled. Without authentication, your cluster could be accessible to anyone. See https://www.elastic.co/guide/en/elasticsearch/reference/7.13/security-minimal-setup.html to enable security."]
2024-07-19 10:51:40 [twitterTopicListener-0-C-1] WARN  org.elasticsearch.client.RestClient - request [POST http://localhost:9200/twitter-index/_refresh?ignore_throttled=false&ignore_unavailable=false&expand_wildcards=open&allow_no_indices=true] returned 1 warnings: [299 Elasticsearch-7.13.4-c5f60e894ca0c61cdbae4f5a686d9f08bcefc942 "Elasticsearch built-in security features are not enabled. Without authentication, your cluster could be accessible to anyone. See https://www.elastic.co/guide/en/elasticsearch/reference/7.13/security-minimal-setup.html to enable security."]
2024-07-19 10:51:40 [twitterTopicListener-0-C-1] INFO  c.m.d.e.i.c.s.i.TwitterElasticRepositoryIndexClient - Documents indexed successfully with type: com.microservices.demo.elastic.model.index.impl.TwitterIndexModel and ids: [5817544152464865010]
2024-07-19 10:51:40 [twitterTopicListener-0-C-1] INFO  c.m.d.k.t.e.s.c.i.TwitterKafkaConsumer - Documents saved to elasticsearch with ids 5817544152464865010
2024-07-19 10:51:50 [twitterTopicListener-2-C-1] INFO  c.m.d.k.t.e.s.c.i.TwitterKafkaConsumer - 1 number of message received with keys [8598565744430415199], partitions [2] and offsets [313], sending it to elastic: Thread id 58
2024-07-19 10:51:50 [twitterTopicListener-2-C-1] WARN  org.elasticsearch.client.RestClient - request [POST http://localhost:9200/_bulk?timeout=1m] returned 1 warnings: [299 Elasticsearch-7.13.4-c5f60e894ca0c61cdbae4f5a686d9f08bcefc942 "Elasticsearch built-in security features are not enabled. Without authentication, your cluster could be accessible to anyone. See https://www.elastic.co/guide/en/elasticsearch/reference/7.13/security-minimal-setup.html to enable security."]
2024-07-19 10:51:50 [twitterTopicListener-2-C-1] WARN  org.elasticsearch.client.RestClient - request [POST http://localhost:9200/twitter-index/_refresh?ignore_throttled=false&ignore_unavailable=false&expand_wildcards=open&allow_no_indices=true] returned 1 warnings: [299 Elasticsearch-7.13.4-c5f60e894ca0c61cdbae4f5a686d9f08bcefc942 "Elasticsearch built-in security features are not enabled. Without authentication, your cluster could be accessible to anyone. See https://www.elastic.co/guide/en/elasticsearch/reference/7.13/security-minimal-setup.html to enable security."]
2024-07-19 10:51:50 [twitterTopicListener-2-C-1] INFO  c.m.d.e.i.c.s.i.TwitterElasticRepositoryIndexClient - Documents indexed successfully with type: com.microservices.demo.elastic.model.index.impl.TwitterIndexModel and ids: [6857869054979774139]
2024-07-19 10:51:50 [twitterTopicListener-2-C-1] INFO  c.m.d.k.t.e.s.c.i.TwitterKafkaConsumer - Documents saved to elasticsearch with ids 6857869054979774139
2024-07-19 10:52:00 [twitterTopicListener-0-C-1] INFO  c.m.d.k.t.e.s.c.i.TwitterKafkaConsumer - 1 number of message received with keys [597998185729424042], partitions [0] and offsets [333], sending it to elastic: Thread id 54
2024-07-19 10:52:00 [twitterTopicListener-0-C-1] WARN  org.elasticsearch.client.RestClient - request [POST http://localhost:9200/_bulk?timeout=1m] returned 1 warnings: [299 Elasticsearch-7.13.4-c5f60e894ca0c61cdbae4f5a686d9f08bcefc942 "Elasticsearch built-in security features are not enabled. Without authentication, your cluster could be accessible to anyone. See https://www.elastic.co/guide/en/elasticsearch/reference/7.13/security-minimal-setup.html to enable security."]
2024-07-19 10:52:00 [twitterTopicListener-0-C-1] WARN  org.elasticsearch.client.RestClient - request [POST http://localhost:9200/twitter-index/_refresh?ignore_throttled=false&ignore_unavailable=false&expand_wildcards=open&allow_no_indices=true] returned 1 warnings: [299 Elasticsearch-7.13.4-c5f60e894ca0c61cdbae4f5a686d9f08bcefc942 "Elasticsearch built-in security features are not enabled. Without authentication, your cluster could be accessible to anyone. See https://www.elastic.co/guide/en/elasticsearch/reference/7.13/security-minimal-setup.html to enable security."]
2024-07-19 10:52:00 [twitterTopicListener-0-C-1] INFO  c.m.d.e.i.c.s.i.TwitterElasticRepositoryIndexClient - Documents indexed successfully with type: com.microservices.demo.elastic.model.index.impl.TwitterIndexModel and ids: [8029290066206973871]
2024-07-19 10:52:00 [twitterTopicListener-0-C-1] INFO  c.m.d.k.t.e.s.c.i.TwitterKafkaConsumer - Documents saved to elasticsearch with ids 8029290066206973871
2024-07-19 10:52:03 [twitterTopicListener-0-C-1] INFO  o.a.k.c.c.i.ConsumerCoordinator - [Consumer clientId=consumer-twitterTopicListener-1, groupId=twitterTopicListener] Revoke previously assigned partitions twitter-topic-0
2024-07-19 10:52:03 [twitterTopicListener-1-C-1] INFO  o.a.k.c.c.i.ConsumerCoordinator - [Consumer clientId=consumer-twitterTopicListener-2, groupId=twitterTopicListener] Revoke previously assigned partitions twitter-topic-1
2024-07-19 10:52:03 [twitterTopicListener-1-C-1] INFO  o.s.k.l.KafkaMessageListenerContainer - twitterTopicListener: partitions revoked: [twitter-topic-1]
2024-07-19 10:52:03 [twitterTopicListener-2-C-1] INFO  o.a.k.c.c.i.ConsumerCoordinator - [Consumer clientId=consumer-twitterTopicListener-3, groupId=twitterTopicListener] Revoke previously assigned partitions twitter-topic-2
2024-07-19 10:52:03 [twitterTopicListener-2-C-1] INFO  o.s.k.l.KafkaMessageListenerContainer - twitterTopicListener: partitions revoked: [twitter-topic-2]
2024-07-19 10:52:03 [twitterTopicListener-2-C-1] INFO  o.a.k.c.c.i.AbstractCoordinator - [Consumer clientId=consumer-twitterTopicListener-3, groupId=twitterTopicListener] Member consumer-twitterTopicListener-3-8c8c5ecd-0750-4cae-af2e-00cd37d146fb sending LeaveGroup request to coordinator localhost:29092 (id: 2147483645 rack: null) due to the consumer unsubscribed from all topics
2024-07-19 10:52:03 [twitterTopicListener-1-C-1] INFO  o.a.k.c.c.i.AbstractCoordinator - [Consumer clientId=consumer-twitterTopicListener-2, groupId=twitterTopicListener] Member consumer-twitterTopicListener-2-7c1d1c61-f056-4aa7-9dbe-aadd003af986 sending LeaveGroup request to coordinator localhost:29092 (id: 2147483645 rack: null) due to the consumer unsubscribed from all topics
2024-07-19 10:52:03 [twitterTopicListener-0-C-1] INFO  o.s.k.l.KafkaMessageListenerContainer - twitterTopicListener: partitions revoked: [twitter-topic-0]
2024-07-19 10:52:03 [twitterTopicListener-0-C-1] INFO  o.a.k.c.c.i.AbstractCoordinator - [Consumer clientId=consumer-twitterTopicListener-1, groupId=twitterTopicListener] Member consumer-twitterTopicListener-1-beda42db-b976-454e-b21b-a50fa88b46a6 sending LeaveGroup request to coordinator localhost:29092 (id: 2147483645 rack: null) due to the consumer unsubscribed from all topics
2024-07-19 10:52:03 [twitterTopicListener-0-C-1] INFO  o.a.k.clients.consumer.KafkaConsumer - [Consumer clientId=consumer-twitterTopicListener-1, groupId=twitterTopicListener] Unsubscribed all topics or patterns and assigned partitions
2024-07-19 10:52:03 [twitterTopicListener-1-C-1] INFO  o.a.k.clients.consumer.KafkaConsumer - [Consumer clientId=consumer-twitterTopicListener-2, groupId=twitterTopicListener] Unsubscribed all topics or patterns and assigned partitions
2024-07-19 10:52:03 [twitterTopicListener-2-C-1] INFO  o.a.k.clients.consumer.KafkaConsumer - [Consumer clientId=consumer-twitterTopicListener-3, groupId=twitterTopicListener] Unsubscribed all topics or patterns and assigned partitions
2024-07-19 10:52:03 [twitterTopicListener-0-C-1] INFO  o.a.kafka.common.metrics.Metrics - Metrics scheduler closed
2024-07-19 10:52:03 [twitterTopicListener-0-C-1] INFO  o.a.kafka.common.metrics.Metrics - Closing reporter org.apache.kafka.common.metrics.JmxReporter
2024-07-19 10:52:03 [twitterTopicListener-0-C-1] INFO  o.a.kafka.common.metrics.Metrics - Metrics reporters closed
2024-07-19 10:52:03 [twitterTopicListener-1-C-1] INFO  o.a.kafka.common.metrics.Metrics - Metrics scheduler closed
2024-07-19 10:52:03 [twitterTopicListener-1-C-1] INFO  o.a.kafka.common.metrics.Metrics - Closing reporter org.apache.kafka.common.metrics.JmxReporter
2024-07-19 10:52:03 [twitterTopicListener-1-C-1] INFO  o.a.kafka.common.metrics.Metrics - Metrics reporters closed
2024-07-19 10:52:03 [twitterTopicListener-2-C-1] INFO  o.a.kafka.common.metrics.Metrics - Metrics scheduler closed
2024-07-19 10:52:03 [twitterTopicListener-2-C-1] INFO  o.a.kafka.common.metrics.Metrics - Closing reporter org.apache.kafka.common.metrics.JmxReporter
2024-07-19 10:52:03 [twitterTopicListener-2-C-1] INFO  o.a.kafka.common.metrics.Metrics - Metrics reporters closed
2024-07-19 10:52:03 [twitterTopicListener-0-C-1] INFO  o.a.kafka.common.utils.AppInfoParser - App info kafka.consumer for consumer-twitterTopicListener-1 unregistered
2024-07-19 10:52:03 [twitterTopicListener-0-C-1] INFO  o.s.k.l.KafkaMessageListenerContainer$ListenerConsumer - twitterTopicListener: Consumer stopped
2024-07-19 10:52:03 [twitterTopicListener-2-C-1] INFO  o.a.kafka.common.utils.AppInfoParser - App info kafka.consumer for consumer-twitterTopicListener-3 unregistered
2024-07-19 10:52:03 [twitterTopicListener-2-C-1] INFO  o.s.k.l.KafkaMessageListenerContainer$ListenerConsumer - twitterTopicListener: Consumer stopped
2024-07-19 10:52:03 [twitterTopicListener-1-C-1] INFO  o.a.kafka.common.utils.AppInfoParser - App info kafka.consumer for consumer-twitterTopicListener-2 unregistered
2024-07-19 10:52:03 [twitterTopicListener-1-C-1] INFO  o.s.k.l.KafkaMessageListenerContainer$ListenerConsumer - twitterTopicListener: Consumer stopped
2024-07-19 10:52:03 [kafka-admin-client-thread | adminclient-1] INFO  o.a.kafka.common.utils.AppInfoParser - App info kafka.admin.client for adminclient-1 unregistered
2024-07-19 10:52:03 [kafka-admin-client-thread | adminclient-1] INFO  o.a.kafka.common.metrics.Metrics - Metrics scheduler closed
2024-07-19 10:52:03 [kafka-admin-client-thread | adminclient-1] INFO  o.a.kafka.common.metrics.Metrics - Closing reporter org.apache.kafka.common.metrics.JmxReporter
2024-07-19 10:52:03 [kafka-admin-client-thread | adminclient-1] INFO  o.a.kafka.common.metrics.Metrics - Metrics reporters closed
