2024-07-20 13:08:30 [background-preinit] INFO  o.h.validator.internal.util.Version - HV000001: Hibernate Validator 6.2.0.Final
2024-07-20 13:08:30 [main] INFO  c.m.demo.config.server.ConfigServer - Starting ConfigServer using Java 11.0.23 on kelsonthony with PID 407091 (/home/kelson/projects/microservices-demo/config-server/target/classes started by kelson in /home/kelson/projects/microservices-demo)
2024-07-20 13:08:30 [main] INFO  c.m.demo.config.server.ConfigServer - No active profile set, falling back to default profiles: default
2024-07-20 13:08:33 [main] INFO  o.s.cloud.context.scope.GenericScope - BeanFactory id=c789c12f-ebf3-36e4-9bc3-cfe6e3c24f73
2024-07-20 13:08:33 [main] INFO  o.s.b.w.e.tomcat.TomcatWebServer - Tomcat initialized with port(s): 8888 (http)
2024-07-20 13:08:33 [main] INFO  o.a.coyote.http11.Http11NioProtocol - Initializing ProtocolHandler ["http-nio-8888"]
2024-07-20 13:08:33 [main] INFO  o.a.catalina.core.StandardService - Starting service [Tomcat]
2024-07-20 13:08:33 [main] INFO  o.a.catalina.core.StandardEngine - Starting Servlet engine: [Apache Tomcat/9.0.50]
2024-07-20 13:08:33 [main] INFO  o.a.c.c.C.[Tomcat].[localhost].[/] - Initializing Spring embedded WebApplicationContext
2024-07-20 13:08:33 [main] INFO  o.s.b.w.s.c.ServletWebServerApplicationContext - Root WebApplicationContext: initialization completed in 3341 ms
2024-07-20 13:08:34 [main] DEBUG o.s.c.c.s.s.GitCredentialsProviderFactory - Constructing UsernamePasswordCredentialsProvider for URI https://github.com/kelsonthony/spring-cloud-config-server-repository
2024-07-20 13:08:38 [main] INFO  o.s.s.web.DefaultSecurityFilterChain - Will secure Ant [pattern='/actuator/**'] with []
2024-07-20 13:08:38 [main] INFO  o.s.s.web.DefaultSecurityFilterChain - Will secure Ant [pattern='/encrypt/**'] with []
2024-07-20 13:08:38 [main] INFO  o.s.s.web.DefaultSecurityFilterChain - Will secure Ant [pattern='/decrypt/**'] with []
2024-07-20 13:08:38 [main] INFO  o.s.s.web.DefaultSecurityFilterChain - Will secure any request with [org.springframework.security.web.context.request.async.WebAsyncManagerIntegrationFilter@6f112f70, org.springframework.security.web.context.SecurityContextPersistenceFilter@3c64339f, org.springframework.security.web.header.HeaderWriterFilter@1b1ea1d9, org.springframework.security.web.csrf.CsrfFilter@ccd000e, org.springframework.security.web.authentication.logout.LogoutFilter@135064ea, org.springframework.security.web.authentication.UsernamePasswordAuthenticationFilter@2beee3e8, org.springframework.security.web.authentication.ui.DefaultLoginPageGeneratingFilter@566f4659, org.springframework.security.web.authentication.ui.DefaultLogoutPageGeneratingFilter@342723a3, org.springframework.security.web.authentication.www.BasicAuthenticationFilter@30fa8a6b, org.springframework.security.web.savedrequest.RequestCacheAwareFilter@4eb1943b, org.springframework.security.web.servletapi.SecurityContextHolderAwareRequestFilter@59f76e56, org.springframework.security.web.authentication.AnonymousAuthenticationFilter@f3876ef, org.springframework.security.web.session.SessionManagementFilter@55d99dc3, org.springframework.security.web.access.ExceptionTranslationFilter@5fb44964, org.springframework.security.web.access.intercept.FilterSecurityInterceptor@4db6348b]
2024-07-20 13:08:38 [main] INFO  o.s.b.a.e.web.EndpointLinksResolver - Exposing 1 endpoint(s) beneath base path '/actuator'
2024-07-20 13:08:38 [main] INFO  o.a.coyote.http11.Http11NioProtocol - Starting ProtocolHandler ["http-nio-8888"]
2024-07-20 13:08:38 [main] INFO  o.s.b.w.e.tomcat.TomcatWebServer - Tomcat started on port(s): 8888 (http) with context path ''
2024-07-20 13:08:38 [main] INFO  c.m.demo.config.server.ConfigServer - Started ConfigServer in 10.629 seconds (JVM running for 15.444)
2024-07-20 13:08:39 [RMI TCP Connection(2)-127.0.0.1] INFO  o.a.c.c.C.[Tomcat].[localhost].[/] - Initializing Spring DispatcherServlet 'dispatcherServlet'
2024-07-20 13:08:39 [RMI TCP Connection(2)-127.0.0.1] INFO  o.s.web.servlet.DispatcherServlet - Initializing Servlet 'dispatcherServlet'
2024-07-20 13:08:39 [RMI TCP Connection(2)-127.0.0.1] INFO  o.s.web.servlet.DispatcherServlet - Completed initialization in 5 ms
2024-07-20 13:08:39 [RMI TCP Connection(3)-127.0.0.1] DEBUG o.s.c.c.s.s.GitCredentialsProviderFactory - Constructing UsernamePasswordCredentialsProvider for URI https://github.com/kelsonthony/spring-cloud-config-server-repository
2024-07-20 13:11:47 [background-preinit] INFO  o.h.validator.internal.util.Version - HV000001: Hibernate Validator 6.2.0.Final
2024-07-20 13:11:47 [main] INFO  c.m.demo.config.server.ConfigServer - Starting ConfigServer using Java 11.0.23 on kelsonthony with PID 408297 (/home/kelson/projects/microservices-demo/config-server/target/classes started by kelson in /home/kelson/projects/microservices-demo)
2024-07-20 13:11:47 [main] INFO  c.m.demo.config.server.ConfigServer - No active profile set, falling back to default profiles: default
2024-07-20 13:11:53 [main] INFO  o.s.cloud.context.scope.GenericScope - BeanFactory id=c789c12f-ebf3-36e4-9bc3-cfe6e3c24f73
2024-07-20 13:11:54 [main] INFO  o.s.b.w.e.tomcat.TomcatWebServer - Tomcat initialized with port(s): 8888 (http)
2024-07-20 13:11:54 [main] INFO  o.a.coyote.http11.Http11NioProtocol - Initializing ProtocolHandler ["http-nio-8888"]
2024-07-20 13:11:54 [main] INFO  o.a.catalina.core.StandardService - Starting service [Tomcat]
2024-07-20 13:11:54 [main] INFO  o.a.catalina.core.StandardEngine - Starting Servlet engine: [Apache Tomcat/9.0.50]
2024-07-20 13:11:54 [main] INFO  o.a.c.c.C.[Tomcat].[localhost].[/] - Initializing Spring embedded WebApplicationContext
2024-07-20 13:11:54 [main] INFO  o.s.b.w.s.c.ServletWebServerApplicationContext - Root WebApplicationContext: initialization completed in 6306 ms
2024-07-20 13:11:57 [main] DEBUG o.s.c.c.s.s.GitCredentialsProviderFactory - Constructing UsernamePasswordCredentialsProvider for URI https://github.com/kelsonthony/spring-cloud-config-server-repository
2024-07-20 13:12:00 [main] INFO  o.s.s.web.DefaultSecurityFilterChain - Will secure Ant [pattern='/actuator/**'] with []
2024-07-20 13:12:00 [main] INFO  o.s.s.web.DefaultSecurityFilterChain - Will secure Ant [pattern='/encrypt/**'] with []
2024-07-20 13:12:00 [main] INFO  o.s.s.web.DefaultSecurityFilterChain - Will secure Ant [pattern='/decrypt/**'] with []
2024-07-20 13:12:00 [main] INFO  o.s.s.web.DefaultSecurityFilterChain - Will secure any request with [org.springframework.security.web.context.request.async.WebAsyncManagerIntegrationFilter@4c8d45cf, org.springframework.security.web.context.SecurityContextPersistenceFilter@3f4a605f, org.springframework.security.web.header.HeaderWriterFilter@4eb1943b, org.springframework.security.web.csrf.CsrfFilter@6c66ddab, org.springframework.security.web.authentication.logout.LogoutFilter@208e5b23, org.springframework.security.web.authentication.UsernamePasswordAuthenticationFilter@35becbd4, org.springframework.security.web.authentication.ui.DefaultLoginPageGeneratingFilter@42503099, org.springframework.security.web.authentication.ui.DefaultLogoutPageGeneratingFilter@fde487b, org.springframework.security.web.authentication.www.BasicAuthenticationFilter@4ec427, org.springframework.security.web.savedrequest.RequestCacheAwareFilter@bcfe29c, org.springframework.security.web.servletapi.SecurityContextHolderAwareRequestFilter@61c5fd78, org.springframework.security.web.authentication.AnonymousAuthenticationFilter@4cc4d454, org.springframework.security.web.session.SessionManagementFilter@534d0e20, org.springframework.security.web.access.ExceptionTranslationFilter@55d99dc3, org.springframework.security.web.access.intercept.FilterSecurityInterceptor@732d078d]
2024-07-20 13:12:01 [main] INFO  o.s.b.a.e.web.EndpointLinksResolver - Exposing 1 endpoint(s) beneath base path '/actuator'
2024-07-20 13:12:01 [main] INFO  o.a.coyote.http11.Http11NioProtocol - Starting ProtocolHandler ["http-nio-8888"]
2024-07-20 13:12:01 [main] INFO  o.s.b.w.e.tomcat.TomcatWebServer - Tomcat started on port(s): 8888 (http) with context path ''
2024-07-20 13:12:02 [main] INFO  c.m.demo.config.server.ConfigServer - Started ConfigServer in 15.751 seconds (JVM running for 18.116)
2024-07-20 13:12:02 [RMI TCP Connection(3)-127.0.0.1] INFO  o.a.c.c.C.[Tomcat].[localhost].[/] - Initializing Spring DispatcherServlet 'dispatcherServlet'
2024-07-20 13:12:02 [RMI TCP Connection(3)-127.0.0.1] INFO  o.s.web.servlet.DispatcherServlet - Initializing Servlet 'dispatcherServlet'
2024-07-20 13:12:02 [RMI TCP Connection(3)-127.0.0.1] INFO  o.s.web.servlet.DispatcherServlet - Completed initialization in 5 ms
2024-07-20 13:12:02 [RMI TCP Connection(5)-127.0.0.1] DEBUG o.s.c.c.s.s.GitCredentialsProviderFactory - Constructing UsernamePasswordCredentialsProvider for URI https://github.com/kelsonthony/spring-cloud-config-server-repository
2024-07-20 13:19:30 [background-preinit] INFO  o.h.validator.internal.util.Version - HV000001: Hibernate Validator 6.2.0.Final
2024-07-20 13:19:30 [main] INFO  c.m.demo.config.server.ConfigServer - Starting ConfigServer using Java 11.0.23 on kelsonthony with PID 411072 (/home/kelson/projects/microservices-demo/config-server/target/classes started by kelson in /home/kelson/projects/microservices-demo)
2024-07-20 13:19:30 [main] INFO  c.m.demo.config.server.ConfigServer - No active profile set, falling back to default profiles: default
2024-07-20 13:19:35 [main] INFO  o.s.cloud.context.scope.GenericScope - BeanFactory id=c789c12f-ebf3-36e4-9bc3-cfe6e3c24f73
2024-07-20 13:19:36 [main] INFO  o.s.b.w.e.tomcat.TomcatWebServer - Tomcat initialized with port(s): 8888 (http)
2024-07-20 13:19:36 [main] INFO  o.a.coyote.http11.Http11NioProtocol - Initializing ProtocolHandler ["http-nio-8888"]
2024-07-20 13:19:36 [main] INFO  o.a.catalina.core.StandardService - Starting service [Tomcat]
2024-07-20 13:19:36 [main] INFO  o.a.catalina.core.StandardEngine - Starting Servlet engine: [Apache Tomcat/9.0.50]
2024-07-20 13:19:36 [main] INFO  o.a.c.c.C.[Tomcat].[localhost].[/] - Initializing Spring embedded WebApplicationContext
2024-07-20 13:19:36 [main] INFO  o.s.b.w.s.c.ServletWebServerApplicationContext - Root WebApplicationContext: initialization completed in 6257 ms
2024-07-20 13:19:39 [main] DEBUG o.s.c.c.s.s.GitCredentialsProviderFactory - Constructing UsernamePasswordCredentialsProvider for URI https://github.com/kelsonthony/spring-cloud-config-server-repository
2024-07-20 13:19:42 [main] INFO  o.s.s.web.DefaultSecurityFilterChain - Will secure Ant [pattern='/actuator/**'] with []
2024-07-20 13:19:42 [main] INFO  o.s.s.web.DefaultSecurityFilterChain - Will secure Ant [pattern='/encrypt/**'] with []
2024-07-20 13:19:42 [main] INFO  o.s.s.web.DefaultSecurityFilterChain - Will secure Ant [pattern='/decrypt/**'] with []
2024-07-20 13:19:42 [main] INFO  o.s.s.web.DefaultSecurityFilterChain - Will secure any request with [org.springframework.security.web.context.request.async.WebAsyncManagerIntegrationFilter@4b336cc8, org.springframework.security.web.context.SecurityContextPersistenceFilter@135064ea, org.springframework.security.web.header.HeaderWriterFilter@7bdb4f17, org.springframework.security.web.csrf.CsrfFilter@3f4a605f, org.springframework.security.web.authentication.logout.LogoutFilter@11c3ce6a, org.springframework.security.web.authentication.UsernamePasswordAuthenticationFilter@2fd4312a, org.springframework.security.web.authentication.ui.DefaultLoginPageGeneratingFilter@1a01ffff, org.springframework.security.web.authentication.ui.DefaultLogoutPageGeneratingFilter@2570b316, org.springframework.security.web.authentication.www.BasicAuthenticationFilter@3c4059a, org.springframework.security.web.savedrequest.RequestCacheAwareFilter@106459d9, org.springframework.security.web.servletapi.SecurityContextHolderAwareRequestFilter@70ee9d31, org.springframework.security.web.authentication.AnonymousAuthenticationFilter@56881196, org.springframework.security.web.session.SessionManagementFilter@1fbd5e0, org.springframework.security.web.access.ExceptionTranslationFilter@60844992, org.springframework.security.web.access.intercept.FilterSecurityInterceptor@5b490d5e]
2024-07-20 13:19:43 [main] INFO  o.s.b.a.e.web.EndpointLinksResolver - Exposing 1 endpoint(s) beneath base path '/actuator'
2024-07-20 13:19:43 [main] INFO  o.a.coyote.http11.Http11NioProtocol - Starting ProtocolHandler ["http-nio-8888"]
2024-07-20 13:19:43 [main] INFO  o.s.b.w.e.tomcat.TomcatWebServer - Tomcat started on port(s): 8888 (http) with context path ''
2024-07-20 13:19:43 [main] INFO  c.m.demo.config.server.ConfigServer - Started ConfigServer in 15.395 seconds (JVM running for 18.871)
2024-07-20 13:19:43 [RMI TCP Connection(8)-127.0.0.1] INFO  o.a.c.c.C.[Tomcat].[localhost].[/] - Initializing Spring DispatcherServlet 'dispatcherServlet'
2024-07-20 13:19:43 [RMI TCP Connection(8)-127.0.0.1] INFO  o.s.web.servlet.DispatcherServlet - Initializing Servlet 'dispatcherServlet'
2024-07-20 13:19:43 [RMI TCP Connection(8)-127.0.0.1] INFO  o.s.web.servlet.DispatcherServlet - Completed initialization in 5 ms
2024-07-20 13:19:44 [RMI TCP Connection(6)-127.0.0.1] DEBUG o.s.c.c.s.s.GitCredentialsProviderFactory - Constructing UsernamePasswordCredentialsProvider for URI https://github.com/kelsonthony/spring-cloud-config-server-repository
2024-07-20 13:50:42 [background-preinit] INFO  o.h.validator.internal.util.Version - HV000001: Hibernate Validator 6.2.0.Final
2024-07-20 13:50:42 [main] INFO  c.m.demo.config.server.ConfigServer - Starting ConfigServer using Java 11.0.23 on kelsonthony with PID 15839 (/home/kelson/projects/microservices-demo/config-server/target/classes started by kelson in /home/kelson/projects/microservices-demo)
2024-07-20 13:50:42 [main] INFO  c.m.demo.config.server.ConfigServer - No active profile set, falling back to default profiles: default
2024-07-20 13:50:44 [main] INFO  o.s.cloud.context.scope.GenericScope - BeanFactory id=c789c12f-ebf3-36e4-9bc3-cfe6e3c24f73
2024-07-20 13:50:44 [main] INFO  o.s.b.w.e.tomcat.TomcatWebServer - Tomcat initialized with port(s): 8888 (http)
2024-07-20 13:50:44 [main] INFO  o.a.coyote.http11.Http11NioProtocol - Initializing ProtocolHandler ["http-nio-8888"]
2024-07-20 13:50:44 [main] INFO  o.a.catalina.core.StandardService - Starting service [Tomcat]
2024-07-20 13:50:44 [main] INFO  o.a.catalina.core.StandardEngine - Starting Servlet engine: [Apache Tomcat/9.0.50]
2024-07-20 13:50:45 [main] INFO  o.a.c.c.C.[Tomcat].[localhost].[/] - Initializing Spring embedded WebApplicationContext
2024-07-20 13:50:45 [main] INFO  o.s.b.w.s.c.ServletWebServerApplicationContext - Root WebApplicationContext: initialization completed in 2462 ms
2024-07-20 13:50:45 [main] DEBUG o.s.c.c.s.s.GitCredentialsProviderFactory - Constructing UsernamePasswordCredentialsProvider for URI https://github.com/kelsonthony/spring-cloud-config-server-repository
2024-07-20 13:50:47 [main] INFO  o.s.s.web.DefaultSecurityFilterChain - Will secure Ant [pattern='/actuator/**'] with []
2024-07-20 13:50:47 [main] INFO  o.s.s.web.DefaultSecurityFilterChain - Will secure Ant [pattern='/encrypt/**'] with []
2024-07-20 13:50:47 [main] INFO  o.s.s.web.DefaultSecurityFilterChain - Will secure Ant [pattern='/decrypt/**'] with []
2024-07-20 13:50:47 [main] INFO  o.s.s.web.DefaultSecurityFilterChain - Will secure any request with [org.springframework.security.web.context.request.async.WebAsyncManagerIntegrationFilter@2c56eba5, org.springframework.security.web.context.SecurityContextPersistenceFilter@6df37f7a, org.springframework.security.web.header.HeaderWriterFilter@42503099, org.springframework.security.web.csrf.CsrfFilter@3c64339f, org.springframework.security.web.authentication.logout.LogoutFilter@6b030101, org.springframework.security.web.authentication.UsernamePasswordAuthenticationFilter@b34c7c9, org.springframework.security.web.authentication.ui.DefaultLoginPageGeneratingFilter@2bcb1414, org.springframework.security.web.authentication.ui.DefaultLogoutPageGeneratingFilter@6231f77a, org.springframework.security.web.authentication.www.BasicAuthenticationFilter@2abedbbd, org.springframework.security.web.savedrequest.RequestCacheAwareFilter@7bdb4f17, org.springframework.security.web.servletapi.SecurityContextHolderAwareRequestFilter@208e5b23, org.springframework.security.web.authentication.AnonymousAuthenticationFilter@290c266c, org.springframework.security.web.session.SessionManagementFilter@60844992, org.springframework.security.web.access.ExceptionTranslationFilter@7b8b07ae, org.springframework.security.web.access.intercept.FilterSecurityInterceptor@fde487b]
2024-07-20 13:50:47 [main] INFO  o.s.b.a.e.web.EndpointLinksResolver - Exposing 1 endpoint(s) beneath base path '/actuator'
2024-07-20 13:50:47 [main] INFO  o.a.coyote.http11.Http11NioProtocol - Starting ProtocolHandler ["http-nio-8888"]
2024-07-20 13:50:47 [main] INFO  o.s.b.w.e.tomcat.TomcatWebServer - Tomcat started on port(s): 8888 (http) with context path ''
2024-07-20 13:50:47 [main] INFO  c.m.demo.config.server.ConfigServer - Started ConfigServer in 6.203 seconds (JVM running for 7.859)
2024-07-20 13:50:48 [RMI TCP Connection(1)-127.0.0.1] INFO  o.a.c.c.C.[Tomcat].[localhost].[/] - Initializing Spring DispatcherServlet 'dispatcherServlet'
2024-07-20 13:50:48 [RMI TCP Connection(1)-127.0.0.1] INFO  o.s.web.servlet.DispatcherServlet - Initializing Servlet 'dispatcherServlet'
2024-07-20 13:50:48 [RMI TCP Connection(1)-127.0.0.1] INFO  o.s.web.servlet.DispatcherServlet - Completed initialization in 4 ms
2024-07-20 13:50:48 [RMI TCP Connection(2)-127.0.0.1] DEBUG o.s.c.c.s.s.GitCredentialsProviderFactory - Constructing UsernamePasswordCredentialsProvider for URI https://github.com/kelsonthony/spring-cloud-config-server-repository
2024-07-20 13:51:00 [http-nio-8888-exec-1] DEBUG o.s.c.c.s.s.GitCredentialsProviderFactory - Constructing UsernamePasswordCredentialsProvider for URI https://github.com/kelsonthony/spring-cloud-config-server-repository
2024-07-20 13:51:01 [http-nio-8888-exec-1] INFO  o.s.c.c.s.e.NativeEnvironmentRepository - Adding property source: Config resource 'file [/tmp/config-repo-2530014044630998935/config-client-twitter_to_kafka.yml]' via location 'file:/tmp/config-repo-2530014044630998935/'
2024-07-20 13:51:01 [http-nio-8888-exec-1] INFO  o.s.c.c.s.e.NativeEnvironmentRepository - Adding property source: Config resource 'file [/tmp/config-repo-2530014044630998935/config-client.yml]' via location 'file:/tmp/config-repo-2530014044630998935/'
2024-07-20 13:51:18 [http-nio-8888-exec-2] DEBUG o.s.c.c.s.s.GitCredentialsProviderFactory - Constructing UsernamePasswordCredentialsProvider for URI https://github.com/kelsonthony/spring-cloud-config-server-repository
2024-07-20 13:51:18 [http-nio-8888-exec-2] INFO  o.s.c.c.s.e.NativeEnvironmentRepository - Adding property source: Config resource 'file [/tmp/config-repo-2530014044630998935/config-client-kafka_to_elastic.yml]' via location 'file:/tmp/config-repo-2530014044630998935/'
2024-07-20 13:51:18 [http-nio-8888-exec-2] INFO  o.s.c.c.s.e.NativeEnvironmentRepository - Adding property source: Config resource 'file [/tmp/config-repo-2530014044630998935/config-client.yml]' via location 'file:/tmp/config-repo-2530014044630998935/'
2024-07-20 13:51:45 [http-nio-8888-exec-3] DEBUG o.s.c.c.s.s.GitCredentialsProviderFactory - Constructing UsernamePasswordCredentialsProvider for URI https://github.com/kelsonthony/spring-cloud-config-server-repository
2024-07-20 13:51:45 [http-nio-8888-exec-3] INFO  o.s.c.c.s.e.NativeEnvironmentRepository - Adding property source: Config resource 'file [/tmp/config-repo-2530014044630998935/config-client-elastic_query.yml]' via location 'file:/tmp/config-repo-2530014044630998935/'
2024-07-20 13:51:45 [http-nio-8888-exec-3] INFO  o.s.c.c.s.e.NativeEnvironmentRepository - Adding property source: Config resource 'file [/tmp/config-repo-2530014044630998935/config-client.yml]' via location 'file:/tmp/config-repo-2530014044630998935/'
2024-07-20 14:14:16 [background-preinit] INFO  o.h.validator.internal.util.Version - HV000001: Hibernate Validator 6.2.0.Final
2024-07-20 14:14:16 [main] INFO  c.m.demo.config.server.ConfigServer - Starting ConfigServer using Java 17.0.12 on kelsonthony with PID 23585 (/home/kelson/projects/microservices-demo/config-server/target/classes started by kelson in /home/kelson/projects/microservices-demo)
2024-07-20 14:14:16 [main] INFO  c.m.demo.config.server.ConfigServer - No active profile set, falling back to default profiles: default
2024-07-20 14:14:17 [main] INFO  o.s.cloud.context.scope.GenericScope - BeanFactory id=c789c12f-ebf3-36e4-9bc3-cfe6e3c24f73
2024-07-20 14:14:18 [main] INFO  o.s.b.w.e.tomcat.TomcatWebServer - Tomcat initialized with port(s): 8888 (http)
2024-07-20 14:14:18 [main] INFO  o.a.coyote.http11.Http11NioProtocol - Initializing ProtocolHandler ["http-nio-8888"]
2024-07-20 14:14:18 [main] INFO  o.a.catalina.core.StandardService - Starting service [Tomcat]
2024-07-20 14:14:18 [main] INFO  o.a.catalina.core.StandardEngine - Starting Servlet engine: [Apache Tomcat/9.0.50]
2024-07-20 14:14:18 [main] INFO  o.a.c.c.C.[Tomcat].[localhost].[/] - Initializing Spring embedded WebApplicationContext
2024-07-20 14:14:18 [main] INFO  o.s.b.w.s.c.ServletWebServerApplicationContext - Root WebApplicationContext: initialization completed in 1894 ms
2024-07-20 14:14:19 [main] DEBUG o.s.c.c.s.s.GitCredentialsProviderFactory - Constructing UsernamePasswordCredentialsProvider for URI https://github.com/kelsonthony/spring-cloud-config-server-repository
2024-07-20 14:14:20 [main] INFO  o.s.s.web.DefaultSecurityFilterChain - Will secure Ant [pattern='/actuator/**'] with []
2024-07-20 14:14:20 [main] INFO  o.s.s.web.DefaultSecurityFilterChain - Will secure Ant [pattern='/encrypt/**'] with []
2024-07-20 14:14:20 [main] INFO  o.s.s.web.DefaultSecurityFilterChain - Will secure Ant [pattern='/decrypt/**'] with []
2024-07-20 14:14:20 [main] INFO  o.s.s.web.DefaultSecurityFilterChain - Will secure any request with [org.springframework.security.web.context.request.async.WebAsyncManagerIntegrationFilter@5ad40184, org.springframework.security.web.context.SecurityContextPersistenceFilter@25e95af1, org.springframework.security.web.header.HeaderWriterFilter@4a58e0e9, org.springframework.security.web.csrf.CsrfFilter@420b55ed, org.springframework.security.web.authentication.logout.LogoutFilter@51869ad6, org.springframework.security.web.authentication.UsernamePasswordAuthenticationFilter@556aed22, org.springframework.security.web.authentication.ui.DefaultLoginPageGeneratingFilter@615ef20, org.springframework.security.web.authentication.ui.DefaultLogoutPageGeneratingFilter@3359c3f6, org.springframework.security.web.authentication.www.BasicAuthenticationFilter@8ee03f5, org.springframework.security.web.savedrequest.RequestCacheAwareFilter@6644bdf5, org.springframework.security.web.servletapi.SecurityContextHolderAwareRequestFilter@57b33c29, org.springframework.security.web.authentication.AnonymousAuthenticationFilter@3d3b272a, org.springframework.security.web.session.SessionManagementFilter@f44d033, org.springframework.security.web.access.ExceptionTranslationFilter@48692405, org.springframework.security.web.access.intercept.FilterSecurityInterceptor@2dde0a34]
2024-07-20 14:14:20 [main] INFO  o.s.b.a.e.web.EndpointLinksResolver - Exposing 1 endpoint(s) beneath base path '/actuator'
2024-07-20 14:14:20 [main] INFO  o.a.coyote.http11.Http11NioProtocol - Starting ProtocolHandler ["http-nio-8888"]
2024-07-20 14:14:20 [main] INFO  o.s.b.w.e.tomcat.TomcatWebServer - Tomcat started on port(s): 8888 (http) with context path ''
2024-07-20 14:14:21 [main] INFO  c.m.demo.config.server.ConfigServer - Started ConfigServer in 6.243 seconds (JVM running for 7.713)
2024-07-20 14:14:21 [RMI TCP Connection(1)-127.0.0.1] INFO  o.a.c.c.C.[Tomcat].[localhost].[/] - Initializing Spring DispatcherServlet 'dispatcherServlet'
2024-07-20 14:14:21 [RMI TCP Connection(1)-127.0.0.1] INFO  o.s.web.servlet.DispatcherServlet - Initializing Servlet 'dispatcherServlet'
2024-07-20 14:14:21 [RMI TCP Connection(1)-127.0.0.1] INFO  o.s.web.servlet.DispatcherServlet - Completed initialization in 2 ms
2024-07-20 14:14:21 [RMI TCP Connection(2)-127.0.0.1] DEBUG o.s.c.c.s.s.GitCredentialsProviderFactory - Constructing UsernamePasswordCredentialsProvider for URI https://github.com/kelsonthony/spring-cloud-config-server-repository
2024-07-20 14:14:34 [http-nio-8888-exec-1] DEBUG o.s.c.c.s.s.GitCredentialsProviderFactory - Constructing UsernamePasswordCredentialsProvider for URI https://github.com/kelsonthony/spring-cloud-config-server-repository
2024-07-20 14:14:34 [http-nio-8888-exec-1] INFO  o.s.c.c.s.e.NativeEnvironmentRepository - Adding property source: Config resource 'file [/tmp/config-repo-11019571226486985537/config-client.yml]' via location 'file:/tmp/config-repo-11019571226486985537/'
2024-07-20 14:17:15 [background-preinit] INFO  o.h.validator.internal.util.Version - HV000001: Hibernate Validator 6.2.0.Final
2024-07-20 14:17:15 [main] INFO  c.m.demo.config.server.ConfigServer - Starting ConfigServer using Java 11.0.23 on kelsonthony with PID 24958 (/home/kelson/projects/microservices-demo/config-server/target/classes started by kelson in /home/kelson/projects/microservices-demo)
2024-07-20 14:17:15 [main] INFO  c.m.demo.config.server.ConfigServer - No active profile set, falling back to default profiles: default
2024-07-20 14:17:17 [main] INFO  o.s.cloud.context.scope.GenericScope - BeanFactory id=c789c12f-ebf3-36e4-9bc3-cfe6e3c24f73
2024-07-20 14:17:17 [main] INFO  o.s.b.w.e.tomcat.TomcatWebServer - Tomcat initialized with port(s): 8888 (http)
2024-07-20 14:17:17 [main] INFO  o.a.coyote.http11.Http11NioProtocol - Initializing ProtocolHandler ["http-nio-8888"]
2024-07-20 14:17:17 [main] INFO  o.a.catalina.core.StandardService - Starting service [Tomcat]
2024-07-20 14:17:17 [main] INFO  o.a.catalina.core.StandardEngine - Starting Servlet engine: [Apache Tomcat/9.0.50]
2024-07-20 14:17:18 [main] INFO  o.a.c.c.C.[Tomcat].[localhost].[/] - Initializing Spring embedded WebApplicationContext
2024-07-20 14:17:18 [main] INFO  o.s.b.w.s.c.ServletWebServerApplicationContext - Root WebApplicationContext: initialization completed in 2339 ms
2024-07-20 14:17:19 [main] DEBUG o.s.c.c.s.s.GitCredentialsProviderFactory - Constructing UsernamePasswordCredentialsProvider for URI https://github.com/kelsonthony/spring-cloud-config-server-repository
2024-07-20 14:17:20 [main] INFO  o.s.s.web.DefaultSecurityFilterChain - Will secure Ant [pattern='/actuator/**'] with []
2024-07-20 14:17:20 [main] INFO  o.s.s.web.DefaultSecurityFilterChain - Will secure Ant [pattern='/encrypt/**'] with []
2024-07-20 14:17:20 [main] INFO  o.s.s.web.DefaultSecurityFilterChain - Will secure Ant [pattern='/decrypt/**'] with []
2024-07-20 14:17:20 [main] INFO  o.s.s.web.DefaultSecurityFilterChain - Will secure any request with [org.springframework.security.web.context.request.async.WebAsyncManagerIntegrationFilter@35becbd4, org.springframework.security.web.context.SecurityContextPersistenceFilter@669c2b07, org.springframework.security.web.header.HeaderWriterFilter@d4ecdb0, org.springframework.security.web.csrf.CsrfFilter@33430fc, org.springframework.security.web.authentication.logout.LogoutFilter@39514976, org.springframework.security.web.authentication.UsernamePasswordAuthenticationFilter@4db6348b, org.springframework.security.web.authentication.ui.DefaultLoginPageGeneratingFilter@bcfe29c, org.springframework.security.web.authentication.ui.DefaultLogoutPageGeneratingFilter@3bcc8f13, org.springframework.security.web.authentication.www.BasicAuthenticationFilter@3ba97962, org.springframework.security.web.savedrequest.RequestCacheAwareFilter@6a902015, org.springframework.security.web.servletapi.SecurityContextHolderAwareRequestFilter@30c8c6ab, org.springframework.security.web.authentication.AnonymousAuthenticationFilter@3cb04dd, org.springframework.security.web.session.SessionManagementFilter@7a117dc2, org.springframework.security.web.access.ExceptionTranslationFilter@5996d6f2, org.springframework.security.web.access.intercept.FilterSecurityInterceptor@2ce47652]
2024-07-20 14:17:20 [main] INFO  o.s.b.a.e.web.EndpointLinksResolver - Exposing 1 endpoint(s) beneath base path '/actuator'
2024-07-20 14:17:20 [main] INFO  o.a.coyote.http11.Http11NioProtocol - Starting ProtocolHandler ["http-nio-8888"]
2024-07-20 14:17:20 [main] INFO  o.s.b.w.e.tomcat.TomcatWebServer - Tomcat started on port(s): 8888 (http) with context path ''
2024-07-20 14:17:20 [main] INFO  c.m.demo.config.server.ConfigServer - Started ConfigServer in 6.404 seconds (JVM running for 8.199)
2024-07-20 14:17:21 [RMI TCP Connection(1)-127.0.0.1] INFO  o.a.c.c.C.[Tomcat].[localhost].[/] - Initializing Spring DispatcherServlet 'dispatcherServlet'
2024-07-20 14:17:21 [RMI TCP Connection(1)-127.0.0.1] INFO  o.s.web.servlet.DispatcherServlet - Initializing Servlet 'dispatcherServlet'
2024-07-20 14:17:21 [RMI TCP Connection(1)-127.0.0.1] INFO  o.s.web.servlet.DispatcherServlet - Completed initialization in 5 ms
2024-07-20 14:17:21 [RMI TCP Connection(2)-127.0.0.1] DEBUG o.s.c.c.s.s.GitCredentialsProviderFactory - Constructing UsernamePasswordCredentialsProvider for URI https://github.com/kelsonthony/spring-cloud-config-server-repository
2024-07-20 14:17:38 [http-nio-8888-exec-1] DEBUG o.s.c.c.s.s.GitCredentialsProviderFactory - Constructing UsernamePasswordCredentialsProvider for URI https://github.com/kelsonthony/spring-cloud-config-server-repository
2024-07-20 14:17:38 [http-nio-8888-exec-1] INFO  o.s.c.c.s.e.NativeEnvironmentRepository - Adding property source: Config resource 'file [/tmp/config-repo-103580061248746809/config-client.yml]' via location 'file:/tmp/config-repo-103580061248746809/'
2024-07-20 14:23:34 [http-nio-8888-exec-3] DEBUG o.s.c.c.s.s.GitCredentialsProviderFactory - Constructing UsernamePasswordCredentialsProvider for URI https://github.com/kelsonthony/spring-cloud-config-server-repository
2024-07-20 14:23:34 [http-nio-8888-exec-3] INFO  o.s.c.c.s.e.NativeEnvironmentRepository - Adding property source: Config resource 'file [/tmp/config-repo-103580061248746809/config-client.yml]' via location 'file:/tmp/config-repo-103580061248746809/'
2024-07-20 14:24:24 [background-preinit] INFO  o.h.validator.internal.util.Version - HV000001: Hibernate Validator 6.2.0.Final
2024-07-20 14:24:24 [main] INFO  c.m.demo.config.server.ConfigServer - Starting ConfigServer using Java 11.0.23 on kelsonthony with PID 27311 (/home/kelson/projects/microservices-demo/config-server/target/classes started by kelson in /home/kelson/projects/microservices-demo)
2024-07-20 14:24:24 [main] INFO  c.m.demo.config.server.ConfigServer - No active profile set, falling back to default profiles: default
2024-07-20 14:24:26 [main] INFO  o.s.cloud.context.scope.GenericScope - BeanFactory id=c789c12f-ebf3-36e4-9bc3-cfe6e3c24f73
2024-07-20 14:24:26 [main] INFO  o.s.b.w.e.tomcat.TomcatWebServer - Tomcat initialized with port(s): 8888 (http)
2024-07-20 14:24:26 [main] INFO  o.a.coyote.http11.Http11NioProtocol - Initializing ProtocolHandler ["http-nio-8888"]
2024-07-20 14:24:26 [main] INFO  o.a.catalina.core.StandardService - Starting service [Tomcat]
2024-07-20 14:24:26 [main] INFO  o.a.catalina.core.StandardEngine - Starting Servlet engine: [Apache Tomcat/9.0.50]
2024-07-20 14:24:26 [main] INFO  o.a.c.c.C.[Tomcat].[localhost].[/] - Initializing Spring embedded WebApplicationContext
2024-07-20 14:24:26 [main] INFO  o.s.b.w.s.c.ServletWebServerApplicationContext - Root WebApplicationContext: initialization completed in 2312 ms
2024-07-20 14:24:27 [main] DEBUG o.s.c.c.s.s.GitCredentialsProviderFactory - Constructing UsernamePasswordCredentialsProvider for URI https://github.com/kelsonthony/spring-cloud-config-server-repository
2024-07-20 14:24:29 [main] INFO  o.s.s.web.DefaultSecurityFilterChain - Will secure Ant [pattern='/actuator/**'] with []
2024-07-20 14:24:29 [main] INFO  o.s.s.web.DefaultSecurityFilterChain - Will secure Ant [pattern='/encrypt/**'] with []
2024-07-20 14:24:29 [main] INFO  o.s.s.web.DefaultSecurityFilterChain - Will secure Ant [pattern='/decrypt/**'] with []
2024-07-20 14:24:29 [main] INFO  o.s.s.web.DefaultSecurityFilterChain - Will secure any request with [org.springframework.security.web.context.request.async.WebAsyncManagerIntegrationFilter@3ba97962, org.springframework.security.web.context.SecurityContextPersistenceFilter@1d444652, org.springframework.security.web.header.HeaderWriterFilter@6200b644, org.springframework.security.web.csrf.CsrfFilter@15d79b70, org.springframework.security.web.authentication.logout.LogoutFilter@6df37f7a, org.springframework.security.web.authentication.UsernamePasswordAuthenticationFilter@60194904, org.springframework.security.web.authentication.ui.DefaultLoginPageGeneratingFilter@30c8c6ab, org.springframework.security.web.authentication.ui.DefaultLogoutPageGeneratingFilter@35becbd4, org.springframework.security.web.authentication.www.BasicAuthenticationFilter@20231384, org.springframework.security.web.savedrequest.RequestCacheAwareFilter@1b1ea1d9, org.springframework.security.web.servletapi.SecurityContextHolderAwareRequestFilter@3f4a605f, org.springframework.security.web.authentication.AnonymousAuthenticationFilter@3bcc8f13, org.springframework.security.web.session.SessionManagementFilter@5fb44964, org.springframework.security.web.access.ExceptionTranslationFilter@3c7d8a4, org.springframework.security.web.access.intercept.FilterSecurityInterceptor@173a5fad]
2024-07-20 14:24:29 [main] INFO  o.s.b.a.e.web.EndpointLinksResolver - Exposing 1 endpoint(s) beneath base path '/actuator'
2024-07-20 14:24:29 [main] INFO  o.a.coyote.http11.Http11NioProtocol - Starting ProtocolHandler ["http-nio-8888"]
2024-07-20 14:24:29 [main] INFO  o.s.b.w.e.tomcat.TomcatWebServer - Tomcat started on port(s): 8888 (http) with context path ''
2024-07-20 14:24:29 [main] INFO  c.m.demo.config.server.ConfigServer - Started ConfigServer in 6.241 seconds (JVM running for 7.832)
2024-07-20 14:24:30 [RMI TCP Connection(3)-127.0.0.1] INFO  o.a.c.c.C.[Tomcat].[localhost].[/] - Initializing Spring DispatcherServlet 'dispatcherServlet'
2024-07-20 14:24:30 [RMI TCP Connection(3)-127.0.0.1] INFO  o.s.web.servlet.DispatcherServlet - Initializing Servlet 'dispatcherServlet'
2024-07-20 14:24:30 [RMI TCP Connection(3)-127.0.0.1] INFO  o.s.web.servlet.DispatcherServlet - Completed initialization in 4 ms
2024-07-20 14:24:30 [RMI TCP Connection(2)-127.0.0.1] DEBUG o.s.c.c.s.s.GitCredentialsProviderFactory - Constructing UsernamePasswordCredentialsProvider for URI https://github.com/kelsonthony/spring-cloud-config-server-repository
2024-07-20 14:24:42 [http-nio-8888-exec-1] DEBUG o.s.c.c.s.s.GitCredentialsProviderFactory - Constructing UsernamePasswordCredentialsProvider for URI https://github.com/kelsonthony/spring-cloud-config-server-repository
2024-07-20 14:24:43 [http-nio-8888-exec-1] INFO  o.s.c.c.s.e.NativeEnvironmentRepository - Adding property source: Config resource 'file [/tmp/config-repo-7992887013287958668/config-client.yml]' via location 'file:/tmp/config-repo-7992887013287958668/'
2024-07-20 14:25:45 [background-preinit] INFO  o.h.validator.internal.util.Version - HV000001: Hibernate Validator 6.2.0.Final
2024-07-20 14:25:45 [main] INFO  c.m.demo.config.server.ConfigServer - Starting ConfigServer using Java 11.0.23 on kelsonthony with PID 27940 (/home/kelson/projects/microservices-demo/config-server/target/classes started by kelson in /home/kelson/projects/microservices-demo)
2024-07-20 14:25:45 [main] INFO  c.m.demo.config.server.ConfigServer - No active profile set, falling back to default profiles: default
2024-07-20 14:25:47 [main] INFO  o.s.cloud.context.scope.GenericScope - BeanFactory id=c789c12f-ebf3-36e4-9bc3-cfe6e3c24f73
2024-07-20 14:25:47 [main] INFO  o.s.b.w.e.tomcat.TomcatWebServer - Tomcat initialized with port(s): 8888 (http)
2024-07-20 14:25:47 [main] INFO  o.a.coyote.http11.Http11NioProtocol - Initializing ProtocolHandler ["http-nio-8888"]
2024-07-20 14:25:47 [main] INFO  o.a.catalina.core.StandardService - Starting service [Tomcat]
2024-07-20 14:25:47 [main] INFO  o.a.catalina.core.StandardEngine - Starting Servlet engine: [Apache Tomcat/9.0.50]
2024-07-20 14:25:47 [main] INFO  o.a.c.c.C.[Tomcat].[localhost].[/] - Initializing Spring embedded WebApplicationContext
2024-07-20 14:25:47 [main] INFO  o.s.b.w.s.c.ServletWebServerApplicationContext - Root WebApplicationContext: initialization completed in 2236 ms
2024-07-20 14:25:48 [main] DEBUG o.s.c.c.s.s.GitCredentialsProviderFactory - Constructing UsernamePasswordCredentialsProvider for URI https://github.com/kelsonthony/spring-cloud-config-server-repository
2024-07-20 14:25:49 [main] INFO  o.s.s.web.DefaultSecurityFilterChain - Will secure Ant [pattern='/actuator/**'] with []
2024-07-20 14:25:49 [main] INFO  o.s.s.web.DefaultSecurityFilterChain - Will secure Ant [pattern='/encrypt/**'] with []
2024-07-20 14:25:49 [main] INFO  o.s.s.web.DefaultSecurityFilterChain - Will secure Ant [pattern='/decrypt/**'] with []
2024-07-20 14:25:49 [main] INFO  o.s.s.web.DefaultSecurityFilterChain - Will secure any request with [org.springframework.security.web.context.request.async.WebAsyncManagerIntegrationFilter@4b336cc8, org.springframework.security.web.context.SecurityContextPersistenceFilter@135064ea, org.springframework.security.web.header.HeaderWriterFilter@7bdb4f17, org.springframework.security.web.csrf.CsrfFilter@3f4a605f, org.springframework.security.web.authentication.logout.LogoutFilter@11c3ce6a, org.springframework.security.web.authentication.UsernamePasswordAuthenticationFilter@2fd4312a, org.springframework.security.web.authentication.ui.DefaultLoginPageGeneratingFilter@1a01ffff, org.springframework.security.web.authentication.ui.DefaultLogoutPageGeneratingFilter@2570b316, org.springframework.security.web.authentication.www.BasicAuthenticationFilter@3c4059a, org.springframework.security.web.savedrequest.RequestCacheAwareFilter@106459d9, org.springframework.security.web.servletapi.SecurityContextHolderAwareRequestFilter@70ee9d31, org.springframework.security.web.authentication.AnonymousAuthenticationFilter@56881196, org.springframework.security.web.session.SessionManagementFilter@1fbd5e0, org.springframework.security.web.access.ExceptionTranslationFilter@60844992, org.springframework.security.web.access.intercept.FilterSecurityInterceptor@5b490d5e]
2024-07-20 14:25:49 [main] INFO  o.s.b.a.e.web.EndpointLinksResolver - Exposing 1 endpoint(s) beneath base path '/actuator'
2024-07-20 14:25:49 [main] INFO  o.a.coyote.http11.Http11NioProtocol - Starting ProtocolHandler ["http-nio-8888"]
2024-07-20 14:25:49 [main] INFO  o.s.b.w.e.tomcat.TomcatWebServer - Tomcat started on port(s): 8888 (http) with context path ''
2024-07-20 14:25:49 [main] INFO  c.m.demo.config.server.ConfigServer - Started ConfigServer in 5.951 seconds (JVM running for 8.587)
2024-07-20 14:25:50 [RMI TCP Connection(3)-127.0.0.1] INFO  o.a.c.c.C.[Tomcat].[localhost].[/] - Initializing Spring DispatcherServlet 'dispatcherServlet'
2024-07-20 14:25:50 [RMI TCP Connection(3)-127.0.0.1] INFO  o.s.web.servlet.DispatcherServlet - Initializing Servlet 'dispatcherServlet'
2024-07-20 14:25:50 [RMI TCP Connection(3)-127.0.0.1] INFO  o.s.web.servlet.DispatcherServlet - Completed initialization in 3 ms
2024-07-20 14:25:50 [RMI TCP Connection(2)-127.0.0.1] DEBUG o.s.c.c.s.s.GitCredentialsProviderFactory - Constructing UsernamePasswordCredentialsProvider for URI https://github.com/kelsonthony/spring-cloud-config-server-repository
2024-07-20 14:26:11 [http-nio-8888-exec-1] DEBUG o.s.c.c.s.s.GitCredentialsProviderFactory - Constructing UsernamePasswordCredentialsProvider for URI https://github.com/kelsonthony/spring-cloud-config-server-repository
2024-07-20 14:26:11 [http-nio-8888-exec-1] INFO  o.s.c.c.s.e.NativeEnvironmentRepository - Adding property source: Config resource 'file [/tmp/config-repo-292457384131911177/config-client.yml]' via location 'file:/tmp/config-repo-292457384131911177/'
2024-07-20 14:28:15 [background-preinit] INFO  o.h.validator.internal.util.Version - HV000001: Hibernate Validator 6.2.0.Final
2024-07-20 14:28:15 [main] INFO  c.m.demo.config.server.ConfigServer - Starting ConfigServer using Java 11.0.23 on kelsonthony with PID 29035 (/home/kelson/projects/microservices-demo/config-server/target/classes started by kelson in /home/kelson/projects/microservices-demo)
2024-07-20 14:28:15 [main] INFO  c.m.demo.config.server.ConfigServer - No active profile set, falling back to default profiles: default
2024-07-20 14:28:19 [main] INFO  o.s.cloud.context.scope.GenericScope - BeanFactory id=c789c12f-ebf3-36e4-9bc3-cfe6e3c24f73
2024-07-20 14:28:20 [main] INFO  o.s.b.w.e.tomcat.TomcatWebServer - Tomcat initialized with port(s): 8888 (http)
2024-07-20 14:28:20 [main] INFO  o.a.coyote.http11.Http11NioProtocol - Initializing ProtocolHandler ["http-nio-8888"]
2024-07-20 14:28:20 [main] INFO  o.a.catalina.core.StandardService - Starting service [Tomcat]
2024-07-20 14:28:20 [main] INFO  o.a.catalina.core.StandardEngine - Starting Servlet engine: [Apache Tomcat/9.0.50]
2024-07-20 14:28:20 [main] INFO  o.a.c.c.C.[Tomcat].[localhost].[/] - Initializing Spring embedded WebApplicationContext
2024-07-20 14:28:20 [main] INFO  o.s.b.w.s.c.ServletWebServerApplicationContext - Root WebApplicationContext: initialization completed in 4495 ms
2024-07-20 14:28:22 [main] DEBUG o.s.c.c.s.s.GitCredentialsProviderFactory - Constructing UsernamePasswordCredentialsProvider for URI https://github.com/kelsonthony/spring-cloud-config-server-repository
2024-07-20 14:28:25 [main] INFO  o.s.s.web.DefaultSecurityFilterChain - Will secure Ant [pattern='/actuator/**'] with []
2024-07-20 14:28:25 [main] INFO  o.s.s.web.DefaultSecurityFilterChain - Will secure Ant [pattern='/encrypt/**'] with []
2024-07-20 14:28:25 [main] INFO  o.s.s.web.DefaultSecurityFilterChain - Will secure Ant [pattern='/decrypt/**'] with []
2024-07-20 14:28:25 [main] INFO  o.s.s.web.DefaultSecurityFilterChain - Will secure any request with [org.springframework.security.web.context.request.async.WebAsyncManagerIntegrationFilter@290c266c, org.springframework.security.web.context.SecurityContextPersistenceFilter@7bdb4f17, org.springframework.security.web.header.HeaderWriterFilter@60844992, org.springframework.security.web.csrf.CsrfFilter@4eb1943b, org.springframework.security.web.authentication.logout.LogoutFilter@2bb3f39e, org.springframework.security.web.authentication.UsernamePasswordAuthenticationFilter@1f6c4ae, org.springframework.security.web.authentication.ui.DefaultLoginPageGeneratingFilter@2b4829aa, org.springframework.security.web.authentication.ui.DefaultLogoutPageGeneratingFilter@75b363c3, org.springframework.security.web.authentication.www.BasicAuthenticationFilter@6231f77a, org.springframework.security.web.savedrequest.RequestCacheAwareFilter@1fbd5e0, org.springframework.security.web.servletapi.SecurityContextHolderAwareRequestFilter@aee05f4, org.springframework.security.web.authentication.AnonymousAuthenticationFilter@6ea3a513, org.springframework.security.web.session.SessionManagementFilter@6df37f7a, org.springframework.security.web.access.ExceptionTranslationFilter@351d93bd, org.springframework.security.web.access.intercept.FilterSecurityInterceptor@3add5e17]
2024-07-20 14:28:25 [main] INFO  o.s.b.a.e.web.EndpointLinksResolver - Exposing 1 endpoint(s) beneath base path '/actuator'
2024-07-20 14:28:25 [main] INFO  o.a.coyote.http11.Http11NioProtocol - Starting ProtocolHandler ["http-nio-8888"]
2024-07-20 14:28:25 [main] INFO  o.s.b.w.e.tomcat.TomcatWebServer - Tomcat started on port(s): 8888 (http) with context path ''
2024-07-20 14:28:25 [main] INFO  c.m.demo.config.server.ConfigServer - Started ConfigServer in 11.715 seconds (JVM running for 14.939)
2024-07-20 14:28:26 [RMI TCP Connection(1)-127.0.0.1] INFO  o.a.c.c.C.[Tomcat].[localhost].[/] - Initializing Spring DispatcherServlet 'dispatcherServlet'
2024-07-20 14:28:26 [RMI TCP Connection(1)-127.0.0.1] INFO  o.s.web.servlet.DispatcherServlet - Initializing Servlet 'dispatcherServlet'
2024-07-20 14:28:26 [RMI TCP Connection(1)-127.0.0.1] INFO  o.s.web.servlet.DispatcherServlet - Completed initialization in 9 ms
2024-07-20 14:28:26 [RMI TCP Connection(2)-127.0.0.1] DEBUG o.s.c.c.s.s.GitCredentialsProviderFactory - Constructing UsernamePasswordCredentialsProvider for URI https://github.com/kelsonthony/spring-cloud-config-server-repository
2024-07-20 14:30:38 [http-nio-8888-exec-1] DEBUG o.s.c.c.s.s.GitCredentialsProviderFactory - Constructing UsernamePasswordCredentialsProvider for URI https://github.com/kelsonthony/spring-cloud-config-server-repository
2024-07-20 14:30:38 [http-nio-8888-exec-1] INFO  o.s.c.c.s.e.NativeEnvironmentRepository - Adding property source: Config resource 'file [/tmp/config-repo-8095883992802835706/config-client.yml]' via location 'file:/tmp/config-repo-8095883992802835706/'
2024-07-20 17:09:29 [http-nio-8888-exec-3] DEBUG o.s.c.c.s.s.GitCredentialsProviderFactory - Constructing UsernamePasswordCredentialsProvider for URI https://github.com/kelsonthony/spring-cloud-config-server-repository
2024-07-20 17:09:30 [http-nio-8888-exec-3] INFO  o.s.c.c.s.e.NativeEnvironmentRepository - Adding property source: Config resource 'file [/tmp/config-repo-8095883992802835706/config-client.yml]' via location 'file:/tmp/config-repo-8095883992802835706/'
2024-07-20 17:14:45 [http-nio-8888-exec-5] DEBUG o.s.c.c.s.s.GitCredentialsProviderFactory - Constructing UsernamePasswordCredentialsProvider for URI https://github.com/kelsonthony/spring-cloud-config-server-repository
2024-07-20 17:14:46 [http-nio-8888-exec-5] INFO  o.s.c.c.s.e.NativeEnvironmentRepository - Adding property source: Config resource 'file [/tmp/config-repo-8095883992802835706/config-client.yml]' via location 'file:/tmp/config-repo-8095883992802835706/'
2024-07-20 17:16:44 [http-nio-8888-exec-6] DEBUG o.s.c.c.s.s.GitCredentialsProviderFactory - Constructing UsernamePasswordCredentialsProvider for URI https://github.com/kelsonthony/spring-cloud-config-server-repository
2024-07-20 17:16:45 [http-nio-8888-exec-6] INFO  o.s.c.c.s.e.NativeEnvironmentRepository - Adding property source: Config resource 'file [/tmp/config-repo-8095883992802835706/config-client.yml]' via location 'file:/tmp/config-repo-8095883992802835706/'
2024-07-20 17:17:23 [http-nio-8888-exec-9] DEBUG o.s.c.c.s.s.GitCredentialsProviderFactory - Constructing UsernamePasswordCredentialsProvider for URI https://github.com/kelsonthony/spring-cloud-config-server-repository
2024-07-20 17:17:23 [http-nio-8888-exec-9] INFO  o.s.c.c.s.e.NativeEnvironmentRepository - Adding property source: Config resource 'file [/tmp/config-repo-8095883992802835706/config-client.yml]' via location 'file:/tmp/config-repo-8095883992802835706/'
2024-07-20 17:20:41 [http-nio-8888-exec-1] DEBUG o.s.c.c.s.s.GitCredentialsProviderFactory - Constructing UsernamePasswordCredentialsProvider for URI https://github.com/kelsonthony/spring-cloud-config-server-repository
2024-07-20 17:20:41 [http-nio-8888-exec-1] INFO  o.s.c.c.s.e.NativeEnvironmentRepository - Adding property source: Config resource 'file [/tmp/config-repo-8095883992802835706/config-client.yml]' via location 'file:/tmp/config-repo-8095883992802835706/'
2024-07-20 17:25:02 [http-nio-8888-exec-3] DEBUG o.s.c.c.s.s.GitCredentialsProviderFactory - Constructing UsernamePasswordCredentialsProvider for URI https://github.com/kelsonthony/spring-cloud-config-server-repository
2024-07-20 17:25:02 [http-nio-8888-exec-3] INFO  o.s.c.c.s.e.NativeEnvironmentRepository - Adding property source: Config resource 'file [/tmp/config-repo-8095883992802835706/config-client.yml]' via location 'file:/tmp/config-repo-8095883992802835706/'
2024-07-20 17:26:28 [http-nio-8888-exec-5] DEBUG o.s.c.c.s.s.GitCredentialsProviderFactory - Constructing UsernamePasswordCredentialsProvider for URI https://github.com/kelsonthony/spring-cloud-config-server-repository
2024-07-20 17:26:28 [http-nio-8888-exec-5] INFO  o.s.c.c.s.e.NativeEnvironmentRepository - Adding property source: Config resource 'file [/tmp/config-repo-8095883992802835706/config-client-elastic_query_web.yml]' via location 'file:/tmp/config-repo-8095883992802835706/'
2024-07-20 17:26:28 [http-nio-8888-exec-5] INFO  o.s.c.c.s.e.NativeEnvironmentRepository - Adding property source: Config resource 'file [/tmp/config-repo-8095883992802835706/config-client.yml]' via location 'file:/tmp/config-repo-8095883992802835706/'
2024-07-20 17:30:30 [http-nio-8888-exec-6] DEBUG o.s.c.c.s.s.GitCredentialsProviderFactory - Constructing UsernamePasswordCredentialsProvider for URI https://github.com/kelsonthony/spring-cloud-config-server-repository
2024-07-20 17:30:30 [http-nio-8888-exec-6] INFO  o.s.c.c.s.e.NativeEnvironmentRepository - Adding property source: Config resource 'file [/tmp/config-repo-8095883992802835706/config-client-elastic_query.yml]' via location 'file:/tmp/config-repo-8095883992802835706/'
2024-07-20 17:30:30 [http-nio-8888-exec-6] INFO  o.s.c.c.s.e.NativeEnvironmentRepository - Adding property source: Config resource 'file [/tmp/config-repo-8095883992802835706/config-client.yml]' via location 'file:/tmp/config-repo-8095883992802835706/'
2024-07-20 17:30:50 [http-nio-8888-exec-8] DEBUG o.s.c.c.s.s.GitCredentialsProviderFactory - Constructing UsernamePasswordCredentialsProvider for URI https://github.com/kelsonthony/spring-cloud-config-server-repository
2024-07-20 17:30:51 [http-nio-8888-exec-8] INFO  o.s.c.c.s.e.NativeEnvironmentRepository - Adding property source: Config resource 'file [/tmp/config-repo-8095883992802835706/config-client-elastic_query_web.yml]' via location 'file:/tmp/config-repo-8095883992802835706/'
2024-07-20 17:30:51 [http-nio-8888-exec-8] INFO  o.s.c.c.s.e.NativeEnvironmentRepository - Adding property source: Config resource 'file [/tmp/config-repo-8095883992802835706/config-client.yml]' via location 'file:/tmp/config-repo-8095883992802835706/'
2024-07-20 17:35:06 [http-nio-8888-exec-1] DEBUG o.s.c.c.s.s.GitCredentialsProviderFactory - Constructing UsernamePasswordCredentialsProvider for URI https://github.com/kelsonthony/spring-cloud-config-server-repository
2024-07-20 17:35:06 [http-nio-8888-exec-1] INFO  o.s.c.c.s.e.NativeEnvironmentRepository - Adding property source: Config resource 'file [/tmp/config-repo-8095883992802835706/config-client-elastic_query_web.yml]' via location 'file:/tmp/config-repo-8095883992802835706/'
2024-07-20 17:35:06 [http-nio-8888-exec-1] INFO  o.s.c.c.s.e.NativeEnvironmentRepository - Adding property source: Config resource 'file [/tmp/config-repo-8095883992802835706/config-client.yml]' via location 'file:/tmp/config-repo-8095883992802835706/'
2024-07-20 17:39:24 [http-nio-8888-exec-3] DEBUG o.s.c.c.s.s.GitCredentialsProviderFactory - Constructing UsernamePasswordCredentialsProvider for URI https://github.com/kelsonthony/spring-cloud-config-server-repository
2024-07-20 17:39:24 [http-nio-8888-exec-3] INFO  o.s.c.c.s.e.NativeEnvironmentRepository - Adding property source: Config resource 'file [/tmp/config-repo-8095883992802835706/config-client-elastic_query_web.yml]' via location 'file:/tmp/config-repo-8095883992802835706/'
2024-07-20 17:39:24 [http-nio-8888-exec-3] INFO  o.s.c.c.s.e.NativeEnvironmentRepository - Adding property source: Config resource 'file [/tmp/config-repo-8095883992802835706/config-client.yml]' via location 'file:/tmp/config-repo-8095883992802835706/'
2024-07-20 17:40:06 [http-nio-8888-exec-5] DEBUG o.s.c.c.s.s.GitCredentialsProviderFactory - Constructing UsernamePasswordCredentialsProvider for URI https://github.com/kelsonthony/spring-cloud-config-server-repository
2024-07-20 17:40:07 [http-nio-8888-exec-5] INFO  o.s.c.c.s.e.NativeEnvironmentRepository - Adding property source: Config resource 'file [/tmp/config-repo-8095883992802835706/config-client-elastic_query_web.yml]' via location 'file:/tmp/config-repo-8095883992802835706/'
2024-07-20 17:40:07 [http-nio-8888-exec-5] INFO  o.s.c.c.s.e.NativeEnvironmentRepository - Adding property source: Config resource 'file [/tmp/config-repo-8095883992802835706/config-client.yml]' via location 'file:/tmp/config-repo-8095883992802835706/'
2024-07-20 17:41:21 [http-nio-8888-exec-6] DEBUG o.s.c.c.s.s.GitCredentialsProviderFactory - Constructing UsernamePasswordCredentialsProvider for URI https://github.com/kelsonthony/spring-cloud-config-server-repository
2024-07-20 17:41:21 [http-nio-8888-exec-6] INFO  o.s.c.c.s.e.NativeEnvironmentRepository - Adding property source: Config resource 'file [/tmp/config-repo-8095883992802835706/config-client-elastic_query_web.yml]' via location 'file:/tmp/config-repo-8095883992802835706/'
2024-07-20 17:41:21 [http-nio-8888-exec-6] INFO  o.s.c.c.s.e.NativeEnvironmentRepository - Adding property source: Config resource 'file [/tmp/config-repo-8095883992802835706/config-client.yml]' via location 'file:/tmp/config-repo-8095883992802835706/'
2024-07-20 17:48:17 [http-nio-8888-exec-9] DEBUG o.s.c.c.s.s.GitCredentialsProviderFactory - Constructing UsernamePasswordCredentialsProvider for URI https://github.com/kelsonthony/spring-cloud-config-server-repository
2024-07-20 17:48:18 [http-nio-8888-exec-9] INFO  o.s.c.c.s.e.NativeEnvironmentRepository - Adding property source: Config resource 'file [/tmp/config-repo-8095883992802835706/config-client-elastic_query_web.yml]' via location 'file:/tmp/config-repo-8095883992802835706/'
2024-07-20 17:48:18 [http-nio-8888-exec-9] INFO  o.s.c.c.s.e.NativeEnvironmentRepository - Adding property source: Config resource 'file [/tmp/config-repo-8095883992802835706/config-client.yml]' via location 'file:/tmp/config-repo-8095883992802835706/'
2024-07-20 17:52:44 [http-nio-8888-exec-1] DEBUG o.s.c.c.s.s.GitCredentialsProviderFactory - Constructing UsernamePasswordCredentialsProvider for URI https://github.com/kelsonthony/spring-cloud-config-server-repository
2024-07-20 17:52:44 [http-nio-8888-exec-1] INFO  o.s.c.c.s.e.NativeEnvironmentRepository - Adding property source: Config resource 'file [/tmp/config-repo-8095883992802835706/config-client-elastic_query_web.yml]' via location 'file:/tmp/config-repo-8095883992802835706/'
2024-07-20 17:52:44 [http-nio-8888-exec-1] INFO  o.s.c.c.s.e.NativeEnvironmentRepository - Adding property source: Config resource 'file [/tmp/config-repo-8095883992802835706/config-client.yml]' via location 'file:/tmp/config-repo-8095883992802835706/'
2024-07-20 17:54:01 [http-nio-8888-exec-3] DEBUG o.s.c.c.s.s.GitCredentialsProviderFactory - Constructing UsernamePasswordCredentialsProvider for URI https://github.com/kelsonthony/spring-cloud-config-server-repository
2024-07-20 17:54:02 [http-nio-8888-exec-3] INFO  o.s.c.c.s.e.NativeEnvironmentRepository - Adding property source: Config resource 'file [/tmp/config-repo-8095883992802835706/config-client-elastic_query_web.yml]' via location 'file:/tmp/config-repo-8095883992802835706/'
2024-07-20 17:54:02 [http-nio-8888-exec-3] INFO  o.s.c.c.s.e.NativeEnvironmentRepository - Adding property source: Config resource 'file [/tmp/config-repo-8095883992802835706/config-client.yml]' via location 'file:/tmp/config-repo-8095883992802835706/'
2024-07-20 17:56:25 [background-preinit] INFO  o.h.validator.internal.util.Version - HV000001: Hibernate Validator 6.2.0.Final
2024-07-20 17:56:25 [main] INFO  c.m.demo.config.server.ConfigServer - Starting ConfigServer using Java 11.0.23 on kelsonthony with PID 43355 (/home/kelson/projects/microservices-demo/config-server/target/classes started by kelson in /home/kelson/projects/microservices-demo)
2024-07-20 17:56:25 [main] INFO  c.m.demo.config.server.ConfigServer - No active profile set, falling back to default profiles: default
2024-07-20 17:56:27 [main] INFO  o.s.cloud.context.scope.GenericScope - BeanFactory id=c789c12f-ebf3-36e4-9bc3-cfe6e3c24f73
2024-07-20 17:56:27 [main] INFO  o.s.b.w.e.tomcat.TomcatWebServer - Tomcat initialized with port(s): 8888 (http)
2024-07-20 17:56:27 [main] INFO  o.a.coyote.http11.Http11NioProtocol - Initializing ProtocolHandler ["http-nio-8888"]
2024-07-20 17:56:27 [main] INFO  o.a.catalina.core.StandardService - Starting service [Tomcat]
2024-07-20 17:56:27 [main] INFO  o.a.catalina.core.StandardEngine - Starting Servlet engine: [Apache Tomcat/9.0.50]
2024-07-20 17:56:27 [main] INFO  o.a.c.c.C.[Tomcat].[localhost].[/] - Initializing Spring embedded WebApplicationContext
2024-07-20 17:56:27 [main] INFO  o.s.b.w.s.c.ServletWebServerApplicationContext - Root WebApplicationContext: initialization completed in 2405 ms
2024-07-20 17:56:28 [main] DEBUG o.s.c.c.s.s.GitCredentialsProviderFactory - Constructing UsernamePasswordCredentialsProvider for URI https://github.com/kelsonthony/spring-cloud-config-server-repository
2024-07-20 17:56:30 [main] INFO  o.s.s.web.DefaultSecurityFilterChain - Will secure Ant [pattern='/actuator/**'] with []
2024-07-20 17:56:30 [main] INFO  o.s.s.web.DefaultSecurityFilterChain - Will secure Ant [pattern='/encrypt/**'] with []
2024-07-20 17:56:30 [main] INFO  o.s.s.web.DefaultSecurityFilterChain - Will secure Ant [pattern='/decrypt/**'] with []
2024-07-20 17:56:30 [main] INFO  o.s.s.web.DefaultSecurityFilterChain - Will secure any request with [org.springframework.security.web.context.request.async.WebAsyncManagerIntegrationFilter@fde487b, org.springframework.security.web.context.SecurityContextPersistenceFilter@30c8c6ab, org.springframework.security.web.header.HeaderWriterFilter@4e2824b1, org.springframework.security.web.csrf.CsrfFilter@603f4e3e, org.springframework.security.web.authentication.logout.LogoutFilter@2bcb1414, org.springframework.security.web.authentication.UsernamePasswordAuthenticationFilter@3bcc8f13, org.springframework.security.web.authentication.ui.DefaultLoginPageGeneratingFilter@39dda56f, org.springframework.security.web.authentication.ui.DefaultLogoutPageGeneratingFilter@4cc4d454, org.springframework.security.web.authentication.www.BasicAuthenticationFilter@4c8d45cf, org.springframework.security.web.savedrequest.RequestCacheAwareFilter@37f71c05, org.springframework.security.web.servletapi.SecurityContextHolderAwareRequestFilter@42503099, org.springframework.security.web.authentication.AnonymousAuthenticationFilter@3add5e17, org.springframework.security.web.session.SessionManagementFilter@7d18338b, org.springframework.security.web.access.ExceptionTranslationFilter@521a506c, org.springframework.security.web.access.intercept.FilterSecurityInterceptor@58bad46f]
2024-07-20 17:56:30 [main] INFO  o.s.b.a.e.web.EndpointLinksResolver - Exposing 1 endpoint(s) beneath base path '/actuator'
2024-07-20 17:56:30 [main] INFO  o.a.coyote.http11.Http11NioProtocol - Starting ProtocolHandler ["http-nio-8888"]
2024-07-20 17:56:30 [main] INFO  o.s.b.w.e.tomcat.TomcatWebServer - Tomcat started on port(s): 8888 (http) with context path ''
2024-07-20 17:56:30 [main] INFO  c.m.demo.config.server.ConfigServer - Started ConfigServer in 6.296 seconds (JVM running for 7.962)
2024-07-20 17:56:30 [RMI TCP Connection(5)-127.0.0.1] INFO  o.a.c.c.C.[Tomcat].[localhost].[/] - Initializing Spring DispatcherServlet 'dispatcherServlet'
2024-07-20 17:56:30 [RMI TCP Connection(5)-127.0.0.1] INFO  o.s.web.servlet.DispatcherServlet - Initializing Servlet 'dispatcherServlet'
2024-07-20 17:56:30 [RMI TCP Connection(5)-127.0.0.1] INFO  o.s.web.servlet.DispatcherServlet - Completed initialization in 3 ms
2024-07-20 17:56:30 [RMI TCP Connection(3)-127.0.0.1] DEBUG o.s.c.c.s.s.GitCredentialsProviderFactory - Constructing UsernamePasswordCredentialsProvider for URI https://github.com/kelsonthony/spring-cloud-config-server-repository
2024-07-20 17:56:51 [http-nio-8888-exec-1] DEBUG o.s.c.c.s.s.GitCredentialsProviderFactory - Constructing UsernamePasswordCredentialsProvider for URI https://github.com/kelsonthony/spring-cloud-config-server-repository
2024-07-20 17:56:51 [http-nio-8888-exec-1] INFO  o.s.c.c.s.e.NativeEnvironmentRepository - Adding property source: Config resource 'file [/tmp/config-repo-7390939785755897083/config-client-elastic_query_web.yml]' via location 'file:/tmp/config-repo-7390939785755897083/'
2024-07-20 17:56:51 [http-nio-8888-exec-1] INFO  o.s.c.c.s.e.NativeEnvironmentRepository - Adding property source: Config resource 'file [/tmp/config-repo-7390939785755897083/config-client.yml]' via location 'file:/tmp/config-repo-7390939785755897083/'
2024-07-20 18:02:33 [http-nio-8888-exec-2] DEBUG o.s.c.c.s.s.GitCredentialsProviderFactory - Constructing UsernamePasswordCredentialsProvider for URI https://github.com/kelsonthony/spring-cloud-config-server-repository
2024-07-20 18:02:34 [http-nio-8888-exec-2] INFO  o.s.c.c.s.e.NativeEnvironmentRepository - Adding property source: Config resource 'file [/tmp/config-repo-7390939785755897083/config-client-elastic_query_web.yml]' via location 'file:/tmp/config-repo-7390939785755897083/'
2024-07-20 18:02:34 [http-nio-8888-exec-2] INFO  o.s.c.c.s.e.NativeEnvironmentRepository - Adding property source: Config resource 'file [/tmp/config-repo-7390939785755897083/config-client.yml]' via location 'file:/tmp/config-repo-7390939785755897083/'
2024-07-20 18:06:20 [http-nio-8888-exec-5] DEBUG o.s.c.c.s.s.GitCredentialsProviderFactory - Constructing UsernamePasswordCredentialsProvider for URI https://github.com/kelsonthony/spring-cloud-config-server-repository
2024-07-20 18:06:21 [http-nio-8888-exec-5] INFO  o.s.c.c.s.e.NativeEnvironmentRepository - Adding property source: Config resource 'file [/tmp/config-repo-7390939785755897083/config-client-elastic_query_web.yml]' via location 'file:/tmp/config-repo-7390939785755897083/'
2024-07-20 18:06:21 [http-nio-8888-exec-5] INFO  o.s.c.c.s.e.NativeEnvironmentRepository - Adding property source: Config resource 'file [/tmp/config-repo-7390939785755897083/config-client.yml]' via location 'file:/tmp/config-repo-7390939785755897083/'
2024-07-20 18:08:28 [http-nio-8888-exec-7] DEBUG o.s.c.c.s.s.GitCredentialsProviderFactory - Constructing UsernamePasswordCredentialsProvider for URI https://github.com/kelsonthony/spring-cloud-config-server-repository
2024-07-20 18:08:28 [http-nio-8888-exec-7] INFO  o.s.c.c.s.e.NativeEnvironmentRepository - Adding property source: Config resource 'file [/tmp/config-repo-7390939785755897083/config-client-elastic_query_web.yml]' via location 'file:/tmp/config-repo-7390939785755897083/'
2024-07-20 18:08:28 [http-nio-8888-exec-7] INFO  o.s.c.c.s.e.NativeEnvironmentRepository - Adding property source: Config resource 'file [/tmp/config-repo-7390939785755897083/config-client.yml]' via location 'file:/tmp/config-repo-7390939785755897083/'
2024-07-20 18:09:49 [http-nio-8888-exec-9] DEBUG o.s.c.c.s.s.GitCredentialsProviderFactory - Constructing UsernamePasswordCredentialsProvider for URI https://github.com/kelsonthony/spring-cloud-config-server-repository
2024-07-20 18:09:50 [http-nio-8888-exec-9] INFO  o.s.c.c.s.e.NativeEnvironmentRepository - Adding property source: Config resource 'file [/tmp/config-repo-7390939785755897083/config-client-elastic_query_web.yml]' via location 'file:/tmp/config-repo-7390939785755897083/'
2024-07-20 18:09:50 [http-nio-8888-exec-9] INFO  o.s.c.c.s.e.NativeEnvironmentRepository - Adding property source: Config resource 'file [/tmp/config-repo-7390939785755897083/config-client.yml]' via location 'file:/tmp/config-repo-7390939785755897083/'
