2024-07-11 10:22:20 [background-preinit] INFO  o.h.validator.internal.util.Version - HV000001: Hibernate Validator 6.2.0.Final
2024-07-11 10:22:20 [background-preinit] WARN  o.s.h.c.j.Jackson2ObjectMapperBuilder - For Jackson Kotlin classes support please add "com.fasterxml.jackson.module:jackson-module-kotlin" to the classpath
2024-07-11 10:22:20 [main] INFO  c.m.demo.config.server.ConfigServer - No active profile set, falling back to default profiles: default
2024-07-11 10:22:22 [main] INFO  o.s.cloud.context.scope.GenericScope - BeanFactory id=d7135956-b4d2-3f76-bf95-1e1a91cfed7e
2024-07-11 10:22:22 [main] INFO  o.s.b.w.e.tomcat.TomcatWebServer - Tomcat initialized with port(s): 8888 (http)
2024-07-11 10:22:22 [main] INFO  o.a.coyote.http11.Http11NioProtocol - Initializing ProtocolHandler ["http-nio-8888"]
2024-07-11 10:22:22 [main] INFO  o.a.catalina.core.StandardService - Starting service [Tomcat]
2024-07-11 10:22:22 [main] INFO  o.a.catalina.core.StandardEngine - Starting Servlet engine: [Apache Tomcat/9.0.46]
2024-07-11 10:22:22 [main] INFO  o.a.c.c.C.[Tomcat].[localhost].[/] - Initializing Spring embedded WebApplicationContext
2024-07-11 10:22:22 [main] INFO  o.s.b.w.s.c.ServletWebServerApplicationContext - Root WebApplicationContext: initialization completed in 1853 ms
2024-07-11 10:22:23 [main] DEBUG o.s.c.c.s.s.GitCredentialsProviderFactory - Constructing UsernamePasswordCredentialsProvider for URI https://github.com/kelsonthony/spring-cloud-config-server-repository
2024-07-11 10:22:25 [main] INFO  o.s.s.web.DefaultSecurityFilterChain - Will secure Ant [pattern='/actuator/**'] with []
2024-07-11 10:22:25 [main] INFO  o.s.s.web.DefaultSecurityFilterChain - Will secure Ant [pattern='/encrypt/**'] with []
2024-07-11 10:22:25 [main] INFO  o.s.s.web.DefaultSecurityFilterChain - Will secure Ant [pattern='/decrypt/**'] with []
2024-07-11 10:22:25 [main] INFO  o.s.s.web.DefaultSecurityFilterChain - Will secure any request with [org.springframework.security.web.context.request.async.WebAsyncManagerIntegrationFilter@6adcf059, org.springframework.security.web.context.SecurityContextPersistenceFilter@44a14de0, org.springframework.security.web.header.HeaderWriterFilter@326706d, org.springframework.security.web.csrf.CsrfFilter@54997f67, org.springframework.security.web.authentication.logout.LogoutFilter@7bbd76b8, org.springframework.security.web.authentication.UsernamePasswordAuthenticationFilter@13404f75, org.springframework.security.web.authentication.ui.DefaultLoginPageGeneratingFilter@23a78c77, org.springframework.security.web.authentication.ui.DefaultLogoutPageGeneratingFilter@7962a746, org.springframework.security.web.authentication.www.BasicAuthenticationFilter@38ebc866, org.springframework.security.web.savedrequest.RequestCacheAwareFilter@5e1d1524, org.springframework.security.web.servletapi.SecurityContextHolderAwareRequestFilter@75f32817, org.springframework.security.web.authentication.AnonymousAuthenticationFilter@1c31de5d, org.springframework.security.web.session.SessionManagementFilter@53fbb2b4, org.springframework.security.web.access.ExceptionTranslationFilter@6ae6d078, org.springframework.security.web.access.intercept.FilterSecurityInterceptor@1e4d8770]
2024-07-11 10:22:25 [main] INFO  o.s.b.a.e.web.EndpointLinksResolver - Exposing 1 endpoint(s) beneath base path '/actuator'
2024-07-11 10:22:25 [main] INFO  o.a.coyote.http11.Http11NioProtocol - Starting ProtocolHandler ["http-nio-8888"]
2024-07-11 10:22:25 [main] INFO  o.s.b.w.e.tomcat.TomcatWebServer - Tomcat started on port(s): 8888 (http) with context path ''
2024-07-11 10:22:25 [main] INFO  c.m.demo.config.server.ConfigServer - Started ConfigServer in 6.213 seconds (JVM running for 8.208)
2024-07-11 10:22:25 [main] INFO  o.s.b.a.ApplicationAvailabilityBean - Application availability state LivenessState changed to CORRECT
2024-07-11 10:22:25 [main] INFO  o.s.b.a.ApplicationAvailabilityBean - Application availability state ReadinessState changed to ACCEPTING_TRAFFIC
2024-07-11 10:22:25 [RMI TCP Connection(1)-127.0.0.1] INFO  o.a.c.c.C.[Tomcat].[localhost].[/] - Initializing Spring DispatcherServlet 'dispatcherServlet'
2024-07-11 10:22:25 [RMI TCP Connection(1)-127.0.0.1] INFO  o.s.web.servlet.DispatcherServlet - Initializing Servlet 'dispatcherServlet'
2024-07-11 10:22:25 [RMI TCP Connection(1)-127.0.0.1] INFO  o.s.web.servlet.DispatcherServlet - Completed initialization in 3 ms
2024-07-11 10:22:25 [RMI TCP Connection(2)-127.0.0.1] DEBUG o.s.c.c.s.s.GitCredentialsProviderFactory - Constructing UsernamePasswordCredentialsProvider for URI https://github.com/kelsonthony/spring-cloud-config-server-repository
2024-07-11 10:26:48 [background-preinit] INFO  o.h.validator.internal.util.Version - HV000001: Hibernate Validator 6.2.0.Final
2024-07-11 10:26:49 [background-preinit] WARN  o.s.h.c.j.Jackson2ObjectMapperBuilder - For Jackson Kotlin classes support please add "com.fasterxml.jackson.module:jackson-module-kotlin" to the classpath
2024-07-11 10:26:49 [main] INFO  c.m.demo.config.server.ConfigServer - No active profile set, falling back to default profiles: default
2024-07-11 10:26:51 [main] INFO  o.s.cloud.context.scope.GenericScope - BeanFactory id=d7135956-b4d2-3f76-bf95-1e1a91cfed7e
2024-07-11 10:26:51 [main] INFO  o.s.b.w.e.tomcat.TomcatWebServer - Tomcat initialized with port(s): 8888 (http)
2024-07-11 10:26:51 [main] INFO  o.a.coyote.http11.Http11NioProtocol - Initializing ProtocolHandler ["http-nio-8888"]
2024-07-11 10:26:51 [main] INFO  o.a.catalina.core.StandardService - Starting service [Tomcat]
2024-07-11 10:26:51 [main] INFO  o.a.catalina.core.StandardEngine - Starting Servlet engine: [Apache Tomcat/9.0.46]
2024-07-11 10:26:51 [main] INFO  o.a.c.c.C.[Tomcat].[localhost].[/] - Initializing Spring embedded WebApplicationContext
2024-07-11 10:26:51 [main] INFO  o.s.b.w.s.c.ServletWebServerApplicationContext - Root WebApplicationContext: initialization completed in 1791 ms
2024-07-11 10:26:52 [main] DEBUG o.s.c.c.s.s.GitCredentialsProviderFactory - Constructing UsernamePasswordCredentialsProvider for URI https://github.com/kelsonthony/spring-cloud-config-server-repository
2024-07-11 10:26:53 [main] INFO  o.s.s.web.DefaultSecurityFilterChain - Will secure Ant [pattern='/actuator/**'] with []
2024-07-11 10:26:53 [main] INFO  o.s.s.web.DefaultSecurityFilterChain - Will secure Ant [pattern='/encrypt/**'] with []
2024-07-11 10:26:53 [main] INFO  o.s.s.web.DefaultSecurityFilterChain - Will secure Ant [pattern='/decrypt/**'] with []
2024-07-11 10:26:53 [main] INFO  o.s.s.web.DefaultSecurityFilterChain - Will secure any request with [org.springframework.security.web.context.request.async.WebAsyncManagerIntegrationFilter@380e33c2, org.springframework.security.web.context.SecurityContextPersistenceFilter@fd14789, org.springframework.security.web.header.HeaderWriterFilter@d0fabc8, org.springframework.security.web.csrf.CsrfFilter@76fc5687, org.springframework.security.web.authentication.logout.LogoutFilter@6c1b82cd, org.springframework.security.web.authentication.UsernamePasswordAuthenticationFilter@45ad3cd8, org.springframework.security.web.authentication.ui.DefaultLoginPageGeneratingFilter@ce19c86, org.springframework.security.web.authentication.ui.DefaultLogoutPageGeneratingFilter@3bc891f2, org.springframework.security.web.authentication.www.BasicAuthenticationFilter@6124dda2, org.springframework.security.web.savedrequest.RequestCacheAwareFilter@105ffc58, org.springframework.security.web.servletapi.SecurityContextHolderAwareRequestFilter@1c792107, org.springframework.security.web.authentication.AnonymousAuthenticationFilter@445b85d7, org.springframework.security.web.session.SessionManagementFilter@1a66be41, org.springframework.security.web.access.ExceptionTranslationFilter@75f32817, org.springframework.security.web.access.intercept.FilterSecurityInterceptor@772cf46b]
2024-07-11 10:26:53 [main] INFO  o.s.b.a.e.web.EndpointLinksResolver - Exposing 1 endpoint(s) beneath base path '/actuator'
2024-07-11 10:26:53 [main] INFO  o.a.coyote.http11.Http11NioProtocol - Starting ProtocolHandler ["http-nio-8888"]
2024-07-11 10:26:54 [main] INFO  o.s.b.w.e.tomcat.TomcatWebServer - Tomcat started on port(s): 8888 (http) with context path ''
2024-07-11 10:26:54 [main] INFO  c.m.demo.config.server.ConfigServer - Started ConfigServer in 6.244 seconds (JVM running for 7.521)
2024-07-11 10:26:54 [main] INFO  o.s.b.a.ApplicationAvailabilityBean - Application availability state LivenessState changed to CORRECT
2024-07-11 10:26:54 [main] INFO  o.s.b.a.ApplicationAvailabilityBean - Application availability state ReadinessState changed to ACCEPTING_TRAFFIC
2024-07-11 10:26:54 [RMI TCP Connection(2)-127.0.0.1] INFO  o.a.c.c.C.[Tomcat].[localhost].[/] - Initializing Spring DispatcherServlet 'dispatcherServlet'
2024-07-11 10:26:54 [RMI TCP Connection(2)-127.0.0.1] INFO  o.s.web.servlet.DispatcherServlet - Initializing Servlet 'dispatcherServlet'
2024-07-11 10:26:54 [RMI TCP Connection(2)-127.0.0.1] INFO  o.s.web.servlet.DispatcherServlet - Completed initialization in 3 ms
2024-07-11 10:26:54 [RMI TCP Connection(3)-127.0.0.1] DEBUG o.s.c.c.s.s.GitCredentialsProviderFactory - Constructing UsernamePasswordCredentialsProvider for URI https://github.com/kelsonthony/spring-cloud-config-server-repository
2024-07-11 10:28:09 [SpringContextShutdownHook] INFO  o.s.b.a.ApplicationAvailabilityBean - Application availability state ReadinessState changed from ACCEPTING_TRAFFIC to REFUSING_TRAFFIC
2024-07-11 10:28:37 [background-preinit] INFO  o.h.validator.internal.util.Version - HV000001: Hibernate Validator 6.2.0.Final
2024-07-11 10:28:38 [background-preinit] WARN  o.s.h.c.j.Jackson2ObjectMapperBuilder - For Jackson Kotlin classes support please add "com.fasterxml.jackson.module:jackson-module-kotlin" to the classpath
2024-07-11 10:28:38 [main] INFO  c.m.demo.config.server.ConfigServer - No active profile set, falling back to default profiles: default
2024-07-11 10:28:39 [main] INFO  o.s.cloud.context.scope.GenericScope - BeanFactory id=d7135956-b4d2-3f76-bf95-1e1a91cfed7e
2024-07-11 10:28:40 [main] INFO  o.s.b.w.e.tomcat.TomcatWebServer - Tomcat initialized with port(s): 8888 (http)
2024-07-11 10:28:40 [main] INFO  o.a.coyote.http11.Http11NioProtocol - Initializing ProtocolHandler ["http-nio-8888"]
2024-07-11 10:28:40 [main] INFO  o.a.catalina.core.StandardService - Starting service [Tomcat]
2024-07-11 10:28:40 [main] INFO  o.a.catalina.core.StandardEngine - Starting Servlet engine: [Apache Tomcat/9.0.46]
2024-07-11 10:28:40 [main] INFO  o.a.c.c.C.[Tomcat].[localhost].[/] - Initializing Spring embedded WebApplicationContext
2024-07-11 10:28:40 [main] INFO  o.s.b.w.s.c.ServletWebServerApplicationContext - Root WebApplicationContext: initialization completed in 1828 ms
2024-07-11 10:28:41 [main] DEBUG o.s.c.c.s.s.GitCredentialsProviderFactory - Constructing UsernamePasswordCredentialsProvider for URI https://github.com/kelsonthony/spring-cloud-config-server-repository
2024-07-11 10:28:42 [main] INFO  o.s.s.web.DefaultSecurityFilterChain - Will secure Ant [pattern='/actuator/**'] with []
2024-07-11 10:28:42 [main] INFO  o.s.s.web.DefaultSecurityFilterChain - Will secure Ant [pattern='/encrypt/**'] with []
2024-07-11 10:28:42 [main] INFO  o.s.s.web.DefaultSecurityFilterChain - Will secure Ant [pattern='/decrypt/**'] with []
2024-07-11 10:28:42 [main] INFO  o.s.s.web.DefaultSecurityFilterChain - Will secure any request with [org.springframework.security.web.context.request.async.WebAsyncManagerIntegrationFilter@445b85d7, org.springframework.security.web.context.SecurityContextPersistenceFilter@105ffc58, org.springframework.security.web.header.HeaderWriterFilter@1a66be41, org.springframework.security.web.csrf.CsrfFilter@7434ee13, org.springframework.security.web.authentication.logout.LogoutFilter@3ea9a091, org.springframework.security.web.authentication.UsernamePasswordAuthenticationFilter@5a2f401a, org.springframework.security.web.authentication.ui.DefaultLoginPageGeneratingFilter@4e951fb1, org.springframework.security.web.authentication.ui.DefaultLogoutPageGeneratingFilter@3d59933, org.springframework.security.web.authentication.www.BasicAuthenticationFilter@3bc891f2, org.springframework.security.web.savedrequest.RequestCacheAwareFilter@6d2db15b, org.springframework.security.web.servletapi.SecurityContextHolderAwareRequestFilter@68479e8b, org.springframework.security.web.authentication.AnonymousAuthenticationFilter@4a0c3aa8, org.springframework.security.web.session.SessionManagementFilter@fd14789, org.springframework.security.web.access.ExceptionTranslationFilter@4119346d, org.springframework.security.web.access.intercept.FilterSecurityInterceptor@949d347]
2024-07-11 10:28:42 [main] INFO  o.s.b.a.e.web.EndpointLinksResolver - Exposing 1 endpoint(s) beneath base path '/actuator'
2024-07-11 10:28:42 [main] INFO  o.a.coyote.http11.Http11NioProtocol - Starting ProtocolHandler ["http-nio-8888"]
2024-07-11 10:28:42 [main] INFO  o.s.b.w.e.tomcat.TomcatWebServer - Tomcat started on port(s): 8888 (http) with context path ''
2024-07-11 10:28:42 [main] INFO  c.m.demo.config.server.ConfigServer - Started ConfigServer in 6.236 seconds (JVM running for 7.627)
2024-07-11 10:28:42 [main] INFO  o.s.b.a.ApplicationAvailabilityBean - Application availability state LivenessState changed to CORRECT
2024-07-11 10:28:42 [main] INFO  o.s.b.a.ApplicationAvailabilityBean - Application availability state ReadinessState changed to ACCEPTING_TRAFFIC
2024-07-11 10:28:43 [RMI TCP Connection(2)-127.0.0.1] INFO  o.a.c.c.C.[Tomcat].[localhost].[/] - Initializing Spring DispatcherServlet 'dispatcherServlet'
2024-07-11 10:28:43 [RMI TCP Connection(2)-127.0.0.1] INFO  o.s.web.servlet.DispatcherServlet - Initializing Servlet 'dispatcherServlet'
2024-07-11 10:28:43 [RMI TCP Connection(2)-127.0.0.1] INFO  o.s.web.servlet.DispatcherServlet - Completed initialization in 3 ms
2024-07-11 10:28:43 [RMI TCP Connection(1)-127.0.0.1] DEBUG o.s.c.c.s.s.GitCredentialsProviderFactory - Constructing UsernamePasswordCredentialsProvider for URI https://github.com/kelsonthony/spring-cloud-config-server-repository
2024-07-11 10:30:07 [SpringContextShutdownHook] INFO  o.s.b.a.ApplicationAvailabilityBean - Application availability state ReadinessState changed from ACCEPTING_TRAFFIC to REFUSING_TRAFFIC
2024-07-11 10:31:20 [background-preinit] INFO  o.h.validator.internal.util.Version - HV000001: Hibernate Validator 6.2.0.Final
2024-07-11 10:31:20 [background-preinit] WARN  o.s.h.c.j.Jackson2ObjectMapperBuilder - For Jackson Kotlin classes support please add "com.fasterxml.jackson.module:jackson-module-kotlin" to the classpath
2024-07-11 10:31:21 [main] INFO  c.m.demo.config.server.ConfigServer - No active profile set, falling back to default profiles: default
2024-07-11 10:31:22 [main] INFO  o.s.cloud.context.scope.GenericScope - BeanFactory id=d7135956-b4d2-3f76-bf95-1e1a91cfed7e
2024-07-11 10:31:22 [main] INFO  o.s.b.w.e.tomcat.TomcatWebServer - Tomcat initialized with port(s): 8888 (http)
2024-07-11 10:31:22 [main] INFO  o.a.coyote.http11.Http11NioProtocol - Initializing ProtocolHandler ["http-nio-8888"]
2024-07-11 10:31:22 [main] INFO  o.a.catalina.core.StandardService - Starting service [Tomcat]
2024-07-11 10:31:22 [main] INFO  o.a.catalina.core.StandardEngine - Starting Servlet engine: [Apache Tomcat/9.0.46]
2024-07-11 10:31:22 [main] INFO  o.a.c.c.C.[Tomcat].[localhost].[/] - Initializing Spring embedded WebApplicationContext
2024-07-11 10:31:22 [main] INFO  o.s.b.w.s.c.ServletWebServerApplicationContext - Root WebApplicationContext: initialization completed in 1685 ms
2024-07-11 10:31:23 [main] DEBUG o.s.c.c.s.s.GitCredentialsProviderFactory - Constructing UsernamePasswordCredentialsProvider for URI https://github.com/kelsonthony/spring-cloud-config-server-repository
2024-07-11 10:31:25 [main] INFO  o.s.s.web.DefaultSecurityFilterChain - Will secure Ant [pattern='/actuator/**'] with []
2024-07-11 10:31:25 [main] INFO  o.s.s.web.DefaultSecurityFilterChain - Will secure Ant [pattern='/encrypt/**'] with []
2024-07-11 10:31:25 [main] INFO  o.s.s.web.DefaultSecurityFilterChain - Will secure Ant [pattern='/decrypt/**'] with []
2024-07-11 10:31:25 [main] INFO  o.s.s.web.DefaultSecurityFilterChain - Will secure any request with [org.springframework.security.web.context.request.async.WebAsyncManagerIntegrationFilter@3f122cdc, org.springframework.security.web.context.SecurityContextPersistenceFilter@7bbd76b8, org.springframework.security.web.header.HeaderWriterFilter@749ad37c, org.springframework.security.web.csrf.CsrfFilter@4e52d2f2, org.springframework.security.web.authentication.logout.LogoutFilter@cb318ac, org.springframework.security.web.authentication.UsernamePasswordAuthenticationFilter@54556723, org.springframework.security.web.authentication.ui.DefaultLoginPageGeneratingFilter@56b66a26, org.springframework.security.web.authentication.ui.DefaultLogoutPageGeneratingFilter@5bf523e3, org.springframework.security.web.authentication.www.BasicAuthenticationFilter@29188050, org.springframework.security.web.savedrequest.RequestCacheAwareFilter@37b238da, org.springframework.security.web.servletapi.SecurityContextHolderAwareRequestFilter@4a7db5a, org.springframework.security.web.authentication.AnonymousAuthenticationFilter@8d29719, org.springframework.security.web.session.SessionManagementFilter@59b98ad1, org.springframework.security.web.access.ExceptionTranslationFilter@3f64d943, org.springframework.security.web.access.intercept.FilterSecurityInterceptor@47b961e2]
2024-07-11 10:31:25 [main] INFO  o.s.b.a.e.web.EndpointLinksResolver - Exposing 1 endpoint(s) beneath base path '/actuator'
2024-07-11 10:31:25 [main] INFO  o.a.coyote.http11.Http11NioProtocol - Starting ProtocolHandler ["http-nio-8888"]
2024-07-11 10:31:25 [main] INFO  o.s.b.w.e.tomcat.TomcatWebServer - Tomcat started on port(s): 8888 (http) with context path ''
2024-07-11 10:31:25 [main] INFO  c.m.demo.config.server.ConfigServer - Started ConfigServer in 5.897 seconds (JVM running for 7.273)
2024-07-11 10:31:25 [main] INFO  o.s.b.a.ApplicationAvailabilityBean - Application availability state LivenessState changed to CORRECT
2024-07-11 10:31:25 [main] INFO  o.s.b.a.ApplicationAvailabilityBean - Application availability state ReadinessState changed to ACCEPTING_TRAFFIC
2024-07-11 10:31:25 [RMI TCP Connection(2)-127.0.0.1] INFO  o.a.c.c.C.[Tomcat].[localhost].[/] - Initializing Spring DispatcherServlet 'dispatcherServlet'
2024-07-11 10:31:25 [RMI TCP Connection(2)-127.0.0.1] INFO  o.s.web.servlet.DispatcherServlet - Initializing Servlet 'dispatcherServlet'
2024-07-11 10:31:25 [RMI TCP Connection(2)-127.0.0.1] INFO  o.s.web.servlet.DispatcherServlet - Completed initialization in 3 ms
2024-07-11 10:31:25 [RMI TCP Connection(1)-127.0.0.1] DEBUG o.s.c.c.s.s.GitCredentialsProviderFactory - Constructing UsernamePasswordCredentialsProvider for URI https://github.com/kelsonthony/spring-cloud-config-server-repository
