2024-07-23 01:36:48 [background-preinit] INFO  o.h.validator.internal.util.Version - HV000001: Hibernate Validator 6.2.0.Final
2024-07-23 01:36:48 [main] INFO  c.m.demo.config.server.ConfigServer - Starting ConfigServer v0.0.1-SNAPSHOT using Java 11.0.19 on 93d0cd2ee448 with PID 1 (/workspace/BOOT-INF/classes started by cnb in /workspace)
2024-07-23 01:36:48 [main] INFO  c.m.demo.config.server.ConfigServer - No active profile set, falling back to default profiles: default
2024-07-23 01:37:14 [main] INFO  o.s.cloud.context.scope.GenericScope - BeanFactory id=f501f3ed-1186-3f12-afe5-a1fc266e8de5
2024-07-23 01:37:20 [main] INFO  o.s.b.w.e.tomcat.TomcatWebServer - Tomcat initialized with port(s): 8888 (http)
2024-07-23 01:37:20 [main] INFO  o.a.coyote.http11.Http11NioProtocol - Initializing ProtocolHandler ["http-nio-8888"]
2024-07-23 01:37:20 [main] INFO  o.a.catalina.core.StandardService - Starting service [Tomcat]
2024-07-23 01:37:20 [main] INFO  o.a.catalina.core.StandardEngine - Starting Servlet engine: [Apache Tomcat/9.0.50]
2024-07-23 01:37:21 [main] INFO  o.a.c.c.C.[Tomcat].[localhost].[/] - Initializing Spring embedded WebApplicationContext
2024-07-23 01:37:21 [main] INFO  o.s.b.w.s.c.ServletWebServerApplicationContext - Root WebApplicationContext: initialization completed in 31994 ms
2024-07-23 01:37:33 [main] DEBUG o.s.c.c.s.s.GitCredentialsProviderFactory - Constructing UsernamePasswordCredentialsProvider for URI https://github.com/kelsonthony/spring-cloud-config-server-repository
2024-07-23 01:37:45 [main] INFO  o.s.s.web.DefaultSecurityFilterChain - Will secure Ant [pattern='/actuator/**'] with []
2024-07-23 01:37:45 [main] INFO  o.s.s.web.DefaultSecurityFilterChain - Will secure Ant [pattern='/encrypt/**'] with []
2024-07-23 01:37:45 [main] INFO  o.s.s.web.DefaultSecurityFilterChain - Will secure Ant [pattern='/decrypt/**'] with []
2024-07-23 01:37:46 [main] INFO  o.s.s.web.DefaultSecurityFilterChain - Will secure any request with [org.springframework.security.web.context.request.async.WebAsyncManagerIntegrationFilter@2cff5aa3, org.springframework.security.web.context.SecurityContextPersistenceFilter@3516b881, org.springframework.security.web.header.HeaderWriterFilter@4e26564d, org.springframework.security.web.csrf.CsrfFilter@684b26b7, org.springframework.security.web.authentication.logout.LogoutFilter@53a09566, org.springframework.security.web.authentication.UsernamePasswordAuthenticationFilter@160546b1, org.springframework.security.web.authentication.ui.DefaultLoginPageGeneratingFilter@23ec63af, org.springframework.security.web.authentication.ui.DefaultLogoutPageGeneratingFilter@b6136eb, org.springframework.security.web.authentication.www.BasicAuthenticationFilter@3dfc59c5, org.springframework.security.web.savedrequest.RequestCacheAwareFilter@e3c36d, org.springframework.security.web.servletapi.SecurityContextHolderAwareRequestFilter@35524549, org.springframework.security.web.authentication.AnonymousAuthenticationFilter@2cce10bc, org.springframework.security.web.session.SessionManagementFilter@5627b8eb, org.springframework.security.web.access.ExceptionTranslationFilter@2c5708e7, org.springframework.security.web.access.intercept.FilterSecurityInterceptor@4f4d05b3]
2024-07-23 01:37:47 [main] INFO  o.s.b.a.e.web.EndpointLinksResolver - Exposing 1 endpoint(s) beneath base path '/actuator'
2024-07-23 01:37:47 [main] INFO  o.a.coyote.http11.Http11NioProtocol - Starting ProtocolHandler ["http-nio-8888"]
2024-07-23 01:37:47 [main] INFO  o.s.b.w.e.tomcat.TomcatWebServer - Tomcat started on port(s): 8888 (http) with context path ''
2024-07-23 01:37:47 [main] INFO  c.m.demo.config.server.ConfigServer - Started ConfigServer in 75.449 seconds (JVM running for 87.088)
2024-07-23 01:37:49 [http-nio-8888-exec-1] INFO  o.a.c.c.C.[Tomcat].[localhost].[/] - Initializing Spring DispatcherServlet 'dispatcherServlet'
2024-07-23 01:37:49 [http-nio-8888-exec-1] INFO  o.s.web.servlet.DispatcherServlet - Initializing Servlet 'dispatcherServlet'
2024-07-23 01:37:49 [http-nio-8888-exec-1] INFO  o.s.web.servlet.DispatcherServlet - Completed initialization in 38 ms
2024-07-23 01:37:50 [http-nio-8888-exec-2] DEBUG o.s.c.c.s.s.GitCredentialsProviderFactory - Constructing UsernamePasswordCredentialsProvider for URI https://github.com/kelsonthony/spring-cloud-config-server-repository
2024-07-23 01:37:51 [http-nio-8888-exec-1] DEBUG o.s.c.c.s.s.GitCredentialsProviderFactory - Constructing UsernamePasswordCredentialsProvider for URI https://github.com/kelsonthony/spring-cloud-config-server-repository
2024-07-23 01:37:51 [http-nio-8888-exec-3] DEBUG o.s.c.c.s.s.GitCredentialsProviderFactory - Constructing UsernamePasswordCredentialsProvider for URI https://github.com/kelsonthony/spring-cloud-config-server-repository
2024-07-23 01:38:13 [http-nio-8888-exec-4] DEBUG o.s.c.c.s.s.GitCredentialsProviderFactory - Constructing UsernamePasswordCredentialsProvider for URI https://github.com/kelsonthony/spring-cloud-config-server-repository
2024-07-23 01:38:14 [http-nio-8888-exec-4] INFO  o.s.c.c.s.e.NativeEnvironmentRepository - Adding property source: Config resource 'file [/tmp/config-repo-14453259673480434005/config-client-twitter_to_kafka.yml]' via location 'file:/tmp/config-repo-14453259673480434005/'
2024-07-23 01:38:14 [http-nio-8888-exec-4] INFO  o.s.c.c.s.e.NativeEnvironmentRepository - Adding property source: Config resource 'file [/tmp/config-repo-14453259673480434005/config-client.yml]' via location 'file:/tmp/config-repo-14453259673480434005/'
2024-07-23 01:38:15 [http-nio-8888-exec-5] DEBUG o.s.c.c.s.s.GitCredentialsProviderFactory - Constructing UsernamePasswordCredentialsProvider for URI https://github.com/kelsonthony/spring-cloud-config-server-repository
2024-07-23 01:38:16 [http-nio-8888-exec-5] INFO  o.s.c.c.s.e.NativeEnvironmentRepository - Adding property source: Config resource 'file [/tmp/config-repo-14453259673480434005/config-client-elastic_query.yml]' via location 'file:/tmp/config-repo-14453259673480434005/'
2024-07-23 01:38:16 [http-nio-8888-exec-5] INFO  o.s.c.c.s.e.NativeEnvironmentRepository - Adding property source: Config resource 'file [/tmp/config-repo-14453259673480434005/config-client.yml]' via location 'file:/tmp/config-repo-14453259673480434005/'
2024-07-23 01:38:16 [http-nio-8888-exec-6] DEBUG o.s.c.c.s.s.GitCredentialsProviderFactory - Constructing UsernamePasswordCredentialsProvider for URI https://github.com/kelsonthony/spring-cloud-config-server-repository
2024-07-23 01:38:17 [http-nio-8888-exec-6] INFO  o.s.c.c.s.e.NativeEnvironmentRepository - Adding property source: Config resource 'file [/tmp/config-repo-14453259673480434005/config-client-elastic_query.yml]' via location 'file:/tmp/config-repo-14453259673480434005/'
2024-07-23 01:38:17 [http-nio-8888-exec-6] INFO  o.s.c.c.s.e.NativeEnvironmentRepository - Adding property source: Config resource 'file [/tmp/config-repo-14453259673480434005/config-client.yml]' via location 'file:/tmp/config-repo-14453259673480434005/'
2024-07-23 01:39:00 [http-nio-8888-exec-9] DEBUG o.s.c.c.s.s.GitCredentialsProviderFactory - Constructing UsernamePasswordCredentialsProvider for URI https://github.com/kelsonthony/spring-cloud-config-server-repository
2024-07-23 01:39:01 [http-nio-8888-exec-9] INFO  o.s.c.c.s.e.NativeEnvironmentRepository - Adding property source: Config resource 'file [/tmp/config-repo-14453259673480434005/config-client-kafka_to_elastic.yml]' via location 'file:/tmp/config-repo-14453259673480434005/'
2024-07-23 01:39:01 [http-nio-8888-exec-9] INFO  o.s.c.c.s.e.NativeEnvironmentRepository - Adding property source: Config resource 'file [/tmp/config-repo-14453259673480434005/config-client.yml]' via location 'file:/tmp/config-repo-14453259673480434005/'
