2024-05-27 16:21:38 [main] INFO  c.m.d.t.k.s.TwitterKafkaServiceApplication - Starting TwitterKafkaServiceApplication on penguin with PID 3146 (/home/kthony/projects/microservices-demo/twitter-to-kafka-service/target/classes started by kthony in /home/kthony/projects/microservices-demo)
2024-05-27 16:21:38 [main] INFO  c.m.d.t.k.s.TwitterKafkaServiceApplication - No active profile set, falling back to default profiles: default
2024-05-27 16:21:39 [main] INFO  c.m.d.t.k.s.TwitterKafkaServiceApplication - Started TwitterKafkaServiceApplication in 2.887 seconds (JVM running for 6.638)
2024-05-27 16:21:39 [main] INFO  c.m.d.t.k.s.TwitterKafkaServiceApplication - Apps Twitter Starts...
2024-05-27 16:21:39 [main] INFO  c.m.d.t.k.s.TwitterKafkaServiceApplication - [Java, Microservices, Spring, Kafka, Elasticsearch]
2024-05-27 16:21:39 [main] INFO  c.m.d.t.k.s.TwitterKafkaServiceApplication - Hello microservices world!
2024-05-27 16:21:40 [Twitter Stream consumer /  [1][initializing]] INFO  twitter4j.TwitterStreamImpl - Establishing connection.
2024-05-27 16:21:40 [main] INFO  c.m.d.t.k.s.r.i.TwitterKafkaStreamRunner - Started filtering twitter stream for keywords [Java, Microservices, Spring, Kafka, Elasticsearch]
2024-05-27 16:21:42 [Twitter Stream consumer /  [1][Establishing connection]] INFO  twitter4j.TwitterStreamImpl - https://stream.twitter.com/1.1/statuses/filter.json
2024-05-27 16:21:42 [Twitter Stream consumer /  [1][Establishing connection]] INFO  twitter4j.TwitterStreamImpl - Waiting for 250 milliseconds
2024-05-27 16:21:42 [Twitter Stream consumer /  [1][Waiting for 250 milliseconds]] INFO  twitter4j.TwitterStreamImpl - Establishing connection.
2024-05-27 16:21:42 [Twitter Stream consumer /  [1][Establishing connection]] INFO  twitter4j.TwitterStreamImpl - https://stream.twitter.com/1.1/statuses/filter.json
2024-05-27 16:21:42 [Twitter Stream consumer /  [1][Establishing connection]] INFO  twitter4j.TwitterStreamImpl - Waiting for 500 milliseconds
2024-05-27 16:21:43 [Twitter Stream consumer /  [1][Waiting for 500 milliseconds]] INFO  twitter4j.TwitterStreamImpl - Establishing connection.
2024-05-27 16:21:44 [Twitter Stream consumer /  [1][Establishing connection]] INFO  twitter4j.TwitterStreamImpl - https://stream.twitter.com/1.1/statuses/filter.json
2024-05-27 16:21:44 [Twitter Stream consumer /  [1][Establishing connection]] INFO  twitter4j.TwitterStreamImpl - Waiting for 1000 milliseconds
2024-05-27 16:21:45 [Twitter Stream consumer /  [1][Waiting for 1000 milliseconds]] INFO  twitter4j.TwitterStreamImpl - Establishing connection.
2024-05-27 16:21:45 [Twitter Stream consumer /  [1][Establishing connection]] INFO  twitter4j.TwitterStreamImpl - https://stream.twitter.com/1.1/statuses/filter.json
2024-05-27 16:21:45 [Twitter Stream consumer /  [1][Establishing connection]] INFO  twitter4j.TwitterStreamImpl - Waiting for 2000 milliseconds
2024-05-27 16:21:47 [Twitter Stream consumer /  [1][Waiting for 2000 milliseconds]] INFO  twitter4j.TwitterStreamImpl - Establishing connection.
2024-05-27 16:21:48 [Twitter Stream consumer /  [1][Establishing connection]] INFO  twitter4j.TwitterStreamImpl - https://stream.twitter.com/1.1/statuses/filter.json
2024-05-27 16:21:48 [Twitter Stream consumer /  [1][Establishing connection]] INFO  twitter4j.TwitterStreamImpl - Waiting for 4000 milliseconds
2024-05-27 16:21:52 [Twitter Stream consumer /  [1][Waiting for 4000 milliseconds]] INFO  twitter4j.TwitterStreamImpl - Establishing connection.
2024-05-27 16:21:52 [Twitter Stream consumer /  [1][Establishing connection]] INFO  twitter4j.TwitterStreamImpl - https://stream.twitter.com/1.1/statuses/filter.json
2024-05-27 16:21:52 [Twitter Stream consumer /  [1][Establishing connection]] INFO  twitter4j.TwitterStreamImpl - Waiting for 8000 milliseconds
2024-05-27 16:21:56 [SpringContextShutdownHook] INFO  c.m.d.t.k.s.r.i.TwitterKafkaStreamRunner - Closing twitter stream
2024-05-27 16:23:33 [main] INFO  c.m.d.t.k.s.TwitterKafkaServiceApplication - Starting TwitterKafkaServiceApplication on penguin with PID 3271 (/home/kthony/projects/microservices-demo/twitter-to-kafka-service/target/classes started by kthony in /home/kthony/projects/microservices-demo)
2024-05-27 16:23:33 [main] INFO  c.m.d.t.k.s.TwitterKafkaServiceApplication - No active profile set, falling back to default profiles: default
2024-05-27 16:23:34 [main] WARN  o.s.c.a.AnnotationConfigApplicationContext - Exception encountered during context initialization - cancelling refresh attempt: org.springframework.beans.factory.UnsatisfiedDependencyException: Error creating bean with name 'twitterKafkaServiceApplication': Unsatisfied dependency expressed through constructor parameter 1; nested exception is org.springframework.beans.factory.NoSuchBeanDefinitionException: No qualifying bean of type 'com.microservices.demo.twitter.kafka.service.runner.StreamRunner' available: expected at least 1 bean which qualifies as autowire candidate. Dependency annotations: {}
2024-05-27 16:23:34 [main] INFO  o.s.b.a.l.ConditionEvaluationReportLoggingListener - 

Error starting ApplicationContext. To display the conditions report re-run your application with 'debug' enabled.
2024-05-27 16:23:35 [main] ERROR o.s.b.d.LoggingFailureAnalysisReporter - 

***************************
APPLICATION FAILED TO START
***************************

Description:

Parameter 1 of constructor in com.microservices.demo.twitter.kafka.service.TwitterKafkaServiceApplication required a bean of type 'com.microservices.demo.twitter.kafka.service.runner.StreamRunner' that could not be found.


Action:

Consider defining a bean of type 'com.microservices.demo.twitter.kafka.service.runner.StreamRunner' in your configuration.

2024-05-27 16:24:35 [main] INFO  c.m.d.t.k.s.TwitterKafkaServiceApplication - Starting TwitterKafkaServiceApplication on penguin with PID 3363 (/home/kthony/projects/microservices-demo/twitter-to-kafka-service/target/classes started by kthony in /home/kthony/projects/microservices-demo)
2024-05-27 16:24:35 [main] INFO  c.m.d.t.k.s.TwitterKafkaServiceApplication - No active profile set, falling back to default profiles: default
2024-05-27 16:24:36 [main] INFO  c.m.d.t.k.s.TwitterKafkaServiceApplication - Started TwitterKafkaServiceApplication in 2.05 seconds (JVM running for 4.282)
2024-05-27 16:24:36 [main] INFO  c.m.d.t.k.s.TwitterKafkaServiceApplication - Apps Twitter Starts...
2024-05-27 16:24:36 [main] INFO  c.m.d.t.k.s.TwitterKafkaServiceApplication - [Java, Microservices, Spring, Kafka, Elasticsearch]
2024-05-27 16:24:36 [main] INFO  c.m.d.t.k.s.TwitterKafkaServiceApplication - Hello microservices world!
2024-05-27 16:24:36 [main] INFO  c.m.d.t.k.s.r.i.MockKafkaStreamRunner - Starting mock filtering twitter streams for keywords [Java, Microservices, Spring, Kafka, Elasticsearch]
2024-05-27 16:24:37 [pool-1-thread-1] INFO  c.m.d.t.k.s.l.TwitterKafkaStatusListener - Twitter Status with text: Maecenas lectus purus porttitor amet sit Spring ultricies ipsum pulvinar amet
2024-05-27 16:24:38 [pool-1-thread-1] INFO  c.m.d.t.k.s.l.TwitterKafkaStatusListener - Twitter Status with text: ipsum Lorem adipiscing sit Microservices ipsum dolor
2024-05-27 16:24:39 [pool-1-thread-1] INFO  c.m.d.t.k.s.l.TwitterKafkaStatusListener - Twitter Status with text: congue elit congue sit Elasticsearch lectus elit
2024-05-27 16:24:40 [pool-1-thread-1] INFO  c.m.d.t.k.s.l.TwitterKafkaStatusListener - Twitter Status with text: amet Lorem lectus purus dolor Java purus malesuada consectetuer Fusce
2024-05-27 16:24:41 [pool-1-thread-1] INFO  c.m.d.t.k.s.l.TwitterKafkaStatusListener - Twitter Status with text: libero pulvinar dolor Spring adipiscing pulvinar
2024-05-27 16:24:42 [pool-1-thread-1] INFO  c.m.d.t.k.s.l.TwitterKafkaStatusListener - Twitter Status with text: consectetuer sit adipiscing Kafka porttitor dolor
2024-05-27 16:24:43 [pool-1-thread-1] INFO  c.m.d.t.k.s.l.TwitterKafkaStatusListener - Twitter Status with text: porttitor adipiscing libero Java sed lectus
2024-05-27 16:24:44 [pool-1-thread-1] INFO  c.m.d.t.k.s.l.TwitterKafkaStatusListener - Twitter Status with text: posuere sed pulvinar Microservices pulvinar sed
2024-05-27 16:24:45 [pool-1-thread-1] INFO  c.m.d.t.k.s.l.TwitterKafkaStatusListener - Twitter Status with text: sit massa adipiscing Microservices Maecenas libero
2024-05-27 16:24:46 [pool-1-thread-1] INFO  c.m.d.t.k.s.l.TwitterKafkaStatusListener - Twitter Status with text: ultricies dolor magna sit ipsum adipiscing Microservices ultricies sit dolor porttitor
2024-05-27 16:24:47 [pool-1-thread-1] INFO  c.m.d.t.k.s.l.TwitterKafkaStatusListener - Twitter Status with text: lectus ultricies elit Elasticsearch consectetuer Maecenas
2024-05-27 16:24:48 [pool-1-thread-1] INFO  c.m.d.t.k.s.l.TwitterKafkaStatusListener - Twitter Status with text: ipsum libero libero amet ipsum Microservices lectus Maecenas Lorem dolor
2024-05-27 16:24:49 [pool-1-thread-1] INFO  c.m.d.t.k.s.l.TwitterKafkaStatusListener - Twitter Status with text: Lorem posuere Maecenas libero Kafka Lorem elit
2024-05-27 16:24:50 [pool-1-thread-1] INFO  c.m.d.t.k.s.l.TwitterKafkaStatusListener - Twitter Status with text: dolor elit magna Kafka purus Fusce
2024-05-27 16:24:51 [pool-1-thread-1] INFO  c.m.d.t.k.s.l.TwitterKafkaStatusListener - Twitter Status with text: purus ipsum sed Elasticsearch Maecenas Fusce
2024-05-27 16:24:52 [pool-1-thread-1] INFO  c.m.d.t.k.s.l.TwitterKafkaStatusListener - Twitter Status with text: libero sed malesuada massa Microservices pulvinar posuere
2024-05-27 16:24:53 [pool-1-thread-1] INFO  c.m.d.t.k.s.l.TwitterKafkaStatusListener - Twitter Status with text: Fusce ultricies congue dolor consectetuer Microservices dolor adipiscing sed
2024-05-27 16:24:54 [pool-1-thread-1] INFO  c.m.d.t.k.s.l.TwitterKafkaStatusListener - Twitter Status with text: ultricies pulvinar libero massa Maecenas malesuada Microservices purus sed adipiscing dolor
2024-05-27 16:24:55 [pool-1-thread-1] INFO  c.m.d.t.k.s.l.TwitterKafkaStatusListener - Twitter Status with text: amet Lorem elit ultricies Java Lorem posuere
2024-05-27 16:24:56 [pool-1-thread-1] INFO  c.m.d.t.k.s.l.TwitterKafkaStatusListener - Twitter Status with text: posuere libero Lorem pulvinar amet porttitor Java congue magna ipsum Fusce
2024-05-27 16:24:57 [pool-1-thread-1] INFO  c.m.d.t.k.s.l.TwitterKafkaStatusListener - Twitter Status with text: amet magna amet ipsum sed Spring consectetuer Maecenas malesuada
2024-05-27 16:24:58 [pool-1-thread-1] INFO  c.m.d.t.k.s.l.TwitterKafkaStatusListener - Twitter Status with text: ipsum ultricies amet posuere congue Kafka congue Fusce dolor consectetuer
