2024-05-21 14:42:38 [main] INFO  c.m.d.t.k.s.TwitterKafkaServiceApplication - Starting TwitterKafkaServiceApplication on penguin with PID 23527 (/home/kthony/projects/microservices-demo/twitter-to-kafka-service/target/classes started by kthony in /home/kthony/projects/microservices-demo)
2024-05-21 14:42:38 [main] INFO  c.m.d.t.k.s.TwitterKafkaServiceApplication - No active profile set, falling back to default profiles: default
2024-05-21 14:42:39 [main] INFO  c.m.d.t.k.s.TwitterKafkaServiceApplication - Started TwitterKafkaServiceApplication in 1.965 seconds (JVM running for 4.34)
2024-05-21 14:42:39 [main] INFO  c.m.d.t.k.s.TwitterKafkaServiceApplication - Apps Twitter Starts...
2024-05-21 14:42:39 [main] INFO  c.m.d.t.k.s.TwitterKafkaServiceApplication - [Java, Microservices, Spring, Kafka, Elasticsearch]
2024-05-21 14:42:39 [main] INFO  c.m.d.t.k.s.TwitterKafkaServiceApplication - Hello microservices world!
2024-05-21 14:42:39 [main] INFO  o.s.b.a.l.ConditionEvaluationReportLoggingListener - 

Error starting ApplicationContext. To display the conditions report re-run your application with 'debug' enabled.
2024-05-21 14:42:39 [main] ERROR o.s.boot.SpringApplication - Application run failed
java.lang.IllegalStateException: Failed to execute CommandLineRunner
	at org.springframework.boot.SpringApplication.callRunner(SpringApplication.java:798)
	at org.springframework.boot.SpringApplication.callRunners(SpringApplication.java:779)
	at org.springframework.boot.SpringApplication.run(SpringApplication.java:322)
	at org.springframework.boot.SpringApplication.run(SpringApplication.java:1237)
	at org.springframework.boot.SpringApplication.run(SpringApplication.java:1226)
	at com.microservices.demo.twitter.kafka.service.TwitterKafkaServiceApplication.main(TwitterKafkaServiceApplication.java:30)
Caused by: java.lang.IllegalStateException: Authentication credentials are missing. See http://twitter4j.org/en/configuration.html for details. See and register at http://apps.twitter.com/
	at twitter4j.TwitterBaseImpl.ensureAuthorizationEnabled(TwitterBaseImpl.java:219)
	at twitter4j.TwitterStreamImpl.filter(TwitterStreamImpl.java:325)
	at com.microservices.demo.twitter.kafka.service.listener.impl.TwitterKafkaStreamRunner.addFilter(TwitterKafkaStreamRunner.java:50)
	at com.microservices.demo.twitter.kafka.service.listener.impl.TwitterKafkaStreamRunner.start(TwitterKafkaStreamRunner.java:36)
	at com.microservices.demo.twitter.kafka.service.TwitterKafkaServiceApplication.run(TwitterKafkaServiceApplication.java:39)
	at org.springframework.boot.SpringApplication.callRunner(SpringApplication.java:795)
	... 5 common frames omitted
2024-05-21 14:42:39 [main] INFO  c.m.d.t.k.s.l.i.TwitterKafkaStreamRunner - Closing twitter stream
2024-05-21 14:44:02 [main] INFO  c.m.d.t.k.s.TwitterKafkaServiceApplication - Starting TwitterKafkaServiceApplication on penguin with PID 23645 (/home/kthony/projects/microservices-demo/twitter-to-kafka-service/target/classes started by kthony in /home/kthony/projects/microservices-demo)
2024-05-21 14:44:02 [main] INFO  c.m.d.t.k.s.TwitterKafkaServiceApplication - No active profile set, falling back to default profiles: default
2024-05-21 14:44:03 [main] INFO  c.m.d.t.k.s.TwitterKafkaServiceApplication - Started TwitterKafkaServiceApplication in 1.822 seconds (JVM running for 4.291)
2024-05-21 14:44:03 [main] INFO  c.m.d.t.k.s.TwitterKafkaServiceApplication - Apps Twitter Starts...
2024-05-21 14:44:03 [main] INFO  c.m.d.t.k.s.TwitterKafkaServiceApplication - [Java, Microservices, Spring, Kafka, Elasticsearch]
2024-05-21 14:44:03 [main] INFO  c.m.d.t.k.s.TwitterKafkaServiceApplication - Hello microservices world!
2024-05-21 15:08:11 [main] INFO  c.m.d.t.k.s.TwitterKafkaServiceApplication - Starting TwitterKafkaServiceApplication on penguin with PID 24258 (/home/kthony/projects/microservices-demo/twitter-to-kafka-service/target/classes started by kthony in /home/kthony/projects/microservices-demo)
2024-05-21 15:08:11 [main] INFO  c.m.d.t.k.s.TwitterKafkaServiceApplication - No active profile set, falling back to default profiles: default
2024-05-21 15:08:12 [main] INFO  c.m.d.t.k.s.TwitterKafkaServiceApplication - Started TwitterKafkaServiceApplication in 1.887 seconds (JVM running for 4.021)
2024-05-21 15:08:12 [main] INFO  c.m.d.t.k.s.TwitterKafkaServiceApplication - Apps Twitter Starts...
2024-05-21 15:08:12 [main] INFO  c.m.d.t.k.s.TwitterKafkaServiceApplication - [Java, Microservices, Spring, Kafka, Elasticsearch]
2024-05-21 15:08:12 [main] INFO  c.m.d.t.k.s.TwitterKafkaServiceApplication - Hello microservices world!
2024-05-21 15:08:12 [main] INFO  o.s.b.a.l.ConditionEvaluationReportLoggingListener - 

Error starting ApplicationContext. To display the conditions report re-run your application with 'debug' enabled.
2024-05-21 15:08:12 [main] ERROR o.s.boot.SpringApplication - Application run failed
java.lang.IllegalStateException: Failed to execute CommandLineRunner
	at org.springframework.boot.SpringApplication.callRunner(SpringApplication.java:798)
	at org.springframework.boot.SpringApplication.callRunners(SpringApplication.java:779)
	at org.springframework.boot.SpringApplication.run(SpringApplication.java:322)
	at org.springframework.boot.SpringApplication.run(SpringApplication.java:1237)
	at org.springframework.boot.SpringApplication.run(SpringApplication.java:1226)
	at com.microservices.demo.twitter.kafka.service.TwitterKafkaServiceApplication.main(TwitterKafkaServiceApplication.java:31)
Caused by: java.lang.IllegalStateException: Authentication credentials are missing. See http://twitter4j.org/en/configuration.html for details. See and register at http://apps.twitter.com/
	at twitter4j.TwitterBaseImpl.ensureAuthorizationEnabled(TwitterBaseImpl.java:219)
	at twitter4j.TwitterStreamImpl.filter(TwitterStreamImpl.java:325)
	at com.microservices.demo.twitter.kafka.service.listener.impl.TwitterKafkaStreamRunner.addFilter(TwitterKafkaStreamRunner.java:50)
	at com.microservices.demo.twitter.kafka.service.listener.impl.TwitterKafkaStreamRunner.start(TwitterKafkaStreamRunner.java:36)
	at com.microservices.demo.twitter.kafka.service.TwitterKafkaServiceApplication.run(TwitterKafkaServiceApplication.java:40)
	at org.springframework.boot.SpringApplication.callRunner(SpringApplication.java:795)
	... 5 common frames omitted
2024-05-21 15:08:12 [main] INFO  c.m.d.t.k.s.l.i.TwitterKafkaStreamRunner - Closing twitter stream
2024-05-21 21:57:29 [main] INFO  c.m.d.t.k.s.TwitterKafkaServiceApplication - Starting TwitterKafkaServiceApplication on penguin with PID 26584 (/home/kthony/projects/microservices-demo/twitter-to-kafka-service/target/classes started by kthony in /home/kthony/projects/microservices-demo)
2024-05-21 21:57:29 [main] INFO  c.m.d.t.k.s.TwitterKafkaServiceApplication - No active profile set, falling back to default profiles: default
2024-05-21 21:57:30 [main] INFO  c.m.d.t.k.s.TwitterKafkaServiceApplication - Started TwitterKafkaServiceApplication in 2.422 seconds (JVM running for 4.805)
2024-05-21 21:57:30 [main] INFO  c.m.d.t.k.s.TwitterKafkaServiceApplication - Apps Twitter Starts...
2024-05-21 21:57:30 [main] INFO  c.m.d.t.k.s.TwitterKafkaServiceApplication - [Java, Microservices, Spring, Kafka, Elasticsearch]
2024-05-21 21:57:30 [main] INFO  c.m.d.t.k.s.TwitterKafkaServiceApplication - Hello microservices world!
2024-05-21 21:57:30 [main] INFO  o.s.b.a.l.ConditionEvaluationReportLoggingListener - 

Error starting ApplicationContext. To display the conditions report re-run your application with 'debug' enabled.
2024-05-21 21:57:30 [main] ERROR o.s.boot.SpringApplication - Application run failed
java.lang.IllegalStateException: Failed to execute CommandLineRunner
	at org.springframework.boot.SpringApplication.callRunner(SpringApplication.java:798)
	at org.springframework.boot.SpringApplication.callRunners(SpringApplication.java:779)
	at org.springframework.boot.SpringApplication.run(SpringApplication.java:322)
	at org.springframework.boot.SpringApplication.run(SpringApplication.java:1237)
	at org.springframework.boot.SpringApplication.run(SpringApplication.java:1226)
	at com.microservices.demo.twitter.kafka.service.TwitterKafkaServiceApplication.main(TwitterKafkaServiceApplication.java:31)
Caused by: java.lang.IllegalStateException: Authentication credentials are missing. See http://twitter4j.org/en/configuration.html for details. See and register at http://apps.twitter.com/
	at twitter4j.TwitterBaseImpl.ensureAuthorizationEnabled(TwitterBaseImpl.java:219)
	at twitter4j.TwitterStreamImpl.filter(TwitterStreamImpl.java:325)
	at com.microservices.demo.twitter.kafka.service.listener.impl.TwitterKafkaStreamRunner.addFilter(TwitterKafkaStreamRunner.java:50)
	at com.microservices.demo.twitter.kafka.service.listener.impl.TwitterKafkaStreamRunner.start(TwitterKafkaStreamRunner.java:36)
	at com.microservices.demo.twitter.kafka.service.TwitterKafkaServiceApplication.run(TwitterKafkaServiceApplication.java:40)
	at org.springframework.boot.SpringApplication.callRunner(SpringApplication.java:795)
	... 5 common frames omitted
2024-05-21 21:57:30 [main] INFO  c.m.d.t.k.s.l.i.TwitterKafkaStreamRunner - Closing twitter stream
2024-05-21 23:58:32 [main] INFO  c.m.d.t.k.s.TwitterKafkaServiceApplication - Starting TwitterKafkaServiceApplication on penguin with PID 32123 (/home/kthony/projects/microservices-demo/twitter-to-kafka-service/target/classes started by kthony in /home/kthony/projects/microservices-demo)
2024-05-21 23:58:32 [main] INFO  c.m.d.t.k.s.TwitterKafkaServiceApplication - No active profile set, falling back to default profiles: default
2024-05-21 23:58:33 [main] WARN  o.s.c.a.AnnotationConfigApplicationContext - Exception encountered during context initialization - cancelling refresh attempt: org.springframework.beans.factory.UnsatisfiedDependencyException: Error creating bean with name 'twitterKafkaServiceApplication': Unsatisfied dependency expressed through constructor parameter 1; nested exception is org.springframework.beans.factory.NoUniqueBeanDefinitionException: No qualifying bean of type 'com.microservices.demo.twitter.kafka.service.runner.StreamRunner' available: expected single matching bean but found 2: twitterKafkaStreamRunner,twitterV2KafkaStreamRunner
2024-05-21 23:58:33 [main] INFO  o.s.b.a.l.ConditionEvaluationReportLoggingListener - 

Error starting ApplicationContext. To display the conditions report re-run your application with 'debug' enabled.
2024-05-21 23:58:33 [main] ERROR o.s.b.d.LoggingFailureAnalysisReporter - 

***************************
APPLICATION FAILED TO START
***************************

Description:

Parameter 1 of constructor in com.microservices.demo.twitter.kafka.service.TwitterKafkaServiceApplication required a single bean, but 2 were found:
	- twitterKafkaStreamRunner: defined in file [/home/kthony/projects/microservices-demo/twitter-to-kafka-service/target/classes/com/microservices/demo/twitter/kafka/service/runner/impl/TwitterKafkaStreamRunner.class]
	- twitterV2KafkaStreamRunner: defined in file [/home/kthony/projects/microservices-demo/twitter-to-kafka-service/target/classes/com/microservices/demo/twitter/kafka/service/runner/impl/TwitterV2KafkaStreamRunner.class]


Action:

Consider marking one of the beans as @Primary, updating the consumer to accept multiple beans, or using @Qualifier to identify the bean that should be consumed

