2024-07-22 20:35:19 [background-preinit] INFO  o.h.validator.internal.util.Version - HV000001: Hibernate Validator 6.2.0.Final
2024-07-22 20:35:20 [main] INFO  c.m.demo.config.server.ConfigServer - Starting ConfigServer v0.0.1-SNAPSHOT using Java 11.0.19 on 3025436527a0 with PID 1 (/workspace/BOOT-INF/classes started by cnb in /workspace)
2024-07-22 20:35:20 [main] INFO  c.m.demo.config.server.ConfigServer - No active profile set, falling back to default profiles: default
2024-07-22 20:35:45 [main] INFO  o.s.cloud.context.scope.GenericScope - BeanFactory id=f501f3ed-1186-3f12-afe5-a1fc266e8de5
2024-07-22 20:35:49 [main] INFO  o.s.b.w.e.tomcat.TomcatWebServer - Tomcat initialized with port(s): 8888 (http)
2024-07-22 20:35:49 [main] INFO  o.a.coyote.http11.Http11NioProtocol - Initializing ProtocolHandler ["http-nio-8888"]
2024-07-22 20:35:49 [main] INFO  o.a.catalina.core.StandardService - Starting service [Tomcat]
2024-07-22 20:35:49 [main] INFO  o.a.catalina.core.StandardEngine - Starting Servlet engine: [Apache Tomcat/9.0.50]
2024-07-22 20:35:50 [main] INFO  o.a.c.c.C.[Tomcat].[localhost].[/] - Initializing Spring embedded WebApplicationContext
2024-07-22 20:35:50 [main] INFO  o.s.b.w.s.c.ServletWebServerApplicationContext - Root WebApplicationContext: initialization completed in 27515 ms
2024-07-22 20:36:03 [main] DEBUG o.s.c.c.s.s.GitCredentialsProviderFactory - Constructing UsernamePasswordCredentialsProvider for URI https://github.com/kelsonthony/spring-cloud-config-server-repository
2024-07-22 20:36:17 [main] INFO  o.s.s.web.DefaultSecurityFilterChain - Will secure Ant [pattern='/actuator/**'] with []
2024-07-22 20:36:17 [main] INFO  o.s.s.web.DefaultSecurityFilterChain - Will secure Ant [pattern='/encrypt/**'] with []
2024-07-22 20:36:17 [main] INFO  o.s.s.web.DefaultSecurityFilterChain - Will secure Ant [pattern='/decrypt/**'] with []
2024-07-22 20:36:18 [main] INFO  o.s.s.web.DefaultSecurityFilterChain - Will secure any request with [org.springframework.security.web.context.request.async.WebAsyncManagerIntegrationFilter@5bf7f15f, org.springframework.security.web.context.SecurityContextPersistenceFilter@46de118b, org.springframework.security.web.header.HeaderWriterFilter@684b26b7, org.springframework.security.web.csrf.CsrfFilter@7c682e26, org.springframework.security.web.authentication.logout.LogoutFilter@35524549, org.springframework.security.web.authentication.UsernamePasswordAuthenticationFilter@708f7386, org.springframework.security.web.authentication.ui.DefaultLoginPageGeneratingFilter@2374452a, org.springframework.security.web.authentication.ui.DefaultLogoutPageGeneratingFilter@14b26e90, org.springframework.security.web.authentication.www.BasicAuthenticationFilter@3dec79f8, org.springframework.security.web.savedrequest.RequestCacheAwareFilter@10cb050, org.springframework.security.web.servletapi.SecurityContextHolderAwareRequestFilter@186f7434, org.springframework.security.web.authentication.AnonymousAuthenticationFilter@11309dd4, org.springframework.security.web.session.SessionManagementFilter@4182a651, org.springframework.security.web.access.ExceptionTranslationFilter@32dbca45, org.springframework.security.web.access.intercept.FilterSecurityInterceptor@3573e19d]
2024-07-22 20:36:19 [main] INFO  o.s.b.a.e.web.EndpointLinksResolver - Exposing 1 endpoint(s) beneath base path '/actuator'
2024-07-22 20:36:19 [main] INFO  o.a.coyote.http11.Http11NioProtocol - Starting ProtocolHandler ["http-nio-8888"]
2024-07-22 20:36:19 [main] INFO  o.s.b.w.e.tomcat.TomcatWebServer - Tomcat started on port(s): 8888 (http) with context path ''
2024-07-22 20:36:19 [main] INFO  c.m.demo.config.server.ConfigServer - Started ConfigServer in 76.028 seconds (JVM running for 85.658)
2024-07-22 20:36:20 [http-nio-8888-exec-1] INFO  o.a.c.c.C.[Tomcat].[localhost].[/] - Initializing Spring DispatcherServlet 'dispatcherServlet'
2024-07-22 20:36:20 [http-nio-8888-exec-1] INFO  o.s.web.servlet.DispatcherServlet - Initializing Servlet 'dispatcherServlet'
2024-07-22 20:36:20 [http-nio-8888-exec-1] INFO  o.s.web.servlet.DispatcherServlet - Completed initialization in 36 ms
2024-07-22 20:36:21 [http-nio-8888-exec-1] DEBUG o.s.c.c.s.s.GitCredentialsProviderFactory - Constructing UsernamePasswordCredentialsProvider for URI https://github.com/kelsonthony/spring-cloud-config-server-repository
2024-07-22 20:36:23 [http-nio-8888-exec-2] DEBUG o.s.c.c.s.s.GitCredentialsProviderFactory - Constructing UsernamePasswordCredentialsProvider for URI https://github.com/kelsonthony/spring-cloud-config-server-repository
2024-07-22 20:36:23 [http-nio-8888-exec-3] DEBUG o.s.c.c.s.s.GitCredentialsProviderFactory - Constructing UsernamePasswordCredentialsProvider for URI https://github.com/kelsonthony/spring-cloud-config-server-repository
2024-07-22 20:50:48 [main] INFO  c.m.demo.config.server.ConfigServer - Starting ConfigServer v0.0.1-SNAPSHOT using Java 11.0.19 on 3025436527a0 with PID 1 (/workspace/BOOT-INF/classes started by cnb in /workspace)
2024-07-22 20:50:48 [main] INFO  c.m.demo.config.server.ConfigServer - No active profile set, falling back to default profiles: default
2024-07-22 20:50:49 [background-preinit] INFO  o.h.validator.internal.util.Version - HV000001: Hibernate Validator 6.2.0.Final
2024-07-22 20:51:08 [main] INFO  o.s.cloud.context.scope.GenericScope - BeanFactory id=f501f3ed-1186-3f12-afe5-a1fc266e8de5
2024-07-22 20:51:14 [main] INFO  o.s.b.w.e.tomcat.TomcatWebServer - Tomcat initialized with port(s): 8888 (http)
2024-07-22 20:51:14 [main] INFO  o.a.coyote.http11.Http11NioProtocol - Initializing ProtocolHandler ["http-nio-8888"]
2024-07-22 20:51:14 [main] INFO  o.a.catalina.core.StandardService - Starting service [Tomcat]
2024-07-22 20:51:14 [main] INFO  o.a.catalina.core.StandardEngine - Starting Servlet engine: [Apache Tomcat/9.0.50]
2024-07-22 20:51:15 [main] INFO  o.a.c.c.C.[Tomcat].[localhost].[/] - Initializing Spring embedded WebApplicationContext
2024-07-22 20:51:15 [main] INFO  o.s.b.w.s.c.ServletWebServerApplicationContext - Root WebApplicationContext: initialization completed in 25316 ms
2024-07-22 20:51:29 [main] DEBUG o.s.c.c.s.s.GitCredentialsProviderFactory - Constructing UsernamePasswordCredentialsProvider for URI https://github.com/kelsonthony/spring-cloud-config-server-repository
2024-07-22 20:51:43 [main] INFO  o.s.s.web.DefaultSecurityFilterChain - Will secure Ant [pattern='/actuator/**'] with []
2024-07-22 20:51:43 [main] INFO  o.s.s.web.DefaultSecurityFilterChain - Will secure Ant [pattern='/encrypt/**'] with []
2024-07-22 20:51:43 [main] INFO  o.s.s.web.DefaultSecurityFilterChain - Will secure Ant [pattern='/decrypt/**'] with []
2024-07-22 20:51:43 [main] INFO  o.s.s.web.DefaultSecurityFilterChain - Will secure any request with [org.springframework.security.web.context.request.async.WebAsyncManagerIntegrationFilter@5ec6a1b6, org.springframework.security.web.context.SecurityContextPersistenceFilter@14af73e1, org.springframework.security.web.header.HeaderWriterFilter@2295566b, org.springframework.security.web.csrf.CsrfFilter@19924f15, org.springframework.security.web.authentication.logout.LogoutFilter@fceab5d, org.springframework.security.web.authentication.UsernamePasswordAuthenticationFilter@5cfa2ac5, org.springframework.security.web.authentication.ui.DefaultLoginPageGeneratingFilter@2f166d61, org.springframework.security.web.authentication.ui.DefaultLogoutPageGeneratingFilter@40013051, org.springframework.security.web.authentication.www.BasicAuthenticationFilter@3b25709e, org.springframework.security.web.savedrequest.RequestCacheAwareFilter@24068086, org.springframework.security.web.servletapi.SecurityContextHolderAwareRequestFilter@7fb82f73, org.springframework.security.web.authentication.AnonymousAuthenticationFilter@71f29d91, org.springframework.security.web.session.SessionManagementFilter@53a09566, org.springframework.security.web.access.ExceptionTranslationFilter@1d1b3620, org.springframework.security.web.access.intercept.FilterSecurityInterceptor@e993715]
2024-07-22 20:51:44 [main] INFO  o.s.b.a.e.web.EndpointLinksResolver - Exposing 1 endpoint(s) beneath base path '/actuator'
2024-07-22 20:51:44 [main] INFO  o.a.coyote.http11.Http11NioProtocol - Starting ProtocolHandler ["http-nio-8888"]
2024-07-22 20:51:44 [main] INFO  o.s.b.w.e.tomcat.TomcatWebServer - Tomcat started on port(s): 8888 (http) with context path ''
2024-07-22 20:51:45 [main] INFO  c.m.demo.config.server.ConfigServer - Started ConfigServer in 73.758 seconds (JVM running for 83.254)
2024-07-22 20:51:46 [http-nio-8888-exec-2] INFO  o.a.c.c.C.[Tomcat].[localhost].[/] - Initializing Spring DispatcherServlet 'dispatcherServlet'
2024-07-22 20:51:46 [http-nio-8888-exec-2] INFO  o.s.web.servlet.DispatcherServlet - Initializing Servlet 'dispatcherServlet'
2024-07-22 20:51:46 [http-nio-8888-exec-2] INFO  o.s.web.servlet.DispatcherServlet - Completed initialization in 45 ms
2024-07-22 20:51:47 [http-nio-8888-exec-2] DEBUG o.s.c.c.s.s.GitCredentialsProviderFactory - Constructing UsernamePasswordCredentialsProvider for URI https://github.com/kelsonthony/spring-cloud-config-server-repository
2024-07-22 20:51:48 [http-nio-8888-exec-3] DEBUG o.s.c.c.s.s.GitCredentialsProviderFactory - Constructing UsernamePasswordCredentialsProvider for URI https://github.com/kelsonthony/spring-cloud-config-server-repository
2024-07-22 20:51:49 [http-nio-8888-exec-1] DEBUG o.s.c.c.s.s.GitCredentialsProviderFactory - Constructing UsernamePasswordCredentialsProvider for URI https://github.com/kelsonthony/spring-cloud-config-server-repository
2024-07-22 20:52:09 [http-nio-8888-exec-4] DEBUG o.s.c.c.s.s.GitCredentialsProviderFactory - Constructing UsernamePasswordCredentialsProvider for URI https://github.com/kelsonthony/spring-cloud-config-server-repository
2024-07-22 20:52:10 [http-nio-8888-exec-4] INFO  o.s.c.c.s.e.NativeEnvironmentRepository - Adding property source: Config resource 'file [/tmp/config-repo-6055524758624217325/config-client-twitter_to_kafka.yml]' via location 'file:/tmp/config-repo-6055524758624217325/'
2024-07-22 20:52:10 [http-nio-8888-exec-4] INFO  o.s.c.c.s.e.NativeEnvironmentRepository - Adding property source: Config resource 'file [/tmp/config-repo-6055524758624217325/config-client.yml]' via location 'file:/tmp/config-repo-6055524758624217325/'
2024-07-22 20:52:10 [http-nio-8888-exec-5] DEBUG o.s.c.c.s.s.GitCredentialsProviderFactory - Constructing UsernamePasswordCredentialsProvider for URI https://github.com/kelsonthony/spring-cloud-config-server-repository
2024-07-22 20:52:11 [http-nio-8888-exec-5] INFO  o.s.c.c.s.e.NativeEnvironmentRepository - Adding property source: Config resource 'file [/tmp/config-repo-6055524758624217325/config-client-elastic_query.yml]' via location 'file:/tmp/config-repo-6055524758624217325/'
2024-07-22 20:52:11 [http-nio-8888-exec-5] INFO  o.s.c.c.s.e.NativeEnvironmentRepository - Adding property source: Config resource 'file [/tmp/config-repo-6055524758624217325/config-client.yml]' via location 'file:/tmp/config-repo-6055524758624217325/'
2024-07-22 20:52:12 [http-nio-8888-exec-6] DEBUG o.s.c.c.s.s.GitCredentialsProviderFactory - Constructing UsernamePasswordCredentialsProvider for URI https://github.com/kelsonthony/spring-cloud-config-server-repository
2024-07-22 20:52:12 [http-nio-8888-exec-6] INFO  o.s.c.c.s.e.NativeEnvironmentRepository - Adding property source: Config resource 'file [/tmp/config-repo-6055524758624217325/config-client-elastic_query.yml]' via location 'file:/tmp/config-repo-6055524758624217325/'
2024-07-22 20:52:12 [http-nio-8888-exec-6] INFO  o.s.c.c.s.e.NativeEnvironmentRepository - Adding property source: Config resource 'file [/tmp/config-repo-6055524758624217325/config-client.yml]' via location 'file:/tmp/config-repo-6055524758624217325/'
2024-07-22 20:53:01 [http-nio-8888-exec-9] DEBUG o.s.c.c.s.s.GitCredentialsProviderFactory - Constructing UsernamePasswordCredentialsProvider for URI https://github.com/kelsonthony/spring-cloud-config-server-repository
2024-07-22 20:53:02 [http-nio-8888-exec-9] INFO  o.s.c.c.s.e.NativeEnvironmentRepository - Adding property source: Config resource 'file [/tmp/config-repo-6055524758624217325/config-client-kafka_to_elastic.yml]' via location 'file:/tmp/config-repo-6055524758624217325/'
2024-07-22 20:53:02 [http-nio-8888-exec-9] INFO  o.s.c.c.s.e.NativeEnvironmentRepository - Adding property source: Config resource 'file [/tmp/config-repo-6055524758624217325/config-client.yml]' via location 'file:/tmp/config-repo-6055524758624217325/'
