2024-07-25 17:06:17 [main] INFO  c.m.d.r.e.w.c.ReactiveElasticQueryWebClientApplication - Starting ReactiveElasticQueryWebClientApplication using Java 11.0.23 on kelsonthony with PID 159522 (/home/kelson/projects/microservices-demo/reactive-elastic-web-client/target/classes started by kelson in /home/kelson/projects/microservices-demo)
2024-07-25 17:06:17 [main] INFO  c.m.d.r.e.w.c.ReactiveElasticQueryWebClientApplication - The following profiles are active: reactive_elastic_query_web
2024-07-25 17:06:17 [background-preinit] INFO  o.h.validator.internal.util.Version - HV000001: Hibernate Validator 6.2.0.Final
2024-07-25 17:06:17 [main] INFO  o.s.b.c.config.ConfigDataLoader - Fetching config from server at : http://localhost:8888
2024-07-25 17:06:17 [main] INFO  o.s.b.c.config.ConfigDataLoader - Located environment: name=reactive-elastic-query-web-client,config-client, profiles=[reactive_elastic_query_web], label=null, version=29bf77d9f392405ef43c0d635e6f63c62e1cb1e8, state=null
2024-07-25 17:06:18 [main] INFO  o.s.cloud.context.scope.GenericScope - BeanFactory id=e933b252-569a-3b94-9f7b-510da4ea11ec
2024-07-25 17:06:19 [main] WARN  o.s.b.w.r.c.AnnotationConfigReactiveWebServerApplicationContext - Exception encountered during context initialization - cancelling refresh attempt: org.springframework.beans.factory.UnsatisfiedDependencyException: Error creating bean with name 'queryController' defined in file [/home/kelson/projects/microservices-demo/reactive-elastic-web-client/target/classes/com/microservices/demo/reactive/elastic/web/client/api/QueryController.class]: Unsatisfied dependency expressed through constructor parameter 0; nested exception is org.springframework.beans.factory.UnsatisfiedDependencyException: Error creating bean with name 'twitterElasticQueryWebClient' defined in file [/home/kelson/projects/microservices-demo/reactive-elastic-web-client/target/classes/com/microservices/demo/reactive/elastic/web/client/service/impl/TwitterElasticQueryWebClient.class]: Unsatisfied dependency expressed through constructor parameter 0; nested exception is org.springframework.beans.factory.UnsatisfiedDependencyException: Error creating bean with name 'webClientConfig' defined in file [/home/kelson/projects/microservices-demo/reactive-elastic-web-client/target/classes/com/microservices/demo/reactive/elastic/web/client/config/WebClientConfig.class]: Unsatisfied dependency expressed through constructor parameter 0; nested exception is org.springframework.beans.factory.NoSuchBeanDefinitionException: No qualifying bean of type 'com.microservices.demo.config.ElasticQueryWebClientConfigData$WebClient' available: expected at least 1 bean which qualifies as autowire candidate. Dependency annotations: {}
2024-07-25 17:06:19 [main] INFO  o.s.b.a.l.ConditionEvaluationReportLoggingListener - 

Error starting ApplicationContext. To display the conditions report re-run your application with 'debug' enabled.
2024-07-25 17:06:19 [main] ERROR o.s.b.d.LoggingFailureAnalysisReporter - 

***************************
APPLICATION FAILED TO START
***************************

Description:

Parameter 0 of constructor in com.microservices.demo.reactive.elastic.web.client.config.WebClientConfig required a bean of type 'com.microservices.demo.config.ElasticQueryWebClientConfigData$WebClient' that could not be found.


Action:

Consider defining a bean of type 'com.microservices.demo.config.ElasticQueryWebClientConfigData$WebClient' in your configuration.

2024-07-25 17:11:16 [main] INFO  c.m.d.r.e.w.c.ReactiveElasticQueryWebClientApplication - Starting ReactiveElasticQueryWebClientApplication using Java 11.0.23 on kelsonthony with PID 160856 (/home/kelson/projects/microservices-demo/reactive-elastic-web-client/target/classes started by kelson in /home/kelson/projects/microservices-demo)
2024-07-25 17:11:16 [main] INFO  c.m.d.r.e.w.c.ReactiveElasticQueryWebClientApplication - The following profiles are active: reactive_elastic_query_web
2024-07-25 17:11:16 [background-preinit] INFO  o.h.validator.internal.util.Version - HV000001: Hibernate Validator 6.2.0.Final
2024-07-25 17:11:16 [main] INFO  o.s.b.c.config.ConfigDataLoader - Fetching config from server at : http://localhost:8888
2024-07-25 17:11:16 [main] INFO  o.s.b.c.config.ConfigDataLoader - Located environment: name=reactive-elastic-query-web-client,config-client, profiles=[reactive_elastic_query_web], label=null, version=29bf77d9f392405ef43c0d635e6f63c62e1cb1e8, state=null
2024-07-25 17:11:17 [main] INFO  o.s.cloud.context.scope.GenericScope - BeanFactory id=e933b252-569a-3b94-9f7b-510da4ea11ec
2024-07-25 17:11:17 [main] INFO  o.s.b.a.s.r.ReactiveUserDetailsServiceAutoConfiguration - 

Using generated security password: 8cdc824e-5dfb-4b3b-93ee-6ed20fe5d7db

2024-07-25 17:11:18 [main] INFO  o.s.b.w.e.netty.NettyWebServer - Netty started on port 8184
2024-07-25 17:11:18 [main] INFO  c.m.d.r.e.w.c.ReactiveElasticQueryWebClientApplication - Started ReactiveElasticQueryWebClientApplication in 4.001 seconds (JVM running for 5.34)
2024-07-25 17:12:22 [reactor-http-epoll-2] INFO  c.m.d.r.e.w.c.s.i.TwitterElasticQueryWebClient - Querying by test kafka
2024-07-25 17:12:22 [reactor-http-epoll-2] INFO  c.m.d.r.e.w.c.api.QueryController - Returning from reactive client controller for text kafka !
2024-07-25 17:12:22 [reactor-http-epoll-2] INFO  reactor.Flux.MonoFlatMapMany.3 - onSubscribe(MonoFlatMapMany.FlatMapManyMain)
2024-07-25 17:12:22 [reactor-http-epoll-2] INFO  reactor.Flux.MonoFlatMapMany.3 - request(31)
2024-07-25 17:12:24 [reactor-tcp-epoll-2] INFO  reactor.Flux.MonoFlatMapMany.3 - onNext(ElasticQueryWebClientResponseModel(id=5425481685446762755, userId=6020881088176802410, text=amet ipsum ultricies Kafka pulvinar Maecenas, createdAt=2024-07-23T01:47:23Z[UTC]))
2024-07-25 17:12:24 [reactor-tcp-epoll-2] INFO  reactor.Flux.MonoFlatMapMany.3 - onNext(ElasticQueryWebClientResponseModel(id=6553616039405919268, userId=1611899363144578826, text=porttitor ipsum sed Kafka amet ultricies, createdAt=2024-07-23T01:47:33Z[UTC]))
2024-07-25 17:12:25 [reactor-tcp-epoll-2] INFO  reactor.Flux.MonoFlatMapMany.3 - onNext(ElasticQueryWebClientResponseModel(id=2192627800205026383, userId=4285873138435567906, text=lectus porttitor magna Kafka Lorem posuere, createdAt=2024-07-23T02:20:53Z[UTC]))
2024-07-25 17:12:25 [reactor-tcp-epoll-2] INFO  reactor.Flux.MonoFlatMapMany.3 - onNext(ElasticQueryWebClientResponseModel(id=2016410902694091551, userId=702590162405042905, text=dolor ultricies dolor Kafka consectetuer dolor, createdAt=2024-07-23T02:30:33Z[UTC]))
2024-07-25 17:12:26 [reactor-tcp-epoll-2] INFO  reactor.Flux.MonoFlatMapMany.3 - onNext(ElasticQueryWebClientResponseModel(id=7138920512373763463, userId=4702373758927908068, text=magna ipsum lectus Kafka sit Maecenas, createdAt=2024-07-23T02:36:33Z[UTC]))
2024-07-25 17:12:26 [reactor-tcp-epoll-2] INFO  reactor.Flux.MonoFlatMapMany.3 - onNext(ElasticQueryWebClientResponseModel(id=1487418751401868546, userId=1973563380702234447, text=posuere adipiscing Maecenas Kafka Lorem posuere, createdAt=2024-07-23T02:41:43Z[UTC]))
2024-07-25 17:12:27 [reactor-tcp-epoll-2] INFO  reactor.Flux.MonoFlatMapMany.3 - onNext(ElasticQueryWebClientResponseModel(id=8629136946515120494, userId=5873206504008941744, text=congue Lorem adipiscing Kafka dolor malesuada, createdAt=2024-07-23T03:31:14Z[UTC]))
2024-07-25 17:12:27 [reactor-tcp-epoll-2] INFO  reactor.Flux.MonoFlatMapMany.3 - onNext(ElasticQueryWebClientResponseModel(id=4329918532412294020, userId=7969671958992063512, text=adipiscing libero massa Kafka adipiscing porttitor, createdAt=2024-07-23T03:44:24Z[UTC]))
2024-07-25 17:12:28 [reactor-tcp-epoll-2] INFO  reactor.Flux.MonoFlatMapMany.3 - onNext(ElasticQueryWebClientResponseModel(id=2039046098570963182, userId=6460560940972850200, text=lectus Lorem porttitor Kafka porttitor congue, createdAt=2024-07-23T03:53:34Z[UTC]))
2024-07-25 17:12:28 [reactor-tcp-epoll-2] INFO  reactor.Flux.MonoFlatMapMany.3 - onNext(ElasticQueryWebClientResponseModel(id=6246386820664788357, userId=3822363800452229738, text=sed posuere posuere Kafka adipiscing magna, createdAt=2024-07-23T04:12:04Z[UTC]))
2024-07-25 17:12:29 [reactor-tcp-epoll-2] INFO  reactor.Flux.MonoFlatMapMany.3 - onNext(ElasticQueryWebClientResponseModel(id=8183267260507376837, userId=766864692234940753, text=massa libero massa Kafka posuere porttitor, createdAt=2024-07-23T04:18:14Z[UTC]))
2024-07-25 17:12:29 [reactor-tcp-epoll-2] INFO  reactor.Flux.MonoFlatMapMany.3 - onNext(ElasticQueryWebClientResponseModel(id=1572736464609668664, userId=4067908806761669308, text=Fusce magna libero Kafka Maecenas Maecenas, createdAt=2024-07-23T04:54:34Z[UTC]))
2024-07-25 17:12:30 [reactor-tcp-epoll-2] INFO  reactor.Flux.MonoFlatMapMany.3 - onNext(ElasticQueryWebClientResponseModel(id=1570114691310255666, userId=2635792570481981287, text=ipsum posuere ipsum Kafka sit Maecenas, createdAt=2024-07-23T05:00:14Z[UTC]))
2024-07-25 17:12:30 [reactor-tcp-epoll-2] INFO  reactor.Flux.MonoFlatMapMany.3 - onNext(ElasticQueryWebClientResponseModel(id=1127530567303597176, userId=4555457258467637658, text=Fusce porttitor congue Kafka sit massa, createdAt=2024-07-23T05:11:54Z[UTC]))
2024-07-25 17:12:31 [reactor-tcp-epoll-2] INFO  reactor.Flux.MonoFlatMapMany.3 - onNext(ElasticQueryWebClientResponseModel(id=257111639860749054, userId=5416361741508072864, text=posuere ipsum Lorem Kafka massa massa, createdAt=2024-07-23T05:20:34Z[UTC]))
2024-07-25 17:12:31 [reactor-tcp-epoll-2] INFO  reactor.Flux.MonoFlatMapMany.3 - onNext(ElasticQueryWebClientResponseModel(id=2363949946159058861, userId=208576164091562966, text=sed elit purus Kafka adipiscing lectus, createdAt=2024-07-23T05:43:24Z[UTC]))
2024-07-25 17:12:32 [reactor-tcp-epoll-2] INFO  reactor.Flux.MonoFlatMapMany.3 - onNext(ElasticQueryWebClientResponseModel(id=1075372899890360847, userId=5747061203758114628, text=malesuada sed libero Kafka consectetuer congue, createdAt=2024-07-23T06:01:25Z[UTC]))
2024-07-25 17:12:32 [reactor-tcp-epoll-2] INFO  reactor.Flux.MonoFlatMapMany.3 - onNext(ElasticQueryWebClientResponseModel(id=6711513915499430378, userId=9064050419723211532, text=amet adipiscing lectus Kafka massa ultricies, createdAt=2024-07-23T06:01:15Z[UTC]))
2024-07-25 17:12:33 [reactor-tcp-epoll-2] INFO  reactor.Flux.MonoFlatMapMany.3 - onNext(ElasticQueryWebClientResponseModel(id=3362588837739103500, userId=6413669509244132994, text=magna porttitor adipiscing Kafka massa sed, createdAt=2024-07-23T06:05:05Z[UTC]))
2024-07-25 17:12:33 [reactor-tcp-epoll-2] INFO  reactor.Flux.MonoFlatMapMany.3 - onNext(ElasticQueryWebClientResponseModel(id=6131802407826770725, userId=6948149086568114417, text=posuere sed amet Kafka malesuada malesuada, createdAt=2024-07-23T06:04:15Z[UTC]))
2024-07-25 17:12:34 [reactor-tcp-epoll-2] INFO  reactor.Flux.MonoFlatMapMany.3 - onNext(ElasticQueryWebClientResponseModel(id=3041487461864315433, userId=4367511127393197164, text=posuere libero Lorem Kafka magna Lorem, createdAt=2024-07-23T06:03:45Z[UTC]))
2024-07-25 17:12:34 [reactor-tcp-epoll-2] INFO  reactor.Flux.MonoFlatMapMany.3 - onNext(ElasticQueryWebClientResponseModel(id=7591374304650524134, userId=5731424888423083195, text=adipiscing pulvinar posuere Kafka malesuada posuere, createdAt=2024-07-23T06:28:05Z[UTC]))
2024-07-25 17:12:35 [reactor-tcp-epoll-2] INFO  reactor.Flux.MonoFlatMapMany.3 - onNext(ElasticQueryWebClientResponseModel(id=5508401506273215734, userId=7270518769248484522, text=Lorem libero dolor Kafka ultricies ipsum, createdAt=2024-07-23T06:27:45Z[UTC]))
2024-07-25 17:12:35 [reactor-tcp-epoll-2] INFO  reactor.Flux.MonoFlatMapMany.3 - request(24)
2024-07-25 17:12:35 [reactor-tcp-epoll-2] INFO  reactor.Flux.MonoFlatMapMany.3 - onNext(ElasticQueryWebClientResponseModel(id=466984131470490273, userId=8567442843494453962, text=malesuada sit pulvinar Kafka malesuada purus, createdAt=2024-07-23T07:09:55Z[UTC]))
2024-07-25 17:12:36 [reactor-http-epoll-2] INFO  reactor.Flux.MonoFlatMapMany.3 - cancel()
